C51 COMPILER V9.54   MAIN                                                                  04/05/2026 00:23:50 PAGE 1   


C51 COMPILER V9.54, COMPILATION OF MODULE MAIN
OBJECT MODULE PLACED IN .\Objects\main.obj
COMPILER INVOKED BY: C:\Keil_v5\C51\BIN\C51.EXE main.c OPTIMIZE(8,SPEED) BROWSE DEBUG OBJECTEXTEND PRINT(.\Listings\main
                    -.lst) OBJECT(.\Objects\main.obj)

line level    source

   1          #include <REGX52.H>
   2          #include <INTRINS.H>
   3          #include "Delay.h"
   4          
   5          #define MAX_TASKS 2 //表示有两个任务
   6          #define MAX_TASK_DEP 32//表示栈的深度
   7          
   8          unsigned char idata task_sp[MAX_TASKS];//任务的堆栈指针（存任务的）
   9          unsigned char idata task_stack[MAX_TASKS][MAX_TASK_DEP];//每个task任务的堆栈
  10          unsigned char task_id;//当前任务号
  11          
  12          //task_sp数组存储每个任务的堆栈指针（SP），task_stack是每个任务的堆栈区域（每个32字节）
  13          
  14          void task_switch(void);
  15          void task0(void);
  16          void task1(void);
  17          void task_load(unsigned int fn,unsigned char tid);
  18          
  19          void main()
  20          {
  21   1                task_load(task0,0);
  22   1                task_load(task1,1);
  23   1                task_id = 0;
  24   1                SP=task_sp[0];
  25   1      }
  26          //任务切换
  27          void task_switch()
  28          {
  29   1          task_sp[task_id]=SP;
  30   1              //保存当前任务的SP到task_sp[task_id]，然后切换到下一个任务（循环0->1->0），设置SP为下一个任务的堆栈指针。
  31   1              task_id=task_id+1;
  32   1              if(task_id==MAX_TASKS)
  33   1              {
  34   2                task_id=0;
  35   2              }
  36   1              SP=task_sp[task_id];
  37   1      }
  38          
  39          void task0()
  40          {
  41   1              P2_0=0;
  42   1        while(1)
  43   1              {
  44   2                      Delay(10000);
  45   2                      P2_0=~P2_0;
  46   2                      task_switch();
  47   2                      P2_0=~P2_0;
  48   2                      Delay(100);
  49   2                      P2_0=~P2_0;
  50   2                      Delay(100);
  51   2                      P2_0=~P2_0;
  52   2                      Delay(100);
  53   2                      P2_0=~P2_0;
  54   2                      Delay(100);
C51 COMPILER V9.54   MAIN                                                                  04/05/2026 00:23:50 PAGE 2   

  55   2                      P2_0=~P2_0;
  56   2                      Delay(100);
  57   2                      P2_0=~P2_0;
  58   2                      Delay(100);
  59   2                      P2_0=~P2_0;
  60   2                      Delay(100);
  61   2                      P2_0=~P2_0;
  62   2                      Delay(100);
  63   2                      P2_0=~P2_0;
  64   2                      Delay(100);
  65   2                      P2_0=~P2_0;
  66   2                      Delay(100);
  67   2                      P2_0=~P2_0;
  68   2                      //Delay(500);
  69   2                      
  70   2              }
  71   1      }
  72          
  73          void task1()
  74          {
  75   1              P2_7=0;
  76   1        while(1)
  77   1              {
  78   2                      Delay(1000);
  79   2                      P2_7=~P2_7;
  80   2                      task_switch();
  81   2                      
  82   2              }
  83   1      }
  84                  
  85          
  86          void task_load(unsigned int fn,unsigned char tid)
  87          {
  88   1        //task_sp[tid]=  task_stack[tid]+1;//跳到下一个任务
  89   1              task_stack[tid][1] = (unsigned char)(fn >> 8); 
  90   1          task_stack[tid][0] = (unsigned char)fn;  
  91   1              task_sp[tid] = (unsigned char)&task_stack[tid][1];
  92   1      }
  93          
  94          
  95          


MODULE INFORMATION:   STATIC OVERLAYABLE
   CODE SIZE        =    220    ----
   CONSTANT SIZE    =   ----    ----
   XDATA SIZE       =   ----    ----
   PDATA SIZE       =   ----    ----
   DATA SIZE        =      1    ----
   IDATA SIZE       =     66    ----
   BIT SIZE         =   ----    ----
END OF MODULE INFORMATION.


C51 COMPILATION COMPLETE.  0 WARNING(S),  0 ERROR(S)
