C51 COMPILER V9.54   MAIN                                                                  04/05/2026 01:36:23 PAGE 1   


C51 COMPILER V9.54, COMPILATION OF MODULE MAIN
OBJECT MODULE PLACED IN .\Objects\main.obj
COMPILER INVOKED BY: C:\Keil_v5\C51\BIN\C51.EXE main.c OPTIMIZE(8,SPEED) BROWSE DEBUG OBJECTEXTEND PRINT(.\Listings\main
                    -.lst) OBJECT(.\Objects\main.obj)

line level    source

   1          #include <REGX52.H>
   2          #include <INTRINS.H>
   3          #include "Delay.h"
   4          
   5          #define MAX_TASKS 2           // 2个任务
   6          #define MAX_TASK_DEP 32       // 栈深度
   7          
   8          // 任务状态：就绪=运行中，挂起=暂停
   9          #define TASK_READY   0
  10          #define TASK_SUSPEND 1
  11          
  12          unsigned char idata task_sp[MAX_TASKS];          // 任务堆栈指针
  13          unsigned char idata task_stack[MAX_TASKS][MAX_TASK_DEP]; // 任务堆栈
  14          unsigned char task_id;                           // 当前任务ID
  15          unsigned char task_state[MAX_TASKS];            // 任务状态（挂起/运行）
  16          
  17          // 函数声明
  18          void task_switch(void);
  19          void task0(void);
  20          void task1(void);
  21          void task_load(unsigned int fn,unsigned char tid);
  22          
  23          // 任务挂起函数
  24          void task_suspend(unsigned char tid)
  25          {
  26   1          task_state[tid] = TASK_SUSPEND;
  27   1          task_switch();
  28   1      }
  29          
  30          // 任务唤醒（运行）函数
  31          void task_resume(unsigned char tid)
  32          {
  33   1          task_state[tid] = TASK_READY;
  34   1      }
  35          
  36          void main()
  37          {
  38   1          task_load(task0,0);
  39   1          task_load(task1,1);
  40   1              
  41   1          // 默认都为运行状态
  42   1          task_state[0] = TASK_READY;
  43   1          task_state[1] = TASK_READY;
  44   1              
  45   1          task_id = 0;
  46   1          SP = task_sp[0];
  47   1      }
  48          
  49          // 任务切换（自动跳过挂起的任务）
  50          void task_switch()
  51          {
  52   1          unsigned char next_id;
  53   1          task_sp[task_id] = SP;
  54   1      
C51 COMPILER V9.54   MAIN                                                                  04/05/2026 01:36:23 PAGE 2   

  55   1          // 寻找下一个就绪的任务
  56   1          next_id = task_id + 1;
  57   1          if(next_id >= MAX_TASKS) next_id = 0;
  58   1      
  59   1          // 如果下一个任务挂起，再找下一个
  60   1          while(task_state[next_id] == TASK_SUSPEND)
  61   1          {
  62   2              next_id++;
  63   2              if(next_id >= MAX_TASKS) next_id = 0;
  64   2          }
  65   1      
  66   1          task_id = next_id;
  67   1          SP = task_sp[task_id];
  68   1      }
  69          
  70          void task0(void)
  71          {
  72   1          P2_0 = 0;
  73   1          while(1)
  74   1          {
  75   2              Delay(1000);
  76   2              P2_0 = ~P2_0;
  77   2              task_switch();
  78   2              //task_suspend(0); 
  79   2          }
  80   1      }
  81          
  82          void task1(void)
  83          {
  84   1          P2_7 = 0;
  85   1          while(1)
  86   1          {
  87   2              Delay(1000);
  88   2              P2_7 = ~P2_7;
  89   2                      task_switch();
  90   2          }
  91   1      }
  92          
  93          // 任务初始化
  94          void task_load(unsigned int fn,unsigned char tid)
  95          {
  96   1          task_stack[tid][1] = (unsigned char)(fn >> 8); 
  97   1          task_stack[tid][0] = (unsigned char)fn;  
  98   1          task_sp[tid] = (unsigned char)&task_stack[tid][1];
  99   1      }


MODULE INFORMATION:   STATIC OVERLAYABLE
   CODE SIZE        =    169    ----
   CONSTANT SIZE    =   ----    ----
   XDATA SIZE       =   ----    ----
   PDATA SIZE       =   ----    ----
   DATA SIZE        =      3    ----
   IDATA SIZE       =     66    ----
   BIT SIZE         =   ----    ----
END OF MODULE INFORMATION.


C51 COMPILATION COMPLETE.  0 WARNING(S),  0 ERROR(S)
