C51 COMPILER V9.54   ZOMBIE                                                                04/16/2026 12:33:10 PAGE 1   


C51 COMPILER V9.54, COMPILATION OF MODULE ZOMBIE
OBJECT MODULE PLACED IN .\Objects\zombie.obj
COMPILER INVOKED BY: C:\Keil_v5\C51\BIN\C51.EXE zombie.c OPTIMIZE(8,SPEED) BROWSE DEBUG OBJECTEXTEND PRINT(.\Listings\zo
                    -mbie.lst) OBJECT(.\Objects\zombie.obj)

line level    source

   1          #include "zombie.h"
   2          
   3          extern code unsigned char IMG_DATA_Empty[32]; 
   4          code unsigned char IMG_DATA_Person[32] = 
   5          {
   6              0x01,0xC0,0x06,0x38,0x30,0x0C,0x60,0x04,0x46,0x67,0x40,0xB2,0x71,0x0A,0x49,0x6A,
   7              0x4B,0x10,0x70,0xE6,0x3E,0x01,0x0F,0x88,0x0D,0xD0,0x18,0x34,0x09,0xD4,0x01,0x14,
   8          };
   9          code unsigned char IMG_DATA_Person1[32] = 
  10          {
  11              0x03,0x80,0x1C,0xF8,0x20,0xEC,0x30,0x44,0x18,0x02,0x08,0x02,0x0C,0x06,0x0A,0x02,
  12              0x12,0x06,0x10,0x5E,0x32,0x0C,0x12,0x27,0x1F,0xCB,0x0D,0x10,0x0E,0x14,0x03,0x14,
  13          };
  14          
  15          
  16          extern u8 game_difficulty;////0Œ™ºÚµ•1Œ™¿ßƒ—
  17          //Ω© ¨≥ˆπ÷À≥–Ú
  18          idata u8 zombie_wave[]={2,1,3,0,3,1,2,10};
  19          idata u8 zombie_wave_diff[]={3,2,3,0,1,2,1,4,3,2,1,10};
  20          
  21          
  22          u8 sign_num=0;
  23          //µ±«∞≥ˆπ÷À≥–Ú
  24          u8 wave_now = 0;
  25          
  26          extern u8 Position_Item_1;
  27          extern u8 Position_Item_2;
  28          extern u8 Position_Item_3;
  29          
  30          
  31          
  32          
  33          
  34          u8 addr_1=13;//£®3-8£©“ªπ≤ø…“‘–¥3*6÷ªΩ© ¨
  35          u8 addr_2=23;
  36          u8 addr_3=33;
  37          
  38          
  39          
  40          
  41          void Read_zombie_wave(void)
  42          {
  43   1              u8 *zombie_table;   // ≥ˆπ÷±Ì÷∏’Î
  44   1          u8 max_zombie;      // ◊Ó¥ÛΩ© ¨ ˝¡ø
  45   1          if(game_difficulty == 1)
  46   1          {
  47   2              zombie_table = zombie_wave_diff;
  48   2              max_zombie = 12;
  49   2          }
  50   1          else
  51   1          {
  52   2              zombie_table = zombie_wave;
  53   2              max_zombie = 8;
  54   2          }
C51 COMPILER V9.54   ZOMBIE                                                                04/16/2026 12:33:10 PAGE 2   

  55   1          if(wave_now >= max_zombie) return;
  56   1      
  57   1          if(delay_noblock(6,4000) && wave_now < max_zombie)
  58   1          {
  59   2              switch(zombie_table[wave_now])
  60   2              {
  61   3                  case 1:
  62   3                      Set_Plot_State(Position_Item_1+7,ZOMBIE);
  63   3                      LCD12864_Show_ImageTrack1(IMG_DATA_Person1, 7);
  64   3                                      Set_Plot_Blood_State(addr_1,120);
  65   3                                      addr_1=addr_1+1;
  66   3                      break;
  67   3                  case 2:
  68   3                      Set_Plot_State(Position_Item_2+7,ZOMBIE);
  69   3                      LCD12864_Show_ImageTrack2(IMG_DATA_Person, 7);
  70   3                                      Set_Plot_Blood_State(addr_2,120);
  71   3                                      addr_2=addr_2+1;
  72   3                      break;         
  73   3                  case 3:
  74   3                      Set_Plot_State(Position_Item_3+7,ZOMBIE);
  75   3                      LCD12864_Show_ImageTrack3(IMG_DATA_Person, 7);
  76   3                                      Set_Plot_Blood_State(addr_3,120);
  77   3                                      addr_3=addr_3+1;
  78   3                      break;
  79   3                              case 0:
  80   3                                      LCD12864_Show_String(6,0,"Rd:2");
  81   3                                      break;
  82   3                              case 4:
  83   3                                      LCD12864_Show_String(6,0,"Rd:3");
  84   3                                      break;
  85   3                              case 10:
  86   3                                      sign_num=10;
  87   3                              
  88   3                                      break;
  89   3                              
  90   3              }
  91   2              wave_now++;
  92   2          }
  93   1      }
  94          
  95          // ====================== πÏµ¿1 Ω© ¨“∆∂Ø ======================
  96          void Detect_Zombie1_move(void)
  97          {
  98   1          u8 z;
  99   1      
 100   1          if(!delay_noblock(3, 3000)) return;
 101   1              
 102   1          for(z=1; z<=7; z++)
 103   1          {
 104   2              if(Get_Plot_State(Position_Item_1 + z) == ZOMBIE && Get_Plot_State(Position_Item_1 + z-1) != ZOMBI
             -E)
 105   2              {
 106   3      
 107   3                              if(Get_Plot_State(Position_Item_1 + z-1) == PEA ||Get_Plot_State(Position_Item_1 + z-1) == POTATO)
 108   3                              {
 109   4                                      Set_Plot_Blood_State(Position_Item_1 + z-1,Get_Plot_Blood_State(Position_Item_1 + z-1)-20);
 110   4      
 111   4      
 112   4                                      if(Get_Plot_Blood_State(Position_Item_1 + z-1) <= 0)
 113   4                                      {
 114   5                                              Set_Plot_State(Position_Item_1 + z-1, EMPTY);
 115   5                                              LCD12864_Show_ImageTrack1(IMG_DATA_Empty, z-1);
C51 COMPILER V9.54   ZOMBIE                                                                04/16/2026 12:33:10 PAGE 3   

 116   5                                      }
 117   4                                      continue;
 118   4                              }
 119   3                              
 120   3                              Set_Plot_State(Position_Item_1 + z, ZOMBIE);
 121   3                  LCD12864_Show_ImageTrack1(IMG_DATA_Person1, z);
 122   3                              
 123   3                  Set_Plot_State(Position_Item_1 + (z-1), ZOMBIE);
 124   3                  LCD12864_Show_ImageTrack1(IMG_DATA_Person1, z-1);
 125   3      
 126   3                  Set_Plot_State(Position_Item_1 + z, EMPTY);
 127   3                  LCD12864_Show_ImageTrack1(IMG_DATA_Empty, z);
 128   3      
 129   3      
 130   3                              
 131   3              }
 132   2          }
 133   1      }
 134          
 135          // ====================== πÏµ¿2 Ω© ¨“∆∂Ø ======================
 136          void Detect_Zombie2_move(void)
 137          {
 138   1          u8 z;
 139   1          if(!delay_noblock(4, 2000)) return;
 140   1      
 141   1          for(z=1; z<=7; z++)
 142   1          {
 143   2              if(Get_Plot_State(Position_Item_2 + z) == ZOMBIE && Get_Plot_State(Position_Item_2 + z-1) != ZOMBI
             -E)
 144   2              {
 145   3                              //÷≤ŒÔøğ—™¥˙¬Î
 146   3                              if(Get_Plot_State(Position_Item_2 + z-1) == PEA ||Get_Plot_State(Position_Item_2 + z-1) == POTATO)
 147   3                              {
 148   4                                      Set_Plot_Blood_State(Position_Item_2 + z-1,Get_Plot_Blood_State(Position_Item_2 + z-1)-20);
 149   4      
 150   4      
 151   4                                      if(Get_Plot_Blood_State(Position_Item_2 + z-1) <= 0)
 152   4                                      {
 153   5                                              Set_Plot_State(Position_Item_2 + z-1, EMPTY);
 154   5                                              LCD12864_Show_ImageTrack2(IMG_DATA_Empty, z-1);
 155   5                                      }
 156   4                                      continue;
 157   4                              }
 158   3                  Set_Plot_State(Position_Item_2 + z, ZOMBIE);
 159   3                  LCD12864_Show_ImageTrack2(IMG_DATA_Person, z);
 160   3                              
 161   3                  Set_Plot_State(Position_Item_2 + (z-1), ZOMBIE);
 162   3                  LCD12864_Show_ImageTrack2(IMG_DATA_Person, z-1);
 163   3                              
 164   3                  Set_Plot_State(Position_Item_2 + z, EMPTY);
 165   3                  LCD12864_Show_ImageTrack2(IMG_DATA_Empty, z);
 166   3              }
 167   2          }
 168   1      }
 169          
 170          // ====================== πÏµ¿3 Ω© ¨“∆∂Ø£®ƒ„‘≠¿¥µƒ£©======================
 171          void Detect_Zombie3_move(void)
 172          {
 173   1          u8 z;
 174   1          if(!delay_noblock(5,4000)) return;
 175   1      
 176   1          for(z=1; z<=7; z++)
C51 COMPILER V9.54   ZOMBIE                                                                04/16/2026 12:33:10 PAGE 4   

 177   1          {
 178   2              if(Get_Plot_State(Position_Item_3+z) == ZOMBIE && Get_Plot_State(Position_Item_3 + z-1) != ZOMBIE)
 179   2              {
 180   3                              if(Get_Plot_State(Position_Item_3 + z-1) == PEA ||Get_Plot_State(Position_Item_3 + z-1) == POTATO)
 181   3                              {
 182   4                                      Set_Plot_Blood_State(Position_Item_3 + z-1,Get_Plot_Blood_State(Position_Item_3 + z-1)-20);
 183   4      
 184   4                                      if(Get_Plot_Blood_State(Position_Item_3 + z-1) <= 0)
 185   4                                      {
 186   5                                              Set_Plot_State(Position_Item_3 + z-1, EMPTY);
 187   5                                              LCD12864_Show_ImageTrack3(IMG_DATA_Empty, z-1);
 188   5                                      }
 189   4                                      continue;
 190   4                              }
 191   3                              
 192   3                              Set_Plot_State(Position_Item_3 + z, ZOMBIE);
 193   3                              LCD12864_Show_ImageTrack3(IMG_DATA_Person, z);
 194   3                              
 195   3                              Set_Plot_State(Position_Item_3 + (z-1), ZOMBIE);
 196   3                              LCD12864_Show_ImageTrack3(IMG_DATA_Person, z-1);
 197   3                              
 198   3                              Set_Plot_State(Position_Item_3 + z, EMPTY);
 199   3                              LCD12864_Show_ImageTrack3(IMG_DATA_Empty, z);
 200   3              }
 201   2          }
 202   1      }
 203          
 204          //÷˜∫Ø ˝
 205          void Zombie_Main(void)
 206          {
 207   1          Read_zombie_wave();
 208   1          Detect_Zombie1_move();
 209   1          Detect_Zombie2_move();
 210   1          Detect_Zombie3_move();
 211   1      }


MODULE INFORMATION:   STATIC OVERLAYABLE
   CODE SIZE        =    862    ----
   CONSTANT SIZE    =     74    ----
   XDATA SIZE       =   ----    ----
   PDATA SIZE       =   ----    ----
   DATA SIZE        =      5       7
   IDATA SIZE       =     20    ----
   BIT SIZE         =   ----    ----
END OF MODULE INFORMATION.


C51 COMPILATION COMPLETE.  0 WARNING(S),  0 ERROR(S)
