C51 COMPILER V9.54   MAIN                                                                  04/03/2026 09:23:09 PAGE 1   


C51 COMPILER V9.54, COMPILATION OF MODULE MAIN
OBJECT MODULE PLACED IN .\Objects\main.obj
COMPILER INVOKED BY: C:\Keil_v5\C51\BIN\C51.EXE main.c OPTIMIZE(8,SPEED) BROWSE DEBUG OBJECTEXTEND PRINT(.\Listings\main
                    -.lst) OBJECT(.\Objects\main.obj)

line level    source

   1          #include <REGX52.H>
   2          #include "LCD12864.h"
   3          #include "Delay.h"
   4          void main()
   5          {
   6   1      
   7   1              lcd12864_init();
   8   1              lcd12864_show_string(0,0,"AAAAAAAA");
   9   1              lcd12864_show_string(1,0,"AAAAAAA");
  10   1              lcd12864_show_string(2,0,"AAAA");
  11   1              lcd12864_show_string(3,0,"AAA");
  12   1              while(1)
  13   1              {
  14   2                      lcd12864_clear();
  15   2                      Delay(1000);
  16   2              }
  17   1      }


MODULE INFORMATION:   STATIC OVERLAYABLE
   CODE SIZE        =     66    ----
   CONSTANT SIZE    =     26    ----
   XDATA SIZE       =   ----    ----
   PDATA SIZE       =   ----    ----
   DATA SIZE        =   ----    ----
   IDATA SIZE       =   ----    ----
   BIT SIZE         =   ----    ----
END OF MODULE INFORMATION.


C51 COMPILATION COMPLETE.  0 WARNING(S),  0 ERROR(S)
