C51 COMPILER V9.54   LCD12864                                                              04/10/2026 09:26:42 PAGE 1   


C51 COMPILER V9.54, COMPILATION OF MODULE LCD12864
OBJECT MODULE PLACED IN .\Objects\LCD12864.obj
COMPILER INVOKED BY: C:\Keil_v5\C51\BIN\C51.EXE LCD12864.c OPTIMIZE(8,SPEED) BROWSE DEBUG OBJECTEXTEND PRINT(.\Listings\
                    -LCD12864.lst) OBJECT(.\Objects\LCD12864.obj)

line level    source

   1          #include "public.h"
   2          //管脚定义
   3          sbit LCD12864_RS  = P2^6;//数据命令选择
   4          sbit LCD12864_WR  = P2^5;//读写选择
   5          sbit LCD12864_E   = P2^7;//使能信号
   6          sbit LCD12864_PSB = P3^2;//8位或4并口/串口选择
   7          
   8          #define LCD12864_DATAPORT       P0      //LCD12864数据端口定义
   9          #define Busy               0x80 //用于检测LCD状态字中的Busy标识
  10          
  11          void LCD12864_Write_Cmd(unsigned char cmd,BuysC);
  12          void LCD12864_Write_Data(unsigned char dat);
  13          unsigned char LCD12864_Check_Status(void);
  14          void LCD12864_Init(void);
  15          void LCD12864_Clear(void);
  16          void LCD_Flash(void);
  17          void LCD12864_Show_String(unsigned char x,unsigned char y,unsigned char *str);
  18          void LCD12864_Show_Onechar(unsigned char x, unsigned char y, unsigned char DData);
  19          void LCD12864_Show_Image (unsigned char code *DData);
  20          void LCD12864_Show_ImageTry (unsigned char code *DData);
  21          void LCD12864_Set_Location(unsigned char x, unsigned char y);
  22          
  23          
  24          
  25          //写指令
  26          void LCD12864_Write_Cmd(unsigned char cmd,BuysC)
  27          {
  28   1              if (BuysC) LCD12864_Check_Status(); //根据需要检测忙 
  29   1              LCD12864_RS=0;//选择命令
  30   1              LCD12864_WR=0;//选择写
  31   1              LCD12864_DATAPORT=cmd;//准备命令
  32   1              Delay_10us(1);
  33   1              LCD12864_E=1;
  34   1              LCD12864_E=1;
  35   1              LCD12864_E=1;//使能脚E先上升沿写入
  36   1              LCD12864_E=0;//使能脚E后负跳变完成写入
  37   1      }
  38          
  39          //写数据
  40          void LCD12864_Write_Data(unsigned char dat)
  41          {
  42   1              LCD12864_Check_Status(); //检测忙
  43   1              LCD12864_RS=1;//选择数据
  44   1              LCD12864_WR=0;//选择写
  45   1              LCD12864_DATAPORT=dat;//准备数据
  46   1              Delay_10us(1);
  47   1              LCD12864_E=1;
  48   1              LCD12864_E=1;
  49   1              LCD12864_E=1;//使能脚E先上升沿写入
  50   1              LCD12864_E=0;//使能脚E后负跳变完成写入
  51   1      }
  52          
  53          //读状态
  54          unsigned char LCD12864_Check_Status(void)
C51 COMPILER V9.54   LCD12864                                                              04/10/2026 09:26:42 PAGE 2   

  55          {
  56   1               LCD12864_DATAPORT = 0xFF; 
  57   1               LCD12864_RS = 0;
  58   1               LCD12864_WR = 1; 
  59   1               LCD12864_E = 1;
  60   1               while (LCD12864_DATAPORT & Busy); //检测忙信号
  61   1               LCD12864_E = 0;
  62   1               return(LCD12864_DATAPORT);
  63   1      }
  64          
  65          //LCD初始化
  66          void LCD12864_Init(void)
  67          {
  68   1              //LCD12864_PSB=1;//选择8位或4位并口方式
  69   1              LCD12864_Write_Cmd(0x30,1);//数据总线8位，基本指令操作
  70   1              LCD12864_Write_Cmd(0x01,1);
  71   1              LCD12864_Write_Cmd(0x06,1);//写入新数据后光标右移，显示屏不移动
  72   1              LCD12864_Write_Cmd(0x0c,1);
  73   1      }
  74          //LCD清屏
  75          void LCD12864_Clear(void)
  76          {
  77   1              LCD12864_Write_Cmd(0x01,1);     
  78   1              LCD12864_Write_Cmd(0x34,1);     
  79   1              LCD12864_Write_Cmd(0x30,1);     
  80   1      } 
  81          //LCD写入位置，用于显示位置变化的字符
  82          void LCD12864_Set_Location(unsigned char x, unsigned char y)
  83          {
  84   1              unsigned char addr;                                                             //光标RAM地址
  85   1              
  86   1              switch (y)
  87   1              {
  88   2                      case 0: addr = 0x80 + x; break;         //设置光标在屏幕第一行x位置汉字位
  89   2                      case 1: addr = 0x90 + x; break;         //设置光标在屏幕第二行x位置汉字位
  90   2                      case 2: addr = 0x88 + x; break;         //设置光标在屏幕第三行x位置汉字位
  91   2                      case 3: addr = 0x98 + x; break;         //设置光标在屏幕第四行x位置汉字位
  92   2                      default: break;
  93   2              }
  94   1              LCD12864_Write_Cmd(addr,1);                             //将光标RAM地址作为指令写入液晶 
  95   1              Delay_10us(10);                                                 //延时
  96   1      }
  97          
  98          //LCD闪烁
  99          void LCD_Flash(void)    //闪烁效果
 100          {
 101   1               LCD12864_Write_Cmd(0x08,1); //显示清屏
 102   1               Delay_ms(400);
 103   1               LCD12864_Write_Cmd(0x0c,1); // 显示开及光标设置
 104   1               Delay_ms(400);
 105   1               LCD12864_Write_Cmd(0x08,1); //显示清屏
 106   1               Delay_ms(400);
 107   1               LCD12864_Write_Cmd(0x0c,1); // 显示开及光标设置
 108   1               Delay_ms(400);
 109   1               LCD12864_Write_Cmd(0x08,1); //显示清屏
 110   1               Delay_ms(400);
 111   1      }
 112          
 113          //第一种
 114          //lcd12864_clear();
 115          //lcd12864_show_string(0,0,"Hello World!");//第1行字符串显示
 116          //delay_ms(400);
C51 COMPILER V9.54   LCD12864                                                              04/10/2026 09:26:42 PAGE 3   

 117          //delay_ms(400);
 118          //第二种
 119          //unsigned char  uctech[] = {"大雄电子营业部"};
 120          //lcd12864_clear();
 121          //lcd12864_show_string(0,0,uctech);     //显示字库中的中文数字
 122          //delay_ms(400);
 123          //delay_ms(400);
 124          void LCD12864_Show_String(unsigned char x,unsigned char y,unsigned char *str)
 125          {
 126   1              if(y<=0)y=0;
 127   1              if(y>3)y=3;
 128   1              x&=0x0f;        //限制x,y不能大于显示范围
 129   1      
 130   1              switch(y)
 131   1              {
 132   2                      case 0: x|=0x80;break;//第1行地址+x的偏移
 133   2                      case 1: x|=0x90;break;//第2行地址+x的偏移
 134   2                      case 2: x|=0x88;break;//第3行地址+x的偏移
 135   2                      case 3: x|=0x98;break;//第4行地址+x的偏移
 136   2              }
 137   1              LCD12864_Write_Cmd(x,1);
 138   1              while(*str!='\0')
 139   1              {
 140   2                      LCD12864_Write_Data(*str);
 141   2                      str++;          
 142   2              }       
 143   1      } 
 144          
 145          //lcd12864_clear();
 146          //lcd12864_show_onechar(0,0,0x41);
 147          //delay_ms(400);
 148          //delay_ms(400);
 149          //按指定位置显示一个字符
 150          void LCD12864_Show_Onechar(unsigned char x, unsigned char y, unsigned char DData)
 151          {
 152   1              if(y<=0)y=0;
 153   1              if(y>3)y=3;
 154   1              x&=0x0f;        //限制x,y不能大于显示范围
 155   1      
 156   1              switch(y)
 157   1              {
 158   2                      case 0: x|=0x80;break;//第1行地址+x的偏移
 159   2                      case 1: x|=0x90;break;//第2行地址+x的偏移
 160   2                      case 2: x|=0x88;break;//第3行地址+x的偏移
 161   2                      case 3: x|=0x98;break;//第4行地址+x的偏移
 162   2              }
 163   1              LCD12864_Write_Cmd(x,0); //这里不检测忙信号，发送地址码
 164   1              LCD12864_Write_Data(DData);
 165   1      }
 166          
 167          //图形显示128*64
 168          void LCD12864_Show_Image (unsigned char code *DData)
 169          {
 170   1              unsigned char x,y,i;
 171   1              unsigned int tmp=0;
 172   1              
 173   1              LCD12864_Write_Cmd(0x34,1);  // 关闭绘图显示，进入指令模式
 174   1          LCD12864_Write_Cmd(0x36,1);  // 打开绘图模式
 175   1              
 176   1              for(i=0;i<9;){          //分两屏，上半屏和下半屏，因为起始地址不同，需要分开
 177   2                      for(x=0;x<32;x++){                              //32行
 178   3                              LCD12864_Write_Cmd((0x80+x),1);//列地址
C51 COMPILER V9.54   LCD12864                                                              04/10/2026 09:26:42 PAGE 4   

 179   3                              LCD12864_Write_Cmd((0x80+i),1); //行地址，下半屏，即第三行地址0X88      
 180   3                              for(y=0;y<16;y++)
 181   3                              {
 182   4                                      LCD12864_Write_Data(DData[tmp+y]);//读取数据写入LCD
 183   4                              }
 184   3                              tmp+=16;                
 185   3                      }
 186   2                      i+=8;
 187   2              }
 188   1              LCD12864_Write_Cmd(0x36,1);     //扩充功能设定
 189   1              LCD12864_Write_Cmd(0x30,1);
 190   1      }
 191          
 192          
 193          
 194          //图形显示128*64
 195          void LCD12864_Show_ImageTry2 (unsigned char code *DData)
 196          {
 197   1              unsigned char x,y,i;
 198   1              unsigned int tmp=0;
 199   1              
 200   1              LCD12864_Write_Cmd(0x34,1);  // 关闭绘图显示，进入指令模式
 201   1          LCD12864_Write_Cmd(0x36,1);  // 打开绘图模式
 202   1              
 203   1              for(i=0;i<9;)//分两屏，上半屏和下半屏，因为起始地址不同，需要分开
 204   1              {               
 205   2                      if(i==0)
 206   2                      {
 207   3                              for(x=30;x<32;x++)//32行
 208   3                              {                               
 209   4                                      LCD12864_Write_Cmd((0x80+x),1);//列地址
 210   4                                      LCD12864_Write_Cmd((0x80+i),1); //行地址，下半屏，即第三行地址0X88      
 211   4                                      for(y=0;y<2;y++)
 212   4                                      {
 213   5                                              LCD12864_Write_Data(DData[tmp+y]);//读取数据写入LCD
 214   5                                      }
 215   4                                      tmp+=2;         
 216   4                              }
 217   3                      }
 218   2                      else
 219   2                      {
 220   3                              for(x=0;x<15;x++)//32行
 221   3                              {                               
 222   4                                      LCD12864_Write_Cmd((0x80+x),1);//列地址
 223   4                                      LCD12864_Write_Cmd((0x80+i),1); //行地址，下半屏，即第三行地址0X88      
 224   4                                      for(y=0;y<2;y++)
 225   4                                      {
 226   5                                              LCD12864_Write_Data(DData[tmp+y]);//读取数据写入LCD
 227   5                                      }
 228   4                                      tmp+=2;
 229   4                              }
 230   3                      }
 231   2                      i+=8;
 232   2              }
 233   1              LCD12864_Write_Cmd(0x36,1);     //扩充功能设定
 234   1              LCD12864_Write_Cmd(0x30,1);
 235   1      }
 236          
 237          
 238          //图形显示128*64
 239          void LCD12864_Show_ImageTry3 (unsigned char code *DData)
 240          {
C51 COMPILER V9.54   LCD12864                                                              04/10/2026 09:26:42 PAGE 5   

 241   1              unsigned char x,y;
 242   1              unsigned int tmp=0;
 243   1              
 244   1              LCD12864_Write_Cmd(0x34,1);  // 关闭绘图显示，进入指令模式
 245   1          LCD12864_Write_Cmd(0x36,1);  // 打开绘图模式
 246   1              
 247   1              //分两屏，上半屏和下半屏，因为起始地址不同，需要分开
 248   1              for(x=15;x<31;x++){                             //32行
 249   2                      LCD12864_Write_Cmd((0x80+x),1);//列地址
 250   2                      LCD12864_Write_Cmd((0x80+8),1); //行地址，下半屏，即第三行地址0X88      
 251   2                      for(y=0;y<2;y++)
 252   2                      {
 253   3                              LCD12864_Write_Data(DData[tmp+y]);//读取数据写入LCD
 254   3                      }
 255   2                      tmp+=2;         
 256   2              }
 257   1              LCD12864_Write_Cmd(0x36,1);     //扩充功能设定
 258   1              LCD12864_Write_Cmd(0x30,1);
 259   1      }
 260          
 261          
 262          
 263          //图形显示128*64
 264          void LCD12864_Show_ImageTry1 (unsigned char code *DData)
 265          {
 266   1              unsigned char x,y;
 267   1              unsigned int tmp=0;
 268   1              
 269   1              LCD12864_Write_Cmd(0x34,1);  // 关闭绘图显示，进入指令模式
 270   1          LCD12864_Write_Cmd(0x36,1);  // 打开绘图模式
 271   1              
 272   1              //分两屏，上半屏和下半屏，因为起始地址不同，需要分开
 273   1              for(x=13;x<30;x++){                             //32行
 274   2                      LCD12864_Write_Cmd((0x80+x),1);//列地址
 275   2                      LCD12864_Write_Cmd((0x80+0),1); //行地址，下半屏，即第三行地址0X88      
 276   2                      for(y=0;y<2;y++)
 277   2                      {
 278   3                              LCD12864_Write_Data(DData[tmp+y]);//读取数据写入LCD
 279   3                      }
 280   2                      tmp+=2;         
 281   2              }
 282   1              LCD12864_Write_Cmd(0x36,1);     //扩充功能设定
 283   1              LCD12864_Write_Cmd(0x30,1);
 284   1      }
 285          
 286          
 287          //图形显示128*64
 288          void LCD12864_Show_ImageTry22 (unsigned char code *DData)
 289          {
 290   1              unsigned char x,y,i;
 291   1              unsigned int tmp=0;
 292   1              
 293   1              LCD12864_Write_Cmd(0x34,1);  // 关闭绘图显示，进入指令模式
 294   1          LCD12864_Write_Cmd(0x36,1);  // 打开绘图模式
 295   1              
 296   1              for(i=0;i<9;)//分两屏，上半屏和下半屏，因为起始地址不同，需要分开
 297   1              {               
 298   2                      if(i==0)
 299   2                      {
 300   3                              for(x=30;x<32;x++)//32行
 301   3                              {                               
 302   4                                      LCD12864_Write_Cmd((0x80+x),1);//列地址
C51 COMPILER V9.54   LCD12864                                                              04/10/2026 09:26:42 PAGE 6   

 303   4                                      LCD12864_Write_Cmd((0x80+i+1),1);       //行地址，下半屏，即第三行地址0X88      
 304   4                                      for(y=0;y<2;y++)
 305   4                                      {
 306   5                                              LCD12864_Write_Data(DData[tmp+y]);//读取数据写入LCD
 307   5                                      }
 308   4                                      tmp+=2;         
 309   4                              }
 310   3                      }
 311   2                      else
 312   2                      {
 313   3                              for(x=0;x<15;x++)//32行
 314   3                              {                               
 315   4                                      LCD12864_Write_Cmd((0x80+x),1);//列地址
 316   4                                      LCD12864_Write_Cmd((0x80+i+1),1);       //行地址，下半屏，即第三行地址0X88      
 317   4                                      for(y=0;y<2;y++)
 318   4                                      {
 319   5                                              LCD12864_Write_Data(DData[tmp+y]);//读取数据写入LCD
 320   5                                      }
 321   4                                      tmp+=2;
 322   4                              }
 323   3                      }
 324   2                      i+=8;
 325   2              }
 326   1              LCD12864_Write_Cmd(0x36,1);     //扩充功能设定
 327   1              LCD12864_Write_Cmd(0x30,1);
 328   1      }
 329          
 330          
 331          //图形显示128*64
 332          void LCD12864_Show_ImageTry33 (unsigned char code *DData)
 333          {
 334   1              unsigned char x,y;
 335   1              unsigned int tmp=0;
 336   1              
 337   1              LCD12864_Write_Cmd(0x34,1);  // 关闭绘图显示，进入指令模式
 338   1          LCD12864_Write_Cmd(0x36,1);  // 打开绘图模式
 339   1              
 340   1              //分两屏，上半屏和下半屏，因为起始地址不同，需要分开
 341   1              for(x=15;x<31;x++){                             //32行
 342   2                      LCD12864_Write_Cmd((0x80+x),1);//列地址
 343   2                      LCD12864_Write_Cmd((0x80+9),1); //行地址，下半屏，即第三行地址0X88      
 344   2                      for(y=0;y<2;y++)
 345   2                      {
 346   3                              LCD12864_Write_Data(DData[tmp+y]);//读取数据写入LCD
 347   3                      }
 348   2                      tmp+=2;         
 349   2              }
 350   1              LCD12864_Write_Cmd(0x36,1);     //扩充功能设定
 351   1              LCD12864_Write_Cmd(0x30,1);
 352   1      }
 353          
 354          
 355          
 356          //图形显示128*64
 357          void LCD12864_Show_ImageTry11 (unsigned char code *DData)
 358          {
 359   1              unsigned char x,y;
 360   1              unsigned int tmp=0;
 361   1              
 362   1              LCD12864_Write_Cmd(0x34,1);  // 关闭绘图显示，进入指令模式
 363   1          LCD12864_Write_Cmd(0x36,1);  // 打开绘图模式
 364   1              
C51 COMPILER V9.54   LCD12864                                                              04/10/2026 09:26:42 PAGE 7   

 365   1              //分两屏，上半屏和下半屏，因为起始地址不同，需要分开
 366   1              for(x=13;x<30;x++){                             //32行
 367   2                      LCD12864_Write_Cmd((0x80+x),1);//列地址
 368   2                      LCD12864_Write_Cmd((0x80+1),1); //行地址，下半屏，即第三行地址0X88      
 369   2                      for(y=0;y<2;y++)
 370   2                      {
 371   3                              LCD12864_Write_Data(DData[tmp+y]);//读取数据写入LCD
 372   3                      }
 373   2                      tmp+=2;         
 374   2              }
 375   1              LCD12864_Write_Cmd(0x36,1);     //扩充功能设定
 376   1              LCD12864_Write_Cmd(0x30,1);
 377   1      }
 378          
 379          
 380          
 381          // 通用图片显示函数
 382          // 参数：
 383          // *DData  图片数据数组
 384          // imgW    图片宽度  (1~128)
 385          // imgH    图片高度  (1~64)
 386          // startX  显示起始X坐标(0~127)
 387          // startY  显示起始Y坐标(0~63)
 388          //void LCD12864_Show_Image_ANY(
 389          //    unsigned char code *DData,
 390          //    unsigned char IX,
 391          //    unsigned char IY,
 392          //    unsigned char SX,
 393          //    unsigned char SY
 394          //)
 395          //{
 396          //    unsigned char page, col;
 397          //    unsigned int tmp = 0;
 398          //    unsigned char endX, endY;
 399          
 400          //    // 边界保护（防止超出屏幕）
 401          //      while(IX+SX>128)
 402          //      {
 403          //              IX=IX-8;
 404          //      }
 405          //      while(IY+SY>64)
 406          //      {
 407          //              IY=IY-1;
 408          //      }
 409          //      
 410          //    LCD12864_Write_Cmd(0x34, 1);  // 关闭绘图显示，进入指令模式
 411          //    LCD12864_Write_Cmd(0x36, 1);  // 打开绘图模式
 412          
 413          //      for(x=SX;SX<SX+IX;)
 414          //      {
 415          //              for(y=SY;Y
 416          //    LCD12864_Write_Cmd(0x30, 1);  // 恢复基本指令模式
 417          //}
 418          
 419          
 420          //// 修复版：LCD12864 通用图片显示（支持任意尺寸，完整显示128×64）
 421          //// x   : 起始列 0~15
 422          //// y   : 起始行 0~63
 423          //// w   : 宽度（列数 1~16）
 424          //// h   : 高度（行数 1~64）
 425          //// dat : 图片数组
 426          //void lcd_draw_image(unsigned char x, unsigned char y, unsigned char w, unsigned char h, unsigned char co
C51 COMPILER V9.54   LCD12864                                                              04/10/2026 09:26:42 PAGE 8   

             -de *dat)
 427          //{
 428          //    unsigned int idx = 0;
 429          //    unsigned char i, j;
 430          //    unsigned char draw_w, draw_h;
 431          
 432          //    // 越界保护
 433          //    if(x >= 16 || y >= 64) return;
 434          //    draw_w = (x + w > 16) ? (16 - x) : w;
 435          //    draw_h = (y + h > 64) ? (64 - y) : h;
 436          //    if(draw_w <= 0 || draw_h <= 0) return;
 437          
 438          //    //lcd12864_write_cmd(0x34);
 439          //    lcd12864_write_cmd(0x36);
 440          
 441          //    // ========== 正确写法：上下半屏分开设置 Y 地址 ==========
 442          //    for(j = 0; j < draw_h; j++)
 443          //    {
 444          //        unsigned char cur_y = y + j;  // 当前行 0~63
 445          //        unsigned char y_addr;         // 硬件列地址（关键）
 446          
 447          //        // 12864 绘图硬件规则：
 448          //        if(cur_y < 32)
 449          //            y_addr = 0;    // 上半屏：Y 固定 = 0
 450          //        else
 451          //            y_addr = 8;    // 下半屏：Y 固定 = 8
 452          
 453          //        lcd12864_write_cmd(0x80 + cur_y);   // 写行地址（0~63）
 454          //        lcd12864_write_cmd(0x80 + x + y_addr);  // 写列地址：x(0~15) + 半屏基址(0/8)
 455          
 456          //        // 写入一行图像数据
 457          //        for(i = 0; i < draw_w; i++)
 458          //        {
 459          //            lcd12864_write_data(dat[idx++]);
 460          //        }
 461          //    }
 462          //    lcd12864_write_cmd(0x30);
 463          //}
 464          
 465          
 466          
 467          
 468          
 469          
 470          
 471          
 472          
 473          
 474          
 475          


MODULE INFORMATION:   STATIC OVERLAYABLE
   CODE SIZE        =   1446    ----
   CONSTANT SIZE    =   ----    ----
   XDATA SIZE       =   ----    ----
   PDATA SIZE       =   ----    ----
   DATA SIZE        =   ----      52
   IDATA SIZE       =   ----    ----
   BIT SIZE         =   ----    ----
END OF MODULE INFORMATION.


C51 COMPILATION COMPLETE.  0 WARNING(S),  0 ERROR(S)
