C51 COMPILER V9.54   MAIN                                                                  03/28/2026 23:53:58 PAGE 1   


C51 COMPILER V9.54, COMPILATION OF MODULE MAIN
OBJECT MODULE PLACED IN .\Objects\main.obj
COMPILER INVOKED BY: C:\Keil_v5\C51\BIN\C51.EXE main.c OPTIMIZE(8,SPEED) BROWSE DEBUG OBJECTEXTEND PRINT(.\Listings\main
                    -.lst) OBJECT(.\Objects\main.obj)

line level    source

   1          #include <REGX52.H>
   2          #include <INTRINS.H>
   3          
   4          #define MAX_TASKS 2 //表示有两个任务
   5          #define MAX_TASK_DEP 32//表示栈的深度
   6          
   7          unsigned char idata task_sp[MAX_TASKS];//任务的堆栈指针（存任务的）
   8          unsigned char idata task_stack[MAX_TASKS][MAX_TASK_DEP];//每个task任务的堆栈
   9          unsigned char task_id;//当前任务号
  10          
  11          void Delay1000ms(void);         
  12          void task_switch(void);
  13          void task0(void);
  14          void task1(void);
  15          void task_load(unsigned int fn,unsigned char tid);
  16          
  17          void main()
  18          {
  19   1                      task_load(task0,0);
  20   1                task_load(task1,1);
  21   1                task_id = 0;
  22   1                SP=task_sp[0];
  23   1      }
  24          
  25          void Delay1000ms()              
  26          {
  27   1              unsigned char i, j, k;
  28   1      
  29   1              _nop_();
  30   1              i = 8;
  31   1              j = 154;
  32   1              k = 122;
  33   1              do
  34   1              {
  35   2                      do
  36   2                      {
  37   3                              while (--k);
  38   3                      } while (--j);
  39   2              } while (--i);
  40   1      }
  41          
  42          void task_switch()
  43          {
  44   1         task_sp[task_id]=SP;
  45   1              
  46   1              task_id=task_id+1;
  47   1              if(task_id==MAX_TASKS)
  48   1              {
  49   2                task_id=0;
  50   2              }
  51   1              SP=task_sp[task_id];
  52   1      }
  53          
  54          void task0()
C51 COMPILER V9.54   MAIN                                                                  03/28/2026 23:53:58 PAGE 2   

  55          {
  56   1              P2_0=0;
  57   1        while(1)
  58   1              {
  59   2                      Delay1000ms();
  60   2                      P2_0=~P2_0;
  61   2                      task_switch();
  62   2              }
  63   1      }
  64          
  65          void task1()
  66          {
  67   1              P2_7=0;
  68   1        while(1)
  69   1              {
  70   2                      Delay1000ms();
  71   2                      P2_7=~P2_7;
  72   2                      task_switch();
  73   2              }
  74   1      }
  75                  
  76          void task_load(unsigned int fn,unsigned char tid)
  77          {
  78   1        //task_sp[tid]=  task_stack[tid]+1;//跳到下一个任务
  79   1              task_stack[tid][1] = (unsigned char)(fn >> 8); 
  80   1        task_stack[tid][0] = (unsigned char)fn;  
  81   1              task_sp[tid] = (unsigned char)&task_stack[tid][1];
  82   1      }
  83          
  84          
  85          


MODULE INFORMATION:   STATIC OVERLAYABLE
   CODE SIZE        =    134    ----
   CONSTANT SIZE    =   ----    ----
   XDATA SIZE       =   ----    ----
   PDATA SIZE       =   ----    ----
   DATA SIZE        =      1    ----
   IDATA SIZE       =     66    ----
   BIT SIZE         =   ----    ----
END OF MODULE INFORMATION.


C51 COMPILATION COMPLETE.  0 WARNING(S),  0 ERROR(S)
