C51 COMPILER V9.54   AREA                                                                  04/14/2026 16:26:11 PAGE 1   


C51 COMPILER V9.54, COMPILATION OF MODULE AREA
OBJECT MODULE PLACED IN .\Objects\area.obj
COMPILER INVOKED BY: C:\Keil_v5\C51\BIN\C51.EXE area.c OPTIMIZE(8,SPEED) BROWSE DEBUG OBJECTEXTEND PRINT(.\Listings\area
                    -.lst) OBJECT(.\Objects\area.obj)

line level    source

   1          #include "area.h"
   2          
   3          extern code unsigned char IMG_DATA_Empty[32];
   4          extern code unsigned char IMG_DATA_Position[32];
   5          
   6          // 定义一块地的状态
   7          idata u8 Plot_State[PLOT_NUM];  //用数组来存地块状态
   8          
   9          
  10          // 初始化：所有地块都是空的//扩展到24地块用于处理僵尸和子弹的地块占用问题
  11          void Plot_Init(void)
  12          {
  13   1          u8 i;
  14   1          for(i=0; i<PLOT_NUM; i++)
  15   1          {
  16   2              Plot_State[i] = EMPTY;
  17   2          }
  18   1      }
  19          
  20          //定义地块标号为数组标号
  21          static unsigned char PlotID_To_Index(unsigned char plot_id)
  22          {
  23   1          switch(plot_id)
  24   1          {
  25   2              case 11: return 0;
  26   2              case 21: return 1;
  27   2              case 31: return 2;
  28   2              case 12: return 3;
  29   2              case 22: return 4;
  30   2              case 32: return 5;
  31   2                      case 13: return 6;
  32   2              case 23: return 7;
  33   2              case 33: return 8;
  34   2              case 14: return 9;
  35   2              case 24: return 10;
  36   2              case 34: return 11;
  37   2                      case 15: return 12;
  38   2              case 25: return 13;
  39   2              case 35: return 14;
  40   2              case 16: return 15;
  41   2              case 26: return 16;
  42   2              case 36: return 17;
  43   2                      case 17: return 18;
  44   2              case 27: return 19;
  45   2              case 37: return 20;
  46   2              case 18: return 21;
  47   2              case 28: return 22;
  48   2              case 38: return 23;
  49   2              default: return 0xFF;
  50   2          }
  51   1      }
  52          
  53          // ===================== 查询状态 =====================
  54          // 功能：输入地块编号(0~23)，返回它的状态
C51 COMPILER V9.54   AREA                                                                  04/14/2026 16:26:11 PAGE 2   

  55          u8 Get_Plot_State(u8 plot_id)
  56          {
  57   1          unsigned char index = PlotID_To_Index(plot_id);
  58   1          if(index >= PLOT_NUM) return 0xFF;
  59   1          return Plot_State[index];
  60   1      }
  61          
  62          // ===================== 改变状态 =====================
  63          // 功能：输入地块编号 + 新状态，直接修改
  64          void Set_Plot_State(u8 plot_id, u8 sta)
  65          {
  66   1              unsigned char index = PlotID_To_Index(plot_id);
  67   1          if(index >= PLOT_NUM) return;   
  68   1          Plot_State[index] = sta;
  69   1      }
  70          
  71          
  72          


MODULE INFORMATION:   STATIC OVERLAYABLE
   CODE SIZE        =    229    ----
   CONSTANT SIZE    =   ----    ----
   XDATA SIZE       =   ----    ----
   PDATA SIZE       =   ----    ----
   DATA SIZE        =   ----    ----
   IDATA SIZE       =     24    ----
   BIT SIZE         =   ----    ----
END OF MODULE INFORMATION.


C51 COMPILATION COMPLETE.  0 WARNING(S),  0 ERROR(S)
