C51 COMPILER V9.54   ZOMBIE                                                                04/15/2026 00:07:32 PAGE 1   


C51 COMPILER V9.54, COMPILATION OF MODULE ZOMBIE
OBJECT MODULE PLACED IN .\Objects\zombie.obj
COMPILER INVOKED BY: C:\Keil_v5\C51\BIN\C51.EXE zombie.c OPTIMIZE(8,SPEED) BROWSE DEBUG OBJECTEXTEND PRINT(.\Listings\zo
                    -mbie.lst) OBJECT(.\Objects\zombie.obj)

line level    source

   1          #include "zombie.h"
   2          
   3          extern code unsigned char IMG_DATA_Empty[32]; 
   4          code unsigned char IMG_DATA_Person[32] = 
   5          {
   6              0x01,0xC0,0x06,0x38,0x30,0x0C,0x60,0x04,0x46,0x67,0x40,0xB2,0x71,0x0A,0x49,0x6A,
   7              0x4B,0x10,0x70,0xE6,0x3E,0x01,0x0F,0x88,0x0D,0xD0,0x18,0x34,0x09,0xD4,0x01,0x14,
   8          };
   9          code unsigned char IMG_DATA_Person1[32] = 
  10          {
  11              0x03,0x80,0x1C,0xF8,0x20,0xEC,0x30,0x44,0x18,0x02,0x08,0x02,0x0C,0x06,0x0A,0x02,
  12              0x12,0x06,0x10,0x5E,0x32,0x0C,0x12,0x27,0x1F,0xCB,0x0D,0x10,0x0E,0x14,0x03,0x14,
  13          };
  14          //蔗坌堤墅佼唗
  15          idata u8 zombie_wave[]={2,1,3,3,1,2};
  16          //絞ヶ堤墅佼唗
  17          u8 wave_now = 0;
  18          //珨僕嗣屾硐蔗坌
  19          u8 wave_total = 6;
  20          
  21          
  22          
  23          extern u8 Position_Item_1;
  24          extern u8 Position_Item_2;
  25          extern u8 Position_Item_3;
  26          
  27          
  28          
  29          
  30          
  31          u8 addr_1=13;//ㄗ3-8ㄘ珨僕褫眕迡3*6硐蔗坌
  32          u8 addr_2=23;
  33          u8 addr_3=33;
  34          
  35          
  36          
  37          
  38          
  39          void Read_zombie_wave(void)
  40          {
  41   1          if(wave_now >= wave_total) return;
  42   1      
  43   1          if(delay_noblock(6,4000) && wave_now < wave_total)
  44   1          {
  45   2              switch(zombie_wave[wave_now])
  46   2              {
  47   3                  case 1:
  48   3                      Set_Plot_State(Position_Item_1+7,ZOMBIE);
  49   3                      LCD12864_Show_ImageTrack1(IMG_DATA_Person1, 7);
  50   3                                      Set_Plot_Blood_State(addr_1,120);
  51   3                                      addr_1=addr_1+1;
  52   3                      break;
  53   3                  case 2:
  54   3                      Set_Plot_State(Position_Item_2+7,ZOMBIE);
C51 COMPILER V9.54   ZOMBIE                                                                04/15/2026 00:07:32 PAGE 2   

  55   3                      LCD12864_Show_ImageTrack2(IMG_DATA_Person, 7);
  56   3                                      Set_Plot_Blood_State(addr_2,120);
  57   3                                      addr_2=addr_2+1;
  58   3                      break;         
  59   3                  case 3:
  60   3                      Set_Plot_State(Position_Item_3+7,ZOMBIE);
  61   3                      LCD12864_Show_ImageTrack3(IMG_DATA_Person, 7);
  62   3                                      Set_Plot_Blood_State(addr_3,120);
  63   3                                      addr_3=addr_3+1;
  64   3                      break;
  65   3              }
  66   2              wave_now++;
  67   2          }
  68   1      }
  69          
  70          // ====================== 寢耋1 蔗坌痄雄 ======================
  71          void Detect_Zombie1_move(void)
  72          {
  73   1          u8 z;
  74   1      
  75   1          if(!delay_noblock(3, 3000)) return;
  76   1              
  77   1          for(z=1; z<=7; z++)
  78   1          {
  79   2              if(Get_Plot_State(Position_Item_1 + z) == ZOMBIE && Get_Plot_State(Position_Item_1 + z-1) != ZOMBI
             -E)
  80   2              {
  81   3      
  82   3                              if(Get_Plot_State(Position_Item_1 + z-1) == PEA ||Get_Plot_State(Position_Item_1 + z-1) == POTATO)
  83   3                              {
  84   4                                      Set_Plot_Blood_State(Position_Item_1 + z-1,Get_Plot_Blood_State(Position_Item_1 + z-1)-20);
  85   4      
  86   4      
  87   4                                      if(Get_Plot_Blood_State(Position_Item_1 + z-1) <= 0)
  88   4                                      {
  89   5                                              Set_Plot_State(Position_Item_1 + z-1, EMPTY);
  90   5                                              LCD12864_Show_ImageTrack1(IMG_DATA_Empty, z-1);
  91   5                                      }
  92   4                                      continue;
  93   4                              }
  94   3                              
  95   3                              Set_Plot_State(Position_Item_1 + z, ZOMBIE);
  96   3                  LCD12864_Show_ImageTrack1(IMG_DATA_Person1, z);
  97   3                              
  98   3                  Set_Plot_State(Position_Item_1 + (z-1), ZOMBIE);
  99   3                  LCD12864_Show_ImageTrack1(IMG_DATA_Person1, z-1);
 100   3      
 101   3                  Set_Plot_State(Position_Item_1 + z, EMPTY);
 102   3                  LCD12864_Show_ImageTrack1(IMG_DATA_Empty, z);
 103   3      
 104   3      
 105   3                              
 106   3              }
 107   2          }
 108   1      }
 109          
 110          // ====================== 寢耋2 蔗坌痄雄 ======================
 111          void Detect_Zombie2_move(void)
 112          {
 113   1          u8 z;
 114   1          if(!delay_noblock(4, 2000)) return;
 115   1      
C51 COMPILER V9.54   ZOMBIE                                                                04/15/2026 00:07:32 PAGE 3   

 116   1          for(z=1; z<=7; z++)
 117   1          {
 118   2              if(Get_Plot_State(Position_Item_2 + z) == ZOMBIE && Get_Plot_State(Position_Item_2 + z-1) != ZOMBI
             -E)
 119   2              {
 120   3                              //眵昜諶悛測鎢
 121   3                              if(Get_Plot_State(Position_Item_2 + z-1) == PEA ||Get_Plot_State(Position_Item_2 + z-1) == POTATO)
 122   3                              {
 123   4                                      Set_Plot_Blood_State(Position_Item_2 + z-1,Get_Plot_Blood_State(Position_Item_2 + z-1)-20);
 124   4      
 125   4      
 126   4                                      if(Get_Plot_Blood_State(Position_Item_2 + z-1) <= 0)
 127   4                                      {
 128   5                                              Set_Plot_State(Position_Item_2 + z-1, EMPTY);
 129   5                                              LCD12864_Show_ImageTrack2(IMG_DATA_Empty, z-1);
 130   5                                      }
 131   4                                      continue;
 132   4                              }
 133   3                  Set_Plot_State(Position_Item_2 + z, ZOMBIE);
 134   3                  LCD12864_Show_ImageTrack2(IMG_DATA_Person, z);
 135   3                              
 136   3                  Set_Plot_State(Position_Item_2 + (z-1), ZOMBIE);
 137   3                  LCD12864_Show_ImageTrack2(IMG_DATA_Person, z-1);
 138   3                              
 139   3                  Set_Plot_State(Position_Item_2 + z, EMPTY);
 140   3                  LCD12864_Show_ImageTrack2(IMG_DATA_Empty, z);
 141   3              }
 142   2          }
 143   1      }
 144          
 145          // ====================== 寢耋3 蔗坌痄雄ㄗ斕埻懂腔ㄘ======================
 146          void Detect_Zombie3_move(void)
 147          {
 148   1          u8 z;
 149   1          if(!delay_noblock(5,4000)) return;
 150   1      
 151   1          for(z=1; z<=7; z++)
 152   1          {
 153   2              if(Get_Plot_State(Position_Item_3+z) == ZOMBIE && Get_Plot_State(Position_Item_3 + z-1) != ZOMBIE)
 154   2              {
 155   3                              if(Get_Plot_State(Position_Item_3 + z-1) == PEA ||Get_Plot_State(Position_Item_3 + z-1) == POTATO)conti
             -nue;
 156   3                              
 157   3                              Set_Plot_State(Position_Item_3 + z, ZOMBIE);
 158   3                              LCD12864_Show_ImageTrack3(IMG_DATA_Person, z);
 159   3                              
 160   3                              Set_Plot_State(Position_Item_3 + (z-1), ZOMBIE);
 161   3                              LCD12864_Show_ImageTrack3(IMG_DATA_Person, z-1);
 162   3                              
 163   3                              Set_Plot_State(Position_Item_3 + z, EMPTY);
 164   3                              LCD12864_Show_ImageTrack3(IMG_DATA_Empty, z);
 165   3              }
 166   2          }
 167   1      }
 168          
 169          //翋滲杅
 170          void Zombie_Main(void)
 171          {
 172   1          Read_zombie_wave();
 173   1          Detect_Zombie1_move();
 174   1          Detect_Zombie2_move();
 175   1          Detect_Zombie3_move();
C51 COMPILER V9.54   ZOMBIE                                                                04/15/2026 00:07:32 PAGE 4   

 176   1      }


MODULE INFORMATION:   STATIC OVERLAYABLE
   CODE SIZE        =    712    ----
   CONSTANT SIZE    =     64    ----
   XDATA SIZE       =   ----    ----
   PDATA SIZE       =   ----    ----
   DATA SIZE        =      5       3
   IDATA SIZE       =      6    ----
   BIT SIZE         =   ----    ----
END OF MODULE INFORMATION.


C51 COMPILATION COMPLETE.  0 WARNING(S),  0 ERROR(S)
