C51 COMPILER V9.54   DELAY                                                                 04/10/2026 13:38:49 PAGE 1   


C51 COMPILER V9.54, COMPILATION OF MODULE DELAY
OBJECT MODULE PLACED IN .\Objects\Delay.obj
COMPILER INVOKED BY: C:\Keil_v5\C51\BIN\C51.EXE Delay.c OPTIMIZE(8,SPEED) BROWSE DEBUG OBJECTEXTEND PRINT(.\Listings\Del
                    -ay.lst) OBJECT(.\Objects\Delay.obj)

line level    source

   1          #include "public.h"
*** WARNING C318 IN LINE 1 OF Delay.c: can't open file 'public.h'
   2          
   3          
   4          void Delay_10us(unsigned int ten_us)
   5          {
   6   1              while(ten_us--);        
   7   1      }
   8          
   9          
  10          void Delay_ms(unsigned int xms)         //@12.000MHz
  11          {
  12   1              unsigned char i, j;
  13   1              while(xms--)
  14   1              {
  15   2                      i = 2;
  16   2                      j = 239;
  17   2                      do
  18   2                      {
  19   3                              while (--j);
  20   3                      } while (--i);
  21   2              }
  22   1      }


MODULE INFORMATION:   STATIC OVERLAYABLE
   CODE SIZE        =     32    ----
   CONSTANT SIZE    =   ----    ----
   XDATA SIZE       =   ----    ----
   PDATA SIZE       =   ----    ----
   DATA SIZE        =   ----    ----
   IDATA SIZE       =   ----    ----
   BIT SIZE         =   ----    ----
END OF MODULE INFORMATION.


C51 COMPILATION COMPLETE.  1 WARNING(S),  0 ERROR(S)
