C51 COMPILER V9.54   AREA                                                                  04/13/2026 15:56:46 PAGE 1   


C51 COMPILER V9.54, COMPILATION OF MODULE AREA
OBJECT MODULE PLACED IN .\Objects\area.obj
COMPILER INVOKED BY: C:\Keil_v5\C51\BIN\C51.EXE area.c OPTIMIZE(8,SPEED) BROWSE DEBUG OBJECTEXTEND PRINT(.\Listings\area
                    -.lst) OBJECT(.\Objects\area.obj)

line level    source

   1          #include "area.h"
   2          
   3          
   4          // 땍屢寧욥뒈돨榴檄
   5          xdata u8 Plot_State[PLOT_NUM];  //痰鑒莉윱닸뒈욥榴檄，절흔{0，0，0，0，1，2}
   6          
   7          
   8          // 놓迦뺏：杰唐뒈욥떼角왕돨//윈嵐돕24뒈욥痰黨뇹잿쉘暇뵨綾뎐돨뒈욥欖痰狂痙
   9          void Plot_Init(void)
  10          {
  11   1          u8 i;
  12   1          for(i=0; i<PLOT_NUM; i++)
  13   1          {
  14   2              Plot_State[i] = EMPTY;
  15   2          }
  16   1      }
  17          
  18          //땍屢뒈욥깃뵀槨鑒莉깃뵀
  19          static unsigned char PlotID_To_Index(unsigned char plot_id)
  20          {
  21   1          switch(plot_id)
  22   1          {
  23   2              case 11: return 0;
  24   2              case 21: return 1;
  25   2              case 31: return 2;
  26   2              case 12: return 3;
  27   2              case 22: return 4;
  28   2              case 32: return 5;
  29   2                      case 13: return 6;
  30   2              case 23: return 7;
  31   2              case 33: return 8;
  32   2              case 14: return 9;
  33   2              case 24: return 10;
  34   2              case 34: return 11;
  35   2                      case 15: return 12;
  36   2              case 25: return 13;
  37   2              case 35: return 14;
  38   2              case 16: return 15;
  39   2              case 26: return 16;
  40   2              case 36: return 17;
  41   2                      case 17: return 18;
  42   2              case 27: return 19;
  43   2              case 37: return 20;
  44   2              case 18: return 21;
  45   2              case 28: return 22;
  46   2              case 38: return 23;
  47   2              default: return 0xFF;
  48   2          }
  49   1      }
  50          
  51          // ===================== 꿴璂榴檄 =====================
  52          // 묘콘：渴흙뒈욥긍뵀(0~23)，럿쀼劍돨榴檄
  53          u8 Get_Plot_State(u8 plot_id)
  54          {
C51 COMPILER V9.54   AREA                                                                  04/13/2026 15:56:46 PAGE 2   

  55   1          unsigned char index = PlotID_To_Index(plot_id);
  56   1          if(index >= PLOT_NUM) return 0xFF;
  57   1          return Plot_State[index];
  58   1      }
  59          
  60          // ===================== 맣긴榴檄 =====================
  61          // 묘콘：渴흙뒈욥긍뵀 + 劤榴檄，殮쌈錦맣
  62          void Set_Plot_State(u8 plot_id, u8 sta)
  63          {
  64   1              unsigned char index = PlotID_To_Index(plot_id);
  65   1          if(index >= PLOT_NUM) return;
  66   1          //if(sta > POTATO) return; // 怜豚冀 0 1 2
  67   1          
  68   1          Plot_State[index] = sta;
  69   1      }
  70          
  71          
  72          


MODULE INFORMATION:   STATIC OVERLAYABLE
   CODE SIZE        =    242    ----
   CONSTANT SIZE    =   ----    ----
   XDATA SIZE       =     24    ----
   PDATA SIZE       =   ----    ----
   DATA SIZE        =   ----    ----
   IDATA SIZE       =   ----    ----
   BIT SIZE         =   ----    ----
END OF MODULE INFORMATION.


C51 COMPILATION COMPLETE.  0 WARNING(S),  0 ERROR(S)
