C51 COMPILER V9.54   BULLET                                                                04/13/2026 15:56:46 PAGE 1   


C51 COMPILER V9.54, COMPILATION OF MODULE BULLET
OBJECT MODULE PLACED IN .\Objects\bullet.obj
COMPILER INVOKED BY: C:\Keil_v5\C51\BIN\C51.EXE bullet.c OPTIMIZE(8,SPEED) BROWSE DEBUG OBJECTEXTEND PRINT(.\Listings\bu
                    -llet.lst) OBJECT(.\Objects\bullet.obj)

line level    source

   1          #include "bullet.h"
   2          
   3          
   4          
   5          
   6          extern code unsigned char IMG_DATA_Empty[32];
   7          code u8 One_Bullet[] =
   8          {
   9              0x00,0x00,0x00,0x00,0x00,0x00,0x01,0x80,0x03,0xC0,0x03,0xC0,0x01,0x80,0x00,0x00,
  10              0x00,0x00,0x00,0x00,0x00,0x00,0x00,0x00,0x00,0x00,0x00,0x00,0x00,0x00,0x00,0x00, /*' ',0*/
  11          };
  12          code u8 Two_Bullet[] =
  13          {
  14              0x00,0x00,0x00,0x00,0x00,0x00,0x18,0x18,0x3C,0x3C,0x3C,0x3C,0x18,0x18,0x00,0x00,
  15              0x00,0x00,0x00,0x00,0x00,0x00,0x00,0x00,0x00,0x00,0x00,0x00,0x00,0x00,0x00,0x00, /*' ',0*/
  16          };
  17          
  18          
  19          
  20          
  21          typedef enum {
  22                  OEPL,
  23                  PLPL,
  24                  NOPL,
  25          } PlantState;
  26          
  27          u8 Position_Bullet_1=11;
  28          u8 Position_Bullet_2=23-2;
  29          u8 Position_Bullet_3=33-2;
  30          
  31          // ЙьЕР1
  32          PlantState Plant_state1 = NOPL;
  33          PlantState last_state1  = NOPL;
  34          static u8 bullet_pos1   = 2;
  35          
  36          // ЙьЕР2
  37          PlantState Plant_state2 = NOPL;
  38          PlantState last_state2  = NOPL;
  39          static u8 bullet_pos2   = 2;
  40          
  41          // ЙьЕР3
  42          PlantState Plant_state3 = NOPL;
  43          PlantState last_state3  = NOPL;
  44          static u8 bullet_pos3   = 2;
  45          
  46          
  47          void Bullet_Shoot1(void);
  48          void Bullet_Shoot2(void);
  49          void Bullet_Shoot3(void);
  50          void Change_Plant_state_All(void);
  51          
  52          
  53          void Bullet_Main(void)
  54          {
C51 COMPILER V9.54   BULLET                                                                04/13/2026 15:56:46 PAGE 2   

  55   1              Change_Plant_state_All();
  56   1              Bullet_Shoot1();
  57   1              Bullet_Shoot2();
  58   1              Bullet_Shoot3();
  59   1      }
  60          
  61          
  62          // ====================== МьВт3ИіЙьЕРЕФжВЮязДЬЌ ======================
  63          void Change_Plant_state_All(void)
  64          {
  65   1          // ЫљгаБфСПБиаыЖЈвхдкКЏЪ§зюЖЅВПЃЁ
  66   1          unsigned char left1, right1, pot1;
  67   1          unsigned char left2, right2, pot2;
  68   1          unsigned char left3, right3, pot3;
  69   1      
  70   1          // ========== ЙьЕР1 ==========
  71   1          left1  = (Plot_State[0] == 1);
  72   1          right1 = (Plot_State[3] == 1);
  73   1          pot1   = (Plot_State[3] == 2);
  74   1          if(left1 && right1)      Plant_state1 = PLPL;
  75   1          else if(left1 || right1 || (left1 && pot1)) Plant_state1 = OEPL;
  76   1          else                    Plant_state1 = NOPL;
  77   1      
  78   1          // ========== ЙьЕР2 ==========
  79   1          left2  = (Plot_State[1] == 1);
  80   1          right2 = (Plot_State[4] == 1);
  81   1          pot2   = (Plot_State[4] == 2);
  82   1          if(left2 && right2)      Plant_state2 = PLPL;
  83   1          else if(left2 || right2 || (left2 && pot2)) Plant_state2 = OEPL;
  84   1          else                    Plant_state2 = NOPL;
  85   1      
  86   1          // ========== ЙьЕР3 ==========
  87   1          left3  = (Plot_State[2] == 1);
  88   1          right3 = (Plot_State[5] == 1);
  89   1          pot3   = (Plot_State[5] == 2);
  90   1          if(left3 && right3)      Plant_state3 = PLPL;
  91   1          else if(left3 || right3 || (left3 && pot3)) Plant_state3 = OEPL;
  92   1          else                    Plant_state3 = NOPL;
  93   1      }
  94          
  95          // ====================== ЙьЕР1 згЕЏ ======================
  96          void Bullet_Shoot1(void)
  97          {
  98   1              
  99   1              //ЕБЧАЮожВЮяЕФЪБКђ
 100   1          if(Plant_state1 == NOPL)
 101   1          {
 102   2                      //ДггажВЮяБфЮЊЮожВЮяЕФЪБКђ
 103   2              if(last_state1 != NOPL)
 104   2              {
 105   3                  LCD12864_Show_ImageTrack1(IMG_DATA_Empty, bullet_pos1);
 106   3                              
 107   3                              Set_Plot_State(Position_Bullet_1+bullet_pos1,EMPTY);//НЋЕБЧАЕижЗаДЮЊПе
 108   3                              
 109   3                  bullet_pos1 = 2;
 110   3              }
 111   2              last_state1 = NOPL;
 112   2              return;
 113   2          }
 114   1                      
 115   1              //ЕБЧАгажВЮяЕФЪБКђ
 116   1          if(delay_noblock1(300))
C51 COMPILER V9.54   BULLET                                                                04/13/2026 15:56:46 PAGE 3   

 117   1          {
 118   2      //              if( Get_Plot_State(Position_Bullet_1 + bullet_pos1) == Z.OMBIE )
 119   2      //              {
 120   2      //                      
 121   2      //                      return;
 122   2      //              }
 123   2              LCD12864_Show_ImageTrack1(IMG_DATA_Empty, bullet_pos1);
 124   2                      Set_Plot_State(Position_Bullet_1+bullet_pos1,EMPTY);//НЋЕБЧАЕижЗаДЮЊПе
 125   2                      
 126   2              bullet_pos1++; 
 127   2                      
 128   2                      if( Get_Plot_State(Position_Bullet_1 + bullet_pos1) == ZOMBIE )
 129   2                      {
 130   3                              
 131   3                              return;
 132   3                      }
 133   2              
 134   2                      //ЛжИДbullet_pos1
 135   2                      if(bullet_pos1 >= 8) bullet_pos1 = 2;
 136   2                      
 137   2                      //ХаЖЯЗЂЩфвЛПХзгЕЏЛЙЪЧСНПХ
 138   2                      if(Plant_state1 == PLPL)
 139   2                      {
 140   3                              LCD12864_Show_ImageTrack1(Two_Bullet, bullet_pos1);
 141   3                              Set_Plot_State(Position_Bullet_1+bullet_pos1,BULLET);//НЋЕБЧАЕижЗаДЮЊзгЕЏ
 142   3                      }
 143   2                      else
 144   2                      {
 145   3                              LCD12864_Show_ImageTrack1(One_Bullet, bullet_pos1);
 146   3                              Set_Plot_State(Position_Bullet_1+bullet_pos1,BULLET);
 147   3                      }
 148   2              
 149   2          }
 150   1          last_state1 = Plant_state1;
 151   1      }
 152          
 153          // ====================== ЙьЕР2 згЕЏ ======================
 154          void Bullet_Shoot2(void)
 155          {
 156   1          if(Plant_state2 == NOPL)
 157   1          {
 158   2              if(last_state2 != NOPL)
 159   2              {
 160   3                  LCD12864_Show_ImageBullet2(IMG_DATA_Empty, bullet_pos2);
 161   3                  bullet_pos2 = 2;
 162   3              }
 163   2              last_state2 = NOPL;
 164   2              return;
 165   2          }
 166   1      
 167   1          if(delay_noblock2(300))
 168   1          {
 169   2              LCD12864_Show_ImageBullet2(IMG_DATA_Empty, bullet_pos2);
 170   2                      Set_Plot_State(Position_Bullet_2+bullet_pos2,EMPTY);//НЋЕБЧАЕижЗаДЮЊПе
 171   2                      
 172   2              bullet_pos2++; 
 173   2                      if( Get_Plot_State(Position_Bullet_2 + bullet_pos2) == ZOMBIE )
 174   2                      {
 175   3                              
 176   3                              return;
 177   3                      }
 178   2                      
C51 COMPILER V9.54   BULLET                                                                04/13/2026 15:56:46 PAGE 4   

 179   2                      if(bullet_pos2 >= 8) bullet_pos2 = 2;
 180   2              if(Plant_state2 == PLPL)
 181   2                      {
 182   3                      LCD12864_Show_ImageBullet2(Two_Bullet, bullet_pos2);
 183   3                              Set_Plot_State(Position_Bullet_1+bullet_pos2,BULLET);
 184   3                      }
 185   2              else
 186   2                      {
 187   3                      LCD12864_Show_ImageBullet2(One_Bullet, bullet_pos2);
 188   3                              Set_Plot_State(Position_Bullet_1+bullet_pos2,BULLET);
 189   3                      }
 190   2          }
 191   1          last_state2 = Plant_state2;
 192   1      }
 193          
 194          // ====================== ЙьЕР3 згЕЏ ======================
 195          void Bullet_Shoot3(void)
 196          {
 197   1          if(Plant_state3 == NOPL)
 198   1          {
 199   2              if(last_state3 != NOPL)
 200   2              {
 201   3                  LCD12864_Show_ImageBullet3(IMG_DATA_Empty, bullet_pos3);
 202   3                  bullet_pos3 = 2;
 203   3              }
 204   2              last_state3 = NOPL;
 205   2              return;
 206   2          }
 207   1      
 208   1          if(delay_noblock3(300))
 209   1          {
 210   2              LCD12864_Show_ImageBullet3(IMG_DATA_Empty, bullet_pos3);
 211   2                      Set_Plot_State(Position_Bullet_3+bullet_pos3,EMPTY);//НЋЕБЧАЕижЗаДЮЊПе
 212   2              bullet_pos3++; 
 213   2                      if( Get_Plot_State(Position_Bullet_3 + bullet_pos3) == ZOMBIE )
 214   2                      {
 215   3                              
 216   3                              return;
 217   3                      }
 218   2                      if(bullet_pos3 >= 8) bullet_pos3 = 2;
 219   2              if(Plant_state3 == PLPL)
 220   2                      {
 221   3                      LCD12864_Show_ImageBullet3(Two_Bullet, bullet_pos3);
 222   3                              Set_Plot_State(Position_Bullet_1+bullet_pos3,BULLET);
 223   3                      }
 224   2              else
 225   2                      {
 226   3                      LCD12864_Show_ImageBullet3(One_Bullet, bullet_pos3);
 227   3                              Set_Plot_State(Position_Bullet_1+bullet_pos3,BULLET);
 228   3                      }
 229   2          }
 230   1          last_state3 = Plant_state3;
 231   1      }
 232          
 233          
 234          //НЋзгЕЏвЛЕФbullet_pos1зЊЛЏЮЊПЩаДШыЪ§зщЕФЕижЗ    
 235                  
 236          
 237          
 238          
 239          
 240          
C51 COMPILER V9.54   BULLET                                                                04/13/2026 15:56:46 PAGE 5   

 241          
 242          


MODULE INFORMATION:   STATIC OVERLAYABLE
   CODE SIZE        =    571    ----
   CONSTANT SIZE    =     64    ----
   XDATA SIZE       =   ----    ----
   PDATA SIZE       =   ----    ----
   DATA SIZE        =     12    ----
   IDATA SIZE       =   ----    ----
   BIT SIZE         =   ----    ----
END OF MODULE INFORMATION.


C51 COMPILATION COMPLETE.  0 WARNING(S),  0 ERROR(S)
