C51 COMPILER V9.54   BULLET                                                                04/11/2026 14:35:22 PAGE 1   


C51 COMPILER V9.54, COMPILATION OF MODULE BULLET
OBJECT MODULE PLACED IN .\Objects\bullet.obj
COMPILER INVOKED BY: C:\Keil_v5\C51\BIN\C51.EXE bullet.c OPTIMIZE(8,SPEED) BROWSE DEBUG OBJECTEXTEND PRINT(.\Listings\bu
                    -llet.lst) OBJECT(.\Objects\bullet.obj)

line level    source

   1          #include "bullet.h"
   2          
   3          extern code unsigned char IMG_DATA_Empty[32];
   4          
   5          code u8 One_Bullet[] =
   6          {
   7              0x00,0x00,0x00,0x00,0x00,0x00,0x01,0x80,0x03,0xC0,0x03,0xC0,0x01,0x80,0x00,0x00,
   8              0x00,0x00,0x00,0x00,0x00,0x00,0x00,0x00,0x00,0x00,0x00,0x00,0x00,0x00,0x00,0x00, /*' ',0*/
   9          };
  10          code u8 Two_Bullet[] =
  11          {
  12              0x00,0x00,0x00,0x00,0x00,0x00,0x18,0x18,0x3C,0x3C,0x3C,0x3C,0x18,0x18,0x00,0x00,
  13              0x00,0x00,0x00,0x00,0x00,0x00,0x00,0x00,0x00,0x00,0x00,0x00,0x00,0x00,0x00,0x00, /*' ',0*/
  14          };
  15          
  16          void Bullet_MoveAll(void)
  17          {
  18   1          static u8 i = 2;  // 静态变量：记住当前子弹位置
  19   1      
  20   1          if(delay_noblock(300))  // 200ms 移动一步，可自己改速度
  21   1          {
  22   2                      if(i>2)
  23   2                      {
  24   3                              LCD12864_Show_ImageBullet(IMG_DATA_Empty,i-1);
  25   3                      }
  26   2              LCD12864_Show_ImageBullet(Two_Bullet, i);
  27   2              i++;
  28   2      
  29   2              if(i >= 8)  // 子弹走到头
  30   2              {
  31   3                  i = 2;   // 重置
  32   3      
  33   3              }
  34   2          }
  35   1              
  36   1      }
  37          
  38          


MODULE INFORMATION:   STATIC OVERLAYABLE
   CODE SIZE        =     50    ----
   CONSTANT SIZE    =     64    ----
   XDATA SIZE       =   ----    ----
   PDATA SIZE       =   ----    ----
   DATA SIZE        =      1    ----
   IDATA SIZE       =   ----    ----
   BIT SIZE         =   ----    ----
END OF MODULE INFORMATION.


C51 COMPILATION COMPLETE.  0 WARNING(S),  0 ERROR(S)
