C51 COMPILER V9.54   TIMER0                                                                04/11/2026 14:30:34 PAGE 1   


C51 COMPILER V9.54, COMPILATION OF MODULE TIMER0
OBJECT MODULE PLACED IN .\Objects\Timer0.obj
COMPILER INVOKED BY: C:\Keil_v5\C51\BIN\C51.EXE Timer0.c OPTIMIZE(8,SPEED) BROWSE DEBUG OBJECTEXTEND PRINT(.\Listings\Ti
                    -mer0.lst) OBJECT(.\Objects\Timer0.obj)

line level    source

   1          #include "Timer0.h"
   2          
   3          u16 sys_ms = 0;
   4          u16 bullet_last_ms = 0;
   5          
   6          void Timer0_Init(void)
   7          {
   8   1          TMOD |= 0x01;
   9   1          TH0 = 0xFC;
  10   1          TL0 = 0x67;
  11   1          ET0 = 1;
  12   1          TR0 = 1;
  13   1          EA  = 1;
  14   1      }
  15          
  16          void Timer0_ISR(void) interrupt 1
  17          {
  18   1          TH0 = 0xFC;
  19   1          TL0 = 0x67;
  20   1          sys_ms++;
  21   1      }
  22          
  23          u8 delay_noblock(u16 ms)
  24          {
  25   1          if(sys_ms - bullet_last_ms >= ms)
  26   1          {
  27   2              bullet_last_ms = sys_ms;
  28   2              return 1;
  29   2          }
  30   1          return 0;
  31   1      }
  32          
  33          


MODULE INFORMATION:   STATIC OVERLAYABLE
   CODE SIZE        =     65    ----
   CONSTANT SIZE    =   ----    ----
   XDATA SIZE       =   ----    ----
   PDATA SIZE       =   ----    ----
   DATA SIZE        =      4    ----
   IDATA SIZE       =   ----    ----
   BIT SIZE         =   ----    ----
END OF MODULE INFORMATION.


C51 COMPILATION COMPLETE.  0 WARNING(S),  0 ERROR(S)
