C51 COMPILER V9.54   AREA                                                                  04/10/2026 19:37:30 PAGE 1   


C51 COMPILER V9.54, COMPILATION OF MODULE AREA
OBJECT MODULE PLACED IN .\Objects\area.obj
COMPILER INVOKED BY: C:\Keil_v5\C51\BIN\C51.EXE area.c OPTIMIZE(8,SPEED) BROWSE DEBUG OBJECTEXTEND PRINT(.\Listings\area
                    -.lst) OBJECT(.\Objects\area.obj)

line level    source

   1          #include "pubilc.h"
   2          
   3          
   4          
   5          
   6          // 定义一块地的状态
   7          u8 Plot_State[PLOT_NUM];  //用数组来存地块状态，例如{0，0，0，0，1，2}
   8          
   9          static unsigned char PlotID_To_Index(unsigned char plot_id)
  10          {
  11   1          switch(plot_id)
  12   1          {
  13   2              case 11: return 0;
  14   2              case 21: return 1;
  15   2              case 31: return 2;
  16   2              case 12: return 3;
  17   2              case 22: return 4;
  18   2              case 32: return 5;
  19   2              default: return 0xFF;
  20   2          }
  21   1      }
  22          // 初始化：所有地块都是空的
  23          void Plot_Init(void)
  24          {
  25   1          u8 i;
  26   1          for(i=0; i<PLOT_NUM; i++)
  27   1          {
  28   2              Plot_State[i] = EMPTY;
  29   2          }
  30   1      }
  31          
  32          // ===================== 查询状态 =====================
  33          // 功能：输入地块编号(0~5)，返回它的状态
  34          u8 Get_Plot_State(u8 plot_id)
  35          {
  36   1          unsigned char index = PlotID_To_Index(plot_id);
  37   1          if(index >= PLOT_NUM) return 0xFF;
  38   1          return Plot_State[index];
  39   1      }
  40          
  41          // ===================== 改变状态 =====================
  42          // 功能：输入地块编号 + 新状态，直接修改
  43          void Set_Plot_State(u8 plot_id, u8 sta)
  44          {
  45   1              unsigned char index = PlotID_To_Index(plot_id);
  46   1          if(index >= PLOT_NUM) return;
  47   1          if(sta > POTATO) return; // 只允许 0 1 2
  48   1          
  49   1          Plot_State[index] = sta;
  50   1      }


MODULE INFORMATION:   STATIC OVERLAYABLE
   CODE SIZE        =     95    ----
C51 COMPILER V9.54   AREA                                                                  04/10/2026 19:37:30 PAGE 2   

   CONSTANT SIZE    =   ----    ----
   XDATA SIZE       =   ----    ----
   PDATA SIZE       =   ----    ----
   DATA SIZE        =      6    ----
   IDATA SIZE       =   ----    ----
   BIT SIZE         =   ----    ----
END OF MODULE INFORMATION.


C51 COMPILATION COMPLETE.  0 WARNING(S),  0 ERROR(S)
