C51 COMPILER V9.54   GAME                                                                  04/10/2026 20:33:23 PAGE 1   


C51 COMPILER V9.54, COMPILATION OF MODULE GAME
OBJECT MODULE PLACED IN .\Objects\game.obj
COMPILER INVOKED BY: C:\Keil_v5\C51\BIN\C51.EXE game.c OPTIMIZE(8,SPEED) BROWSE DEBUG OBJECTEXTEND PRINT(.\Listings\game
                    -.lst) OBJECT(.\Objects\game.obj)

line level    source

   1          #include "pubilc.h"
   2          
   3          typedef enum {
   4                  KEY_CHOOSE,
   5                  KEY_PLANT,
   6                  KEY_REMOVE
   7          } GameState;
   8          
   9          
  10          GameState now_state_1 = KEY_CHOOSE; 
  11          
  12          u8 Position = 11;
  13          u8 Last_Position = 11;
  14          u8 Type_Plant = 0;
  15          
  16          
  17          
  18          static void Show_Position(u8 Position,u8 code *DData);
  19          static void Chosen_Position(u8 key);
  20          static void Type_Plant_Key(u8 key);
  21          void Select_Plot(u8 Last_Position,u8 Position);
  22          
  23          
  24          code unsigned char IMG_DATA_Position[32] = 
  25          {
  26              0x00,0x00,0x00,0x00,0x00,0x00,0x00,0x00,0x00,0x00,0x00,0x00,0x01,0x80,0x03,0xC0,
  27              0x03,0xC0,0x01,0x80,0x00,0x00,0x00,0x00,0x00,0x00,0x00,0x00,0x00,0x00,0x00,0x00,/*' ',0*/
  28          };
  29          
  30          code unsigned char IMG_DATA_Empty[32] = 
  31          {
  32              0x00,0x00,0x00,0x00,0x00,0x00,0x00,0x00,0x00,0x00,0x00,0x00,0x00,0x00,0x00,0x00,
  33              0x00,0x00,0x00,0x00,0x00,0x00,0x00,0x00,0x00,0x00,0x00,0x00,0x00,0x00,0x00,0x00,
  34          };
  35          
  36          code unsigned char IMG_DATA2_Plant[32] = 
  37          {
  38              0x00,0x00,0x18,0x00,0x39,0xE0,0x70,0xF2,0x30,0xCE,0x30,0x0E,0x30,0x0E,0x0C,0x3E,
  39              0x07,0xC0,0x02,0x00,0x00,0x00,0x00,0x00,0x0F,0x80,0x0F,0xE0,0x1F,0xE0,0x0C,0x00,
  40          };
  41          
  42          code unsigned char IMG_DATA_map[1024] = 
  43          {
  44              0xFF,0xFF,0xFF,0xFF,0xFF,0xFF,0xFF,0xFF,0xFF,0xFF,0xFF,0xFF,0xFF,0xFF,0xFF,0xFF,
  45              0x80,0x00,0x00,0x00,0x00,0x00,0x00,0x00,0x00,0x00,0x00,0x00,0x00,0x00,0x00,0x01,
  46              0x80,0x00,0x00,0x00,0x00,0x00,0x00,0x00,0x00,0x00,0x00,0x00,0x00,0x00,0x00,0x01,
  47              0x80,0x00,0x00,0x00,0x00,0x00,0x00,0x00,0x00,0x00,0x00,0x00,0x00,0x00,0x00,0x01,
  48              0x80,0x00,0x00,0x00,0x00,0x00,0x00,0x00,0x00,0x00,0x00,0x00,0x00,0x00,0x00,0x01,
  49              0x80,0x00,0x00,0x00,0x00,0x00,0x00,0x00,0x00,0x00,0x00,0x00,0x00,0x00,0x00,0x01,
  50              0x80,0x00,0x00,0x00,0x00,0x00,0x00,0x00,0x00,0x00,0x00,0x00,0x00,0x00,0x00,0x01,
  51              0x80,0x00,0x00,0x00,0x00,0x00,0x00,0x00,0x00,0x00,0x00,0x00,0x00,0x00,0x00,0x01,
  52              0x80,0x00,0x00,0x00,0x00,0x00,0x00,0x00,0x00,0x00,0x00,0x00,0x00,0x00,0x00,0x01,
  53              0x80,0x00,0x00,0x00,0x00,0x00,0x00,0x00,0x00,0x00,0x00,0x00,0x00,0x00,0x00,0x01,
  54              0x80,0x00,0x00,0x00,0x00,0x00,0x00,0x00,0x00,0x00,0x00,0x00,0x00,0x00,0x00,0x01,
C51 COMPILER V9.54   GAME                                                                  04/10/2026 20:33:23 PAGE 2   

  55              0x80,0x00,0x00,0x00,0x00,0x00,0x00,0x00,0x00,0x00,0x00,0x00,0x00,0x00,0x00,0x01,
  56              0xFF,0xFF,0xFF,0xFF,0xFF,0xFF,0xFF,0xFF,0xFF,0xFF,0xFF,0xFF,0xFF,0xFF,0xFF,0xFF,
  57              0x80,0x00,0x00,0x00,0x00,0x00,0x00,0x00,0x00,0x00,0x00,0x00,0x00,0x00,0x00,0x01,
  58              0x80,0x00,0x00,0x00,0x00,0x00,0x00,0x00,0x00,0x00,0x00,0x00,0x00,0x00,0x00,0x01,
  59              0x80,0x00,0x00,0x00,0x00,0x00,0x00,0x00,0x00,0x00,0x00,0x00,0x00,0x00,0x00,0x01,
  60              0x80,0x00,0x00,0x00,0x00,0x00,0x00,0x00,0x00,0x00,0x00,0x00,0x00,0x00,0x00,0x01,
  61              0x80,0x00,0x00,0x00,0x00,0x00,0x00,0x00,0x00,0x00,0x00,0x00,0x00,0x00,0x00,0x01,
  62              0x80,0x00,0x00,0x00,0x00,0x00,0x00,0x00,0x00,0x00,0x00,0x00,0x00,0x00,0x00,0x01,
  63              0x80,0x00,0x00,0x00,0x00,0x00,0x00,0x00,0x00,0x00,0x00,0x00,0x00,0x00,0x00,0x01,
  64              0x80,0x00,0x00,0x00,0x00,0x00,0x00,0x00,0x00,0x00,0x00,0x00,0x00,0x00,0x00,0x01,
  65              0x80,0x00,0x00,0x00,0x00,0x00,0x00,0x00,0x00,0x00,0x00,0x00,0x00,0x00,0x00,0x01,
  66              0x80,0x00,0x00,0x00,0x00,0x00,0x00,0x00,0x00,0x00,0x00,0x00,0x00,0x00,0x00,0x01,
  67              0x80,0x00,0x00,0x00,0x00,0x00,0x00,0x00,0x00,0x00,0x00,0x00,0x00,0x00,0x00,0x01,
  68              0x80,0x00,0x00,0x00,0x00,0x00,0x00,0x00,0x00,0x00,0x00,0x00,0x00,0x00,0x00,0x01,
  69              0x80,0x00,0x00,0x00,0x00,0x00,0x00,0x00,0x00,0x00,0x00,0x00,0x00,0x00,0x00,0x01,
  70              0x80,0x00,0x00,0x00,0x00,0x00,0x00,0x00,0x00,0x00,0x00,0x00,0x00,0x00,0x00,0x01,
  71              0x80,0x00,0x00,0x00,0x00,0x00,0x00,0x00,0x00,0x00,0x00,0x00,0x00,0x00,0x00,0x01,
  72              0x80,0x00,0x00,0x00,0x00,0x00,0x00,0x00,0x00,0x00,0x00,0x00,0x00,0x00,0x00,0x01,
  73              0xFF,0xFF,0xFF,0xFF,0xFF,0xFF,0xFF,0xFF,0xFF,0xFF,0xFF,0xFF,0xFF,0xFF,0xFF,0xFF,
  74              0x80,0x00,0x00,0x00,0x00,0x00,0x00,0x00,0x00,0x00,0x00,0x00,0x00,0x00,0x00,0x01,
  75              0x80,0x00,0x00,0x00,0x00,0x00,0x00,0x00,0x00,0x00,0x00,0x00,0x00,0x00,0x00,0x01,
  76              0x80,0x00,0x00,0x00,0x00,0x00,0x00,0x00,0x00,0x00,0x00,0x00,0x00,0x00,0x00,0x01,
  77              0x80,0x00,0x00,0x00,0x00,0x00,0x00,0x00,0x00,0x00,0x00,0x00,0x00,0x00,0x00,0x01,
  78              0x80,0x00,0x00,0x00,0x00,0x00,0x00,0x00,0x00,0x00,0x00,0x00,0x00,0x00,0x00,0x01,
  79              0x80,0x00,0x00,0x00,0x00,0x00,0x00,0x00,0x00,0x00,0x00,0x00,0x00,0x00,0x00,0x01,
  80              0x80,0x00,0x00,0x00,0x00,0x00,0x00,0x00,0x00,0x00,0x00,0x00,0x00,0x00,0x00,0x01,
  81              0x80,0x00,0x00,0x00,0x00,0x00,0x00,0x00,0x00,0x00,0x00,0x00,0x00,0x00,0x00,0x01,
  82              0x80,0x00,0x00,0x00,0x00,0x00,0x00,0x00,0x00,0x00,0x00,0x00,0x00,0x00,0x00,0x01,
  83              0x80,0x00,0x00,0x00,0x00,0x00,0x00,0x00,0x00,0x00,0x00,0x00,0x00,0x00,0x00,0x01,
  84              0x80,0x00,0x00,0x00,0x00,0x00,0x00,0x00,0x00,0x00,0x00,0x00,0x00,0x00,0x00,0x01,
  85              0x80,0x00,0x00,0x00,0x00,0x00,0x00,0x00,0x00,0x00,0x00,0x00,0x00,0x00,0x00,0x01,
  86              0x80,0x00,0x00,0x00,0x00,0x00,0x00,0x00,0x00,0x00,0x00,0x00,0x00,0x00,0x00,0x01,
  87              0x80,0x00,0x00,0x00,0x00,0x00,0x00,0x00,0x00,0x00,0x00,0x00,0x00,0x00,0x00,0x01,
  88              0x80,0x00,0x00,0x00,0x00,0x00,0x00,0x00,0x00,0x00,0x00,0x00,0x00,0x00,0x00,0x01,
  89              0x80,0x00,0x00,0x00,0x00,0x00,0x00,0x00,0x00,0x00,0x00,0x00,0x00,0x00,0x00,0x01,
  90              0xFF,0xFF,0xFF,0xFF,0xFF,0xFF,0xFF,0xFF,0xFF,0xFF,0xFF,0xFF,0xFF,0xFF,0xFF,0xFF,
  91              0x80,0x00,0x00,0x00,0x00,0x00,0x00,0x00,0x00,0x00,0x00,0x00,0x00,0x00,0x00,0x01,
  92              0x80,0x00,0x00,0x00,0x00,0x00,0x00,0x00,0x00,0x00,0x00,0x00,0x00,0x00,0x00,0x01,
  93              0x80,0x00,0x00,0x00,0x00,0x00,0x00,0x00,0x00,0x00,0x00,0x00,0x00,0x00,0x00,0x01,
  94              0x80,0x00,0x00,0x00,0x00,0x00,0x00,0x00,0x00,0x00,0x00,0x00,0x00,0x00,0x00,0x01,
  95              0x80,0x00,0x00,0x00,0x00,0x00,0x00,0x00,0x00,0x00,0x00,0x00,0x00,0x00,0x00,0x01,
  96              0x80,0x00,0x00,0x00,0x00,0x00,0x00,0x00,0x00,0x00,0x00,0x00,0x00,0x00,0x00,0x01,
  97              0x80,0x00,0x00,0x00,0x00,0x00,0x00,0x00,0x00,0x00,0x00,0x00,0x00,0x00,0x00,0x01,
  98              0x80,0x00,0x00,0x00,0x00,0x00,0x00,0x00,0x00,0x00,0x00,0x00,0x00,0x00,0x00,0x01,
  99              0x80,0x00,0x00,0x00,0x00,0x00,0x00,0x00,0x00,0x00,0x00,0x00,0x00,0x00,0x00,0x01,
 100              0x80,0x00,0x00,0x00,0x00,0x00,0x00,0x00,0x00,0x00,0x00,0x00,0x00,0x00,0x00,0x01,
 101              0x80,0x00,0x00,0x00,0x00,0x00,0x00,0x00,0x00,0x00,0x00,0x00,0x00,0x00,0x00,0x01,
 102              0x80,0x00,0x00,0x00,0x00,0x00,0x00,0x00,0x00,0x00,0x00,0x00,0x00,0x00,0x00,0x01,
 103              0x80,0x00,0x00,0x00,0x00,0x00,0x00,0x00,0x00,0x00,0x00,0x00,0x00,0x00,0x00,0x01,
 104              0x80,0x00,0x00,0x00,0x00,0x00,0x00,0x00,0x00,0x00,0x00,0x00,0x00,0x00,0x00,0x01,
 105              0x80,0x00,0x00,0x00,0x00,0x00,0x00,0x00,0x00,0x00,0x00,0x00,0x00,0x00,0x00,0x01,
 106              0x80,0x00,0x00,0x00,0x00,0x00,0x00,0x00,0x00,0x00,0x00,0x00,0x00,0x00,0x00,0x01,
 107              0xFF,0xFF,0xFF,0xFF,0xFF,0xFF,0xFF,0xFF,0xFF,0xFF,0xFF,0xFF,0xFF,0xFF,0xFF,0xFF,
 108          };
 109          
 110          
 111          code unsigned char IMG_DATA_Person[32] = 
 112          {
 113              0x01,0xC0,0x06,0x38,0x30,0x0C,0x60,0x04,0x46,0x67,0x40,0xB2,0x71,0x0A,0x49,0x6A,
 114              0x4B,0x10,0x70,0xE6,0x3E,0x01,0x0F,0x88,0x0D,0xD0,0x18,0x34,0x09,0xD4,0x01,0x14,
 115          };
 116          
C51 COMPILER V9.54   GAME                                                                  04/10/2026 20:33:23 PAGE 3   

 117          code unsigned char IMG_DATA_Pototas[32] = 
 118          {
 119              0x07,0xC0,0x1C,0x30,0x28,0x08,0x08,0x04,0x53,0x1E,0x54,0xA2,0x94,0x97,0x82,0x89,
 120              0xA0,0x01,0xA0,0x01,0xA0,0x01,0x80,0x01,0x50,0x02,0x30,0x06,0x18,0x0C,0x07,0xF0,
 121          };
 122          
 123          
 124          
 125          
 126          
 127          
 128          
 129          
 130          // ====================== 游戏主逻辑 ======================
 131          void Game_Main(void)
 132          {
 133   1              u8 key_1;
 134   1              u8 last_state_1 = 0xFF; // 记录上一状态，用于自动刷新
 135   1              
 136   1              
 137   1              LCD12864_Init();
 138   1              Delay_ms(400);
 139   1              
 140   1              LCD12864_Clear();
 141   1              LCD12864_Show_Image(IMG_DATA_map);
 142   1              LCD12864_Show_String(3,0,"Round:");
 143   1              LCD12864_Show_Onechar(0,0,0x24);
 144   1              Show_Position(Position,IMG_DATA_Position);
 145   1          while(1)
 146   1          {
 147   2                      
 148   2              key_1 = MatrixKey();
 149   2              if(key_1 == 0) continue;
 150   2              switch(now_state_1)
 151   2              {
 152   3                  case KEY_CHOOSE:  Chosen_Position(key_1);   break;
 153   3                  case KEY_PLANT:   Type_Plant_Key(key_1);    break;
 154   3              }
 155   2          }
 156   1      }
 157          
 158          //按键控制游标上下移动
 159          static void Chosen_Position(u8 key)
 160          {
 161   1          if(key == 2) // 上
 162   1          {
 163   2              if(Position/10!=1)
 164   2                      {
 165   3                              Last_Position = Position;
 166   3                              Position=Position-10;
 167   3                      }
 168   2                      Select_Plot(Last_Position,Position);
 169   2                      
 170   2          
 171   2              }
 172   1          if(key == 10) // 下
 173   1          {
 174   2              if(Position/10!=3)
 175   2                      {
 176   3                              Last_Position = Position;
 177   3                              Position=Position+10;
 178   3                      }
C51 COMPILER V9.54   GAME                                                                  04/10/2026 20:33:23 PAGE 4   

 179   2                      Select_Plot(Last_Position,Position);
 180   2              }
 181   1              if(key == 5) //左
 182   1          {
 183   2              if(Position%10!=1)
 184   2                      {
 185   3                              Last_Position = Position;
 186   3                              Position=Position-1;
 187   3                      }
 188   2                      Select_Plot(Last_Position,Position);
 189   2          }
 190   1          if(key == 7) //右
 191   1          {
 192   2              if(Position%10!=2)
 193   2                      {
 194   3                              Last_Position = Position;
 195   3                              Position=Position+1;
 196   3                      }
 197   2                      Select_Plot(Last_Position,Position);
 198   2              }
 199   1          if(key == 6) // 确定
 200   1          {
 201   2                      
 202   2                      now_state_1 = KEY_PLANT;
 203   2          }
 204   1      
 205   1      }
 206          
 207          
 208          //显示游标位置通用画面
 209          static void Show_Position(u8 Position_1,u8 code *DData)
 210          {
 211   1              switch(Position_1)
 212   1              {
 213   2                      case 11:LCD12864_Show_ImageTry1(DData); break;
 214   2                      case 21:LCD12864_Show_ImageTry2(DData); break;
 215   2                      case 31:LCD12864_Show_ImageTry3(DData); break;
 216   2                      case 12:LCD12864_Show_ImageTry11(DData);break;
 217   2                      case 22:LCD12864_Show_ImageTry22(DData);break;
 218   2                      case 32:LCD12864_Show_ImageTry33(DData);break;
 219   2              }
 220   1      }
 221          
 222          //选择植物类型按键
 223          static void Type_Plant_Key(u8 key)
 224          {
 225   1          if(key == 5)//左选
 226   1          {
 227   2              if(Type_Plant > 0) Type_Plant--;
 228   2                      switch(Type_Plant)
 229   2                      {
 230   3                              case 1:Show_Position(Position,IMG_DATA_Position); break;//1选择植物
 231   3                              case 0:Show_Position(Position,IMG_DATA2_Plant); break;//空置
 232   3                              case 2:Show_Position(Position,IMG_DATA_Pototas); break;//2选择土豆
 233   3                      }
 234   2          }
 235   1          if(key == 7)//右选
 236   1          {
 237   2              if(Type_Plant < 2) Type_Plant++;
 238   2                      switch(Type_Plant)
 239   2                      {
 240   3                              case 1:Show_Position(Position,IMG_DATA_Position); break;
C51 COMPILER V9.54   GAME                                                                  04/10/2026 20:33:23 PAGE 5   

 241   3                              case 0:Show_Position(Position,IMG_DATA2_Plant); break;
 242   3                              case 2:Show_Position(Position,IMG_DATA_Pototas); break;
 243   3                      }
 244   2          }
 245   1          if(key == 6)
 246   1          {
 247   2                      switch(Type_Plant)
 248   2                      {
 249   3                              case 1:Show_Position(Position,IMG_DATA_Position);Set_Plot_State(Position,EMPTY); break;
 250   3                              case 0:Show_Position(Position,IMG_DATA2_Plant); Set_Plot_State(Position,PEA);break;
 251   3                              case 2:Show_Position(Position,IMG_DATA_Pototas);Set_Plot_State(Position,POTATO); break;
 252   3                      }
 253   2              now_state_1 = KEY_CHOOSE;
 254   2          }
 255   1      }
 256          
 257          //种植地块选择
 258          void Select_Plot(u8 Last_Position,u8 Position)
 259          {
 260   1              if(Get_Plot_State(Last_Position)==0)
 261   1              {
 262   2                      Show_Position(Last_Position,IMG_DATA_Empty);
 263   2              }
 264   1              if(Get_Plot_State(Position)==0)
 265   1              {
 266   2                      Show_Position(Position,IMG_DATA_Position);
 267   2              }
 268   1      
 269   1          
 270   1      }


MODULE INFORMATION:   STATIC OVERLAYABLE
   CODE SIZE        =    463    ----
   CONSTANT SIZE    =   1191    ----
   XDATA SIZE       =   ----    ----
   PDATA SIZE       =   ----    ----
   DATA SIZE        =      4       8
   IDATA SIZE       =   ----    ----
   BIT SIZE         =   ----    ----
END OF MODULE INFORMATION.


C51 COMPILATION COMPLETE.  0 WARNING(S),  0 ERROR(S)
