C51 COMPILER V9.54   LCD12864                                                              04/03/2026 09:00:28 PAGE 1   


C51 COMPILER V9.54, COMPILATION OF MODULE LCD12864
OBJECT MODULE PLACED IN .\Objects\LCD12864.obj
COMPILER INVOKED BY: C:\Keil_v5\C51\BIN\C51.EXE LCD12864.c OPTIMIZE(8,SPEED) BROWSE DEBUG OBJECTEXTEND PRINT(.\Listings\
                    -LCD12864.lst) OBJECT(.\Objects\LCD12864.obj)

line level    source

   1          #include <REGX52.H>
   2          
   3          #define LCD12864_DATA P0
   4          
   5          sbit LCD12864_RS  = P2^6;
   6          sbit LCD12864_RW  = P2^5;
   7          sbit LCD12864_EN  = P2^7;
   8          sbit LCD12864_PSB = P3^2;
   9          
  10          void Delay1ms()         //@12.000MHz
  11          {
  12   1              unsigned char i, j;
  13   1      
  14   1              i = 2;
  15   1              j = 239;
  16   1              do
  17   1              {
  18   2                      while (--j);
  19   2              } while (--i);
  20   1      }
  21          
  22          void lcd12864_write_cmd(unsigned char cmd)
  23          {
  24   1              LCD12864_RS = 0;
  25   1              LCD12864_RW = 0;
  26   1              LCD12864_EN = 0;
  27   1              Delay1ms();
  28   1              LCD12864_DATA = cmd;
  29   1              Delay1ms();
  30   1              LCD12864_EN = 1;
  31   1              Delay1ms();
  32   1              LCD12864_EN = 0;
  33   1      }
  34          
  35          
  36          void lcd12864_write_data(unsigned char dat)
  37          {
  38   1              LCD12864_RS = 1;
  39   1              LCD12864_RW = 0;
  40   1              LCD12864_EN = 0;
  41   1              Delay1ms();
  42   1              LCD12864_DATA = dat;
  43   1              Delay1ms();
  44   1              LCD12864_EN = 1;
  45   1              Delay1ms();
  46   1              LCD12864_EN = 0;
  47   1      }
  48          
  49          void lcd12864_clear(void)
  50          {
  51   1              lcd12864_write_cmd(0x01);
  52   1              Delay1ms();
  53   1      }
  54          
C51 COMPILER V9.54   LCD12864                                                              04/03/2026 09:00:28 PAGE 2   

  55          
  56          void lcd12864_init(void)
  57          {
  58   1              LCD12864_PSB=1;
  59   1              Delay1ms();
  60   1              lcd12864_write_cmd(0x30);
  61   1              Delay1ms();
  62   1              lcd12864_write_cmd(0x0C);
  63   1              Delay1ms();
  64   1              lcd12864_write_cmd(0x06);
  65   1              Delay1ms();
  66   1              lcd12864_write_cmd(0x01);
  67   1              Delay1ms();
  68   1      }
  69          
  70          
  71          void lcd12864_show_string(unsigned char x,unsigned char y,unsigned char *str)
  72          {
  73   1              if(y<=0)y=0;
  74   1              if(y>3)y=3;
  75   1              x&=0x0f;
  76   1              
  77   1              switch(y)
  78   1              {
  79   2                      case 0: x|=0x80;break;
  80   2                      case 1: x|=0x90;break;
  81   2                      case 2: x|=0x88;break;
  82   2                      case 3: x|=0x98;break;
  83   2              }
  84   1              Delay1ms();
  85   1              lcd12864_write_cmd(x);
  86   1              Delay1ms();
  87   1              while(*str!='\0')
  88   1              {       
  89   2                      lcd12864_write_data(*str);
  90   2                      Delay1ms();
  91   2                      str++;
  92   2                      
  93   2              }
  94   1      }
  95          
  96          
  97          
  98          
  99          
 100          
 101          
 102          
 103          
 104          
 105          
 106          
 107          
 108          


MODULE INFORMATION:   STATIC OVERLAYABLE
   CODE SIZE        =    174    ----
   CONSTANT SIZE    =   ----    ----
   XDATA SIZE       =   ----    ----
   PDATA SIZE       =   ----    ----
   DATA SIZE        =   ----    ----
C51 COMPILER V9.54   LCD12864                                                              04/03/2026 09:00:28 PAGE 3   

   IDATA SIZE       =   ----    ----
   BIT SIZE         =   ----    ----
END OF MODULE INFORMATION.


C51 COMPILATION COMPLETE.  0 WARNING(S),  0 ERROR(S)
