C51 COMPILER V9.54   DELAY                                                                 04/07/2026 20:07:26 PAGE 1   


C51 COMPILER V9.54, COMPILATION OF MODULE DELAY
OBJECT MODULE PLACED IN .\Objects\Delay.obj
COMPILER INVOKED BY: C:\Keil_v5\C51\BIN\C51.EXE Delay.c OPTIMIZE(8,SPEED) BROWSE DEBUG OBJECTEXTEND PRINT(.\Listings\Del
                    -ay.lst) OBJECT(.\Objects\Delay.obj)

line level    source

   1          #include <REGX52.H>
   2          
   3          void delay_10us(unsigned int ten_us)
   4          {
   5   1              while(ten_us--);        
   6   1      }
   7          
   8          void delay_ms(unsigned int xms)         //@12.000MHz
   9          {
  10   1              unsigned char i, j;
  11   1              while(xms--)
  12   1              {
  13   2                      i = 2;
  14   2                      j = 239;
  15   2                      do
  16   2                      {
  17   3                              while (--j);
  18   3                      } while (--i);
  19   2              }
  20   1      }


MODULE INFORMATION:   STATIC OVERLAYABLE
   CODE SIZE        =     32    ----
   CONSTANT SIZE    =   ----    ----
   XDATA SIZE       =   ----    ----
   PDATA SIZE       =   ----    ----
   DATA SIZE        =   ----    ----
   IDATA SIZE       =   ----    ----
   BIT SIZE         =   ----    ----
END OF MODULE INFORMATION.


C51 COMPILATION COMPLETE.  0 WARNING(S),  0 ERROR(S)
