C51 COMPILER V9.54   PLAYER                                                                04/14/2026 23:53:38 PAGE 1   


C51 COMPILER V9.54, COMPILATION OF MODULE PLAYER
OBJECT MODULE PLACED IN .\Objects\player.obj
COMPILER INVOKED BY: C:\Keil_v5\C51\BIN\C51.EXE player.c OPTIMIZE(8,SPEED) BROWSE DEBUG OBJECTEXTEND PRINT(.\Listings\pl
                    -ayer.lst) OBJECT(.\Objects\player.obj)

line level    source

   1          #include "player.h"
   2          
   3          u8 Position = 11;
   4          u8 Last_Position = 11;
   5          u8 Type_Plant = 0;
   6          
   7          extern code unsigned char IMG_DATA_Empty[32];
   8          extern code unsigned char IMG_DATA_Position[32];
   9          extern code unsigned char IMG_DATA2_Plant[32];
  10          extern code unsigned char IMG_DATA_Pototas[32];
  11          
  12          void Plant_Choose(u8 Type_Plant,u8 Position);
  13          
  14          
  15          //按键控制游标上下移动选择地块并处理
  16          void Chosen_Position(u8 key)
  17          {
  18   1          if(key == 2) // 上
  19   1          {
  20   2              if(Position/10!=1)
  21   2                      {
  22   3                              Last_Position = Position;
  23   3                              Position=Position-10;
  24   3                      }
  25   2                      Select_Plot(Last_Position,Position);//选择地块后对上一地块进行覆盖或不处理
  26   2              }
  27   1          if(key == 10) // 下
  28   1          {
  29   2              if(Position/10!=3)
  30   2                      {
  31   3                              Last_Position = Position;
  32   3                              Position=Position+10;
  33   3                      }
  34   2                      Select_Plot(Last_Position,Position);
  35   2              }
  36   1              if(key == 5) //左
  37   1          {
  38   2              if(Position%10!=1)
  39   2                      {
  40   3                              Last_Position = Position;
  41   3                              Position=Position-1;
  42   3                      }
  43   2                      Select_Plot(Last_Position,Position);
  44   2          }
  45   1          if(key == 7) //右
  46   1          {
  47   2              if(Position%10!=2)
  48   2                      {
  49   3                              Last_Position = Position;
  50   3                              Position=Position+1;
  51   3                      }
  52   2                      Select_Plot(Last_Position,Position);
  53   2              }
  54   1          if(key == 6) // 确定
C51 COMPILER V9.54   PLAYER                                                                04/14/2026 23:53:38 PAGE 2   

  55   1          {
  56   2                      
  57   2                      now_state_1 = KEY_PLANT;
  58   2          }
  59   1      
  60   1      }
  61          //按键控制植物选择
  62          void Type_Plant_Key(u8 key)
  63          {
  64   1              //选择植物类型按键
  65   1      
  66   1              if(key == 5)//左选
  67   1              {
  68   2                      if(Type_Plant > 0) Type_Plant--;
  69   2                      switch(Type_Plant)
  70   2                      {
  71   3                              case 1:Show_Position(Position,IMG_DATA_Position); break;//1选择植物
  72   3                              case 0:Show_Position(Position,IMG_DATA2_Plant); break;//空置
  73   3                              case 2:Show_Position(Position,IMG_DATA_Pototas); break;//2选择土豆
  74   3                      }
  75   2                      //Plant_Choose(Type_Plant,Position);
  76   2              }
  77   1              if(key == 7)//右选
  78   1              {
  79   2                      if(Type_Plant < 2) Type_Plant++;
  80   2                      switch(Type_Plant)
  81   2                      {
  82   3                              case 1:Show_Position(Position,IMG_DATA_Position); break;
  83   3                              case 0:Show_Position(Position,IMG_DATA2_Plant); break;
  84   3                              case 2:Show_Position(Position,IMG_DATA_Pototas); break;
  85   3                      }
  86   2              }
  87   1              if(key == 6)
  88   1              {
  89   2      //              switch(Type_Plant)
  90   2      //              {
  91   2      //                      case 1:Show_Position(Position,IMG_DATA_Position);Set_Plot_State(Position,EMPTY); break;
  92   2      //                      case 0:Show_Position(Position,IMG_DATA2_Plant); Set_Plot_State(Position,PEA);break;
  93   2      //                      case 2:Show_Position(Position,IMG_DATA_Pototas);Set_Plot_State(Position,POTATO); break;
  94   2      //              }
  95   2                      Plant_Choose(Type_Plant,Position);
  96   2                      now_state_1 = KEY_CHOOSE;
  97   2              }
  98   1      }
  99          
 100          //显示游标位置通用画面
 101          void Show_Position(u8 Position_1,u8 code *DData)
 102          {
 103   1              switch(Position_1)
 104   1              {
 105   2                      case 11:LCD12864_Show_ImageTrack1(DData,0); break;
 106   2                      case 21:LCD12864_Show_ImageTrack2(DData,0); break;
 107   2                      case 31:LCD12864_Show_ImageTrack3(DData,0); break;
 108   2                      case 12:LCD12864_Show_ImageTrack1(DData,1);break;
 109   2                      case 22:LCD12864_Show_ImageTrack2(DData,1);break;
 110   2                      case 32:LCD12864_Show_ImageTrack3(DData,1);break;
 111   2              }
 112   1      }
 113          
 114          //种植地块选择，选择地块后对上一地块进行覆盖或不处理
 115          void Select_Plot(u8 Last_Position,u8 Position)
 116          {
C51 COMPILER V9.54   PLAYER                                                                04/14/2026 23:53:38 PAGE 3   

 117   1              if(Get_Plot_State(Last_Position)==0)
 118   1              {
 119   2                      Show_Position(Last_Position,IMG_DATA_Empty);
 120   2              }
 121   1              if(Get_Plot_State(Position)==0)
 122   1              {
 123   2                      Show_Position(Position,IMG_DATA_Position);
 124   2              }
 125   1      }
 126          
 127          void Plant_Choose(u8 Type_Plant,u8 Position)
 128          {
 129   1              switch(Type_Plant)
 130   1              {
 131   2                      case 0:
 132   2                              Show_Position(Position,IMG_DATA2_Plant); 
 133   2                              Set_Plot_State(Position,PEA);
 134   2                              Set_Plot_Blood_State(Position,40);
 135   2                              break;
 136   2                      case 1:
 137   2                              Show_Position(Position,IMG_DATA_Position);
 138   2                              Set_Plot_State(Position,EMPTY);
 139   2                              Set_Plot_Blood_State(Position,0);
 140   2                              break;
 141   2                      case 2:
 142   2                              Show_Position(Position,IMG_DATA_Pototas);
 143   2                              Set_Plot_State(Position,POTATO); 
 144   2                              Set_Plot_Blood_State(Position,80);
 145   2                              break;
 146   2              }
 147   1      }


MODULE INFORMATION:   STATIC OVERLAYABLE
   CODE SIZE        =    412    ----
   CONSTANT SIZE    =   ----    ----
   XDATA SIZE       =   ----    ----
   PDATA SIZE       =   ----    ----
   DATA SIZE        =      3       7
   IDATA SIZE       =   ----    ----
   BIT SIZE         =   ----    ----
END OF MODULE INFORMATION.


C51 COMPILATION COMPLETE.  0 WARNING(S),  0 ERROR(S)
