C51 COMPILER V9.54   BLOOD                                                                 04/16/2026 13:22:20 PAGE 1   


C51 COMPILER V9.54, COMPILATION OF MODULE BLOOD
OBJECT MODULE PLACED IN .\Objects\blood.obj
COMPILER INVOKED BY: C:\Keil_v5\C51\BIN\C51.EXE blood.c OPTIMIZE(8,SPEED) BROWSE DEBUG OBJECTEXTEND PRINT(.\Listings\blo
                    -od.lst) OBJECT(.\Objects\blood.obj)

line level    source

   1          #include "blood.h"
   2          
   3          //땍屢寧몸沂좆鑒莉
   4          idata u8 Plot_Blood[PLOT_NUM_BLOOD];
   5          
   6          
   7          
   8          // 놓迦뺏：杰唐뒈욥떼角왕돨//윈嵐돕24뒈욥痰黨뇹잿쉘暇뵨綾뎐돨뒈욥欖痰狂痙
   9          void Plot_BLOOD_Init(void)
  10          {
  11   1          u8 i;
  12   1          for(i=0; i<PLOT_NUM_BLOOD; i++)
  13   1          {
  14   2              Plot_Blood[i] = 0;
  15   2          }
  16   1      }
  17          
  18          
  19          //땍屢뒈욥깃뵀槨鑒莉깃뵀
  20          static unsigned char Redefine_Plot_Num(unsigned char plot_id)
  21          {
  22   1          switch(plot_id)
  23   1          {
  24   2              case 11: return 0;
  25   2              case 21: return 1;
  26   2              case 31: return 2;
  27   2              case 12: return 3;
  28   2              case 22: return 4;
  29   2              case 32: return 5;
  30   2                      
  31   2                      case 13: return 6;
  32   2              case 23: return 7;
  33   2              case 33: return 8;
  34   2              case 14: return 9;
  35   2              case 24: return 10;
  36   2              case 34: return 11;
  37   2                      case 15: return 12;
  38   2              case 25: return 13;
  39   2              case 35: return 14;
  40   2              case 16: return 15;
  41   2              case 26: return 16;
  42   2              case 36: return 17;
  43   2                      case 17: return 18;
  44   2              case 27: return 19;
  45   2              case 37: return 20;
  46   2              default: return 0xFF;
  47   2          }
  48   1      }
  49          
  50          
  51          //뗍혤뒈욥돨沂좆榴檄
  52          u8 Get_Plot_Blood_State(u8 plot_id)
  53          {
  54   1          unsigned char index = Redefine_Plot_Num(plot_id);
C51 COMPILER V9.54   BLOOD                                                                 04/16/2026 13:22:20 PAGE 2   

  55   1          if(index >= PLOT_NUM_BLOOD) return 0xFF;
  56   1          return Plot_Blood[index];
  57   1      }
  58          
  59          
  60          //맣긴뒈욥돨沂좆榴檄
  61          void Set_Plot_Blood_State(u8 plot_id, char sta)
  62          {
  63   1              unsigned char index = Redefine_Plot_Num(plot_id);
  64   1          if(index >= PLOT_NUM_BLOOD) return;
  65   1              if(sta<=0)
  66   1              {
  67   2                      sta=0;
  68   2              }
  69   1          Plot_Blood[index] = sta;
  70   1      }       
  71          
  72          
  73          
  74          
  75          
  76          
  77          
  78          
  79          
  80          
  81          
  82          
  83          
  84          
  85          
  86          
  87          
  88          
  89          
  90          
  91          
  92          
  93          
  94          
  95          
  96          


MODULE INFORMATION:   STATIC OVERLAYABLE
   CODE SIZE        =    192    ----
   CONSTANT SIZE    =   ----    ----
   XDATA SIZE       =   ----    ----
   PDATA SIZE       =   ----    ----
   DATA SIZE        =   ----    ----
   IDATA SIZE       =     21    ----
   BIT SIZE         =   ----    ----
END OF MODULE INFORMATION.


C51 COMPILATION COMPLETE.  0 WARNING(S),  0 ERROR(S)
