C51 COMPILER V9.54   I2C                                                                   04/16/2026 00:35:38 PAGE 1   


C51 COMPILER V9.54, COMPILATION OF MODULE I2C
OBJECT MODULE PLACED IN .\Objects\I2C.obj
COMPILER INVOKED BY: C:\Keil_v5\C51\BIN\C51.EXE I2C.c OPTIMIZE(8,SPEED) BROWSE DEBUG OBJECTEXTEND PRINT(.\Listings\I2C.l
                    -st) OBJECT(.\Objects\I2C.obj)

line level    source

   1          #include <REGX52.H>
   2          //编写6个模块
   3          
   4          //EEPROM
   5          sbit I2C_SCL=P2^1;
   6          sbit I2C_SDA=P2^0;
   7          
   8          /**
   9            * @brief      I2C开始
  10            * @param  无
  11            * @retval 无
  12            */
  13          void I2C_Start(void)
  14          {
  15   1              I2C_SDA=1;
  16   1              I2C_SCL=1;
  17   1              I2C_SDA=0;
  18   1              I2C_SCL=0;
  19   1      }
  20          /**
  21            * @brief      I2C开始
  22            * @param  无
  23            * @retval  无
  24            */
  25          
  26          void I2C_Stop(void)
  27          {
  28   1              I2C_SDA=0;
  29   1              I2C_SCL=1;
  30   1              I2C_SDA=1;
  31   1      }
  32          /**
  33            * @brief      I2C发送一个字节
  34            * @param  Byte 要发送的一个字节
  35            * @retval 无
  36            */
  37          void I2C_SendByte(unsigned char Byte)
  38          {
  39   1              unsigned char i;
  40   1              for(i=0;i<8;i++)
  41   1              {
  42   2                      I2C_SDA=Byte&(0x80>>i);
  43   2                      I2C_SCL=1;
  44   2                      I2C_SCL=0;
  45   2              }
  46   1              
  47   1      }
  48          /**
  49            * @brief      I2C接受一个字节
  50            * @param  无
  51            * @retval 接收到的一个字节数据
  52            */
  53          unsigned char I2C_ReceiveByte(void)
  54          {
C51 COMPILER V9.54   I2C                                                                   04/16/2026 00:35:38 PAGE 2   

  55   1              unsigned char i,Byte=0x00;
  56   1              I2C_SDA=1;
  57   1              for(i=0;i<8;i++)
  58   1              {
  59   2                      
  60   2                      I2C_SCL=1;
  61   2                      if(I2C_SDA){Byte|=(0x80>>i);}
  62   2                      I2C_SCL=0;
  63   2              }
  64   1              
  65   1              return Byte;
  66   1      }
  67          /**
  68            * @brief      I2C发送应答
  69            * @param  AckBit 应答位，0为应答，1为非应答
  70            * @retval
  71            */    
  72          void I2C_SendAck(unsigned char AckBit)
  73          {
  74   1              I2C_SDA=AckBit;
  75   1              I2C_SCL=1;
  76   1              I2C_SCL=0;
  77   1              
  78   1      }
  79          /**
  80            * @brief      I2C接受应答
  81            * @param  无
  82            * @retval 接受到的应答，0为应答，1为非应答
  83            */
  84          unsigned char I2C_ReceiveAck(void)
  85          {
  86   1              unsigned char AckBit;
  87   1              I2C_SDA=1;
  88   1              I2C_SCL=1;
  89   1              AckBit=I2C_SDA;
  90   1              I2C_SCL=0;
  91   1              return AckBit;
  92   1      }
  93          
  94                  
  95                  
  96                  
  97                  
  98                  
  99                  


MODULE INFORMATION:   STATIC OVERLAYABLE
   CODE SIZE        =    109    ----
   CONSTANT SIZE    =   ----    ----
   XDATA SIZE       =   ----    ----
   PDATA SIZE       =   ----    ----
   DATA SIZE        =   ----    ----
   IDATA SIZE       =   ----    ----
   BIT SIZE         =   ----    ----
END OF MODULE INFORMATION.


C51 COMPILATION COMPLETE.  0 WARNING(S),  0 ERROR(S)
