C51 COMPILER V9.54   SETTLEMENT                                                            04/16/2026 00:57:46 PAGE 1   


C51 COMPILER V9.54, COMPILATION OF MODULE SETTLEMENT
OBJECT MODULE PLACED IN .\Objects\settlement.obj
COMPILER INVOKED BY: C:\Keil_v5\C51\BIN\C51.EXE settlement.c OPTIMIZE(8,SPEED) BROWSE DEBUG OBJECTEXTEND PRINT(.\Listing
                    -s\settlement.lst) OBJECT(.\Objects\settlement.obj)

line level    source

   1          #include "settlement.h"
   2          
   3          extern u8 game_over; 
   4          extern u8 sign_num;
   5          extern u8 score;
   6          
   7          u8 game_result;
   8          u8 save_choose;
   9          
  10          void game_settlement(void)
  11          {
  12   1              //有僵尸走到了尽头
  13   1              if(Get_Plot_State(21)==ZOMBIE||Get_Plot_State(11)==ZOMBIE||Get_Plot_State(31)==ZOMBIE)
  14   1              {
  15   2                      game_over = 1;
  16   2                      game_result=0;
  17   2                      
  18   2              }
  19   1              //僵尸出现完毕
  20   1              if(sign_num==10)
  21   1              {
  22   2                      unsigned char i;
  23   2                      unsigned char zb=0;
  24   2                      for(i=0;i<24;i++)
  25   2                      {
  26   3                              if(Get_Plot_State_nomal(i)==ZOMBIE)
  27   3                              {
  28   4                                      zb=1;
  29   4                              }
  30   3                      }
  31   2                      //场上不在剩下僵尸
  32   2                      if(zb==0)
  33   2                      {
  34   3                              game_result=1;
  35   3                              game_over = 1;
  36   3                      }
  37   2              }
  38   1      }
  39          
  40          
  41          void Show_SettleMent(void)
  42          {
  43   1              LCD12864_Clear();
  44   1              if(game_result==0)
  45   1              {
  46   2                      LCD12864_Clear();
  47   2                      LCD12864_Show_String(0,0,"you lost");
  48   2                      Game_Show_Score(5,0,score);
  49   2                      LCD12864_Show_String(0,1,"是否保存你的结果");
  50   2                      if(save_choose == 0)
  51   2                      {
  52   3                              LCD12864_Set_Location(1,2);
  53   3                              LCD12864_Write_Data(' ');                                                                                       //左半角英文字符位显示空格
  54   3                              LCD12864_Write_Data(0x10);
C51 COMPILER V9.54   SETTLEMENT                                                            04/16/2026 00:57:46 PAGE 2   

  55   3                              LCD12864_Show_String(3,2,"保存");
  56   3                      }
  57   2                      else
  58   2                      {
  59   3                              LCD12864_Show_String(1,2, "  ");
  60   3                              LCD12864_Show_String(3,2,"保存");
  61   3                      }
  62   2      
  63   2                      if(save_choose == 1)
  64   2                      {
  65   3                              LCD12864_Set_Location(1,3);
  66   3                              LCD12864_Write_Data(' ');                                                                                       //左半角英文字符位显示空格
  67   3                              LCD12864_Write_Data(0x10);
  68   3                              LCD12864_Show_String(3,3,"不保存");
  69   3                      }
  70   2                      else
  71   2                      {
  72   3                              LCD12864_Show_String(1, 3, "  ");
  73   3                              LCD12864_Show_String(3,3,"不保存");
  74   3                      }
  75   2              }
  76   1              if(game_result==1)
  77   1              {
  78   2                      LCD12864_Clear();
  79   2                      LCD12864_Show_String(0,0,"you win");
  80   2                      Game_Show_Score(5,0,score);
  81   2                      LCD12864_Show_String(0,1,"是否保存你的结果");
  82   2                      if(save_choose == 0)
  83   2                      {
  84   3                              LCD12864_Set_Location(1,2);
  85   3                              LCD12864_Write_Data(' ');                                                                                       //左半角英文字符位显示空格
  86   3                              LCD12864_Write_Data(0x10);
  87   3                              LCD12864_Show_String(3,2,"保存");
  88   3                      }
  89   2                      else
  90   2                      {
  91   3                              LCD12864_Show_String(1,2, "  ");
  92   3                              LCD12864_Show_String(3,2,"保存");
  93   3                      }
  94   2      
  95   2                      if(save_choose == 1)
  96   2                      {
  97   3                              LCD12864_Set_Location(1,3);
  98   3                              LCD12864_Write_Data(' ');                                                                                       //左半角英文字符位显示空格
  99   3                              LCD12864_Write_Data(0x10);
 100   3                              LCD12864_Show_String(3,3,"不保存");
 101   3                      }
 102   2                      else
 103   2                      {
 104   3                              LCD12864_Show_String(1, 3, "  ");
 105   3                              LCD12864_Show_String(3,3,"不保存");
 106   3                      }
 107   2              }
 108   1      }
 109          //需要改进
 110          void SettleMent_Key(key)
 111          {
 112   1          if(key == 2)
 113   1          {
 114   2              if(save_choose > 0) save_choose--;
 115   2          }
 116   1          if(key == 10)
C51 COMPILER V9.54   SETTLEMENT                                                            04/16/2026 00:57:46 PAGE 3   

 117   1          {
 118   2              if(save_choose < 1) save_choose++;
 119   2          }
 120   1          if(key == 6)
 121   1          {
 122   2              if(save_choose == 0) 
 123   2                      {
 124   3                              AT24C02_WriteByte(0,score);
 125   3                      }
 126   2                      Show_MainMenu();
 127   2              now_state = MENU_MAIN;
 128   2              
 129   2          }
 130   1          Show_SettleMent();
 131   1      }
 132          


MODULE INFORMATION:   STATIC OVERLAYABLE
   CODE SIZE        =    426    ----
   CONSTANT SIZE    =     49    ----
   XDATA SIZE       =   ----    ----
   PDATA SIZE       =   ----    ----
   DATA SIZE        =      2       2
   IDATA SIZE       =   ----    ----
   BIT SIZE         =   ----    ----
END OF MODULE INFORMATION.


C51 COMPILATION COMPLETE.  0 WARNING(S),  0 ERROR(S)
