C51 COMPILER V9.54   TIMER0                                                                04/13/2026 16:44:03 PAGE 1   


C51 COMPILER V9.54, COMPILATION OF MODULE TIMER0
OBJECT MODULE PLACED IN .\Objects\Timer0.obj
COMPILER INVOKED BY: C:\Keil_v5\C51\BIN\C51.EXE Timer0.c OPTIMIZE(8,SPEED) BROWSE DEBUG OBJECTEXTEND PRINT(.\Listings\Ti
                    -mer0.lst) OBJECT(.\Objects\Timer0.obj)

line level    source

   1          #include "Timer0.h"
   2          
   3          u16 sys_ms = 0;
   4          
   5          // 只用1个数组，代替你原来 8 个变量！
   6          // 0:轨道1  1:轨道2  2:轨道3
   7          // 3:僵尸1  4:僵尸2  5:僵尸3  6:僵尸总体
   8          u16 last_ms[7] = {0};
   9          
  10          void Timer0_Init(void)
  11          {
  12   1          TMOD |= 0x01;
  13   1          TH0 = 0xFC;
  14   1          TL0 = 0x67;
  15   1          ET0 = 1;
  16   1          TR0 = 1;
  17   1          EA  = 1;
  18   1      }
  19          
  20          void Timer0_ISR(void) interrupt 1
  21          {
  22   1          TH0 = 0xFC;
  23   1          TL0 = 0x67;
  24   1          sys_ms++;
  25   1      }
  26          
  27          
  28          u8 delay_noblock(u8 index, u16 ms)
  29          {
  30   1          if(sys_ms - last_ms[index] >= ms)
  31   1          {
  32   2              last_ms[index] = sys_ms;
  33   2              return 1;
  34   2          }
  35   1          return 0;
  36   1      }


MODULE INFORMATION:   STATIC OVERLAYABLE
   CODE SIZE        =     79    ----
   CONSTANT SIZE    =   ----    ----
   XDATA SIZE       =   ----    ----
   PDATA SIZE       =   ----    ----
   DATA SIZE        =     16    ----
   IDATA SIZE       =   ----    ----
   BIT SIZE         =   ----    ----
END OF MODULE INFORMATION.


C51 COMPILATION COMPLETE.  0 WARNING(S),  0 ERROR(S)
