C51 COMPILER V9.54   ZOMBIE                                                                04/13/2026 17:13:29 PAGE 1   


C51 COMPILER V9.54, COMPILATION OF MODULE ZOMBIE
OBJECT MODULE PLACED IN .\Objects\zombie.obj
COMPILER INVOKED BY: C:\Keil_v5\C51\BIN\C51.EXE zombie.c OPTIMIZE(8,SPEED) BROWSE DEBUG OBJECTEXTEND PRINT(.\Listings\zo
                    -mbie.lst) OBJECT(.\Objects\zombie.obj)

line level    source

   1          #include "zombie.h"
   2          
   3          
   4          extern code unsigned char IMG_DATA_Empty[32]; 
   5          code unsigned char IMG_DATA_Person[32] = 
   6          {
   7              0x01,0xC0,0x06,0x38,0x30,0x0C,0x60,0x04,0x46,0x67,0x40,0xB2,0x71,0x0A,0x49,0x6A,
   8              0x4B,0x10,0x70,0xE6,0x3E,0x01,0x0F,0x88,0x0D,0xD0,0x18,0x34,0x09,0xD4,0x01,0x14,
   9          };
  10          
  11          
  12          //僵尸出怪顺序
  13          idata u8 zombie_wave[]={3,2,1,2,1,3};
  14          //当前出怪顺序
  15          u8 wave_now = 0;
  16          //一共多少只僵尸
  17          u8 wave_total = 6;
  18          
  19          u8 Position_Zombie_1 = 11; // 僵尸轨道基地址
  20          u8 Position_Zombie_2 = 21;
  21          u8 Position_Zombie_3 = 31;
  22          
  23          void Read_zombie_wave(void)
  24          {
  25   1              // 如果已经出完所有僵尸，直接退出
  26   1          if(wave_now >= wave_total)
  27   1          {
  28   2              return;
  29   2          }
  30   1              //设置每3s的中断，每3s出一次怪
  31   1              if(delay_noblock(6,4000) && wave_now < wave_total)
  32   1              {
  33   2                      switch(zombie_wave[wave_now])
  34   2                      {
  35   3                              case 1:
  36   3                                      Set_Plot_State(Position_Zombie_1+7,ZOMBIE);
  37   3                                      LCD12864_Show_ImageTrack1(IMG_DATA_Person, 7);
  38   3                                      break;
  39   3                              case 2:
  40   3                                      Set_Plot_State(Position_Zombie_2+7,ZOMBIE);
  41   3                                      LCD12864_Show_ImageTrack2(IMG_DATA_Person, 7);
  42   3                                      break;                  
  43   3                              case 3:
  44   3                                      Set_Plot_State(Position_Zombie_3+7,ZOMBIE);
  45   3                                      LCD12864_Show_ImageTrack3(IMG_DATA_Person, 7);
  46   3                                      break;
  47   3                      }
  48   2                      wave_now++;
  49   2              }
  50   1      }
  51          
  52          
  53          void Detect_Zombie1_move(void)
  54          {
C51 COMPILER V9.54   ZOMBIE                                                                04/13/2026 17:13:29 PAGE 2   

  55   1              u8 i;
  56   1              if( !delay_noblock(3,1500) )
  57   1              {
  58   2                      return; // 时间没到，全部不动
  59   2              }
  60   1      
  61   1              // 时间到 → 整行所有僵尸一起走
  62   1              for(i=1; i<=7; i++)
  63   1              {
  64   2                      // 如果是僵尸
  65   2                      if(Get_Plot_State(Position_Zombie_1+i) == ZOMBIE)
  66   2                      {
  67   3                              // 前面为空才能走
  68   3                              if(Get_Plot_State(Position_Zombie_1 + (i-1)) == EMPTY)
  69   3                              {
  70   4                                      // 擦掉当前
  71   4                                      LCD12864_Show_ImageTrack1(IMG_DATA_Empty, i);
  72   4                                      Set_Plot_State(Position_Zombie_1 + i, EMPTY);
  73   4      
  74   4                                      // 左移一格
  75   4                                      LCD12864_Show_ImageTrack1(IMG_DATA_Person, i-1);
  76   4                                      Set_Plot_State(Position_Zombie_1 + (i-1), ZOMBIE);
  77   4                              }
  78   3                      }
  79   2              }
  80   1      }
  81          
  82          void Detect_Zombie2_move(void)
  83          {
  84   1              u8 y;
  85   1              if( !delay_noblock(4,2000) )
  86   1              {
  87   2                      return; // 时间没到，全部不动
  88   2              }
  89   1      
  90   1              // 时间到 → 整行所有僵尸一起走
  91   1              for(y=1; y<=7; y++)
  92   1              {
  93   2                      // 如果是僵尸
  94   2                      if(Get_Plot_State(Position_Zombie_2+y) == ZOMBIE)
  95   2                      {
  96   3                              // 前面为空才能走
  97   3                              if(Get_Plot_State(Position_Zombie_2 + (y-1)) == EMPTY)
  98   3                              {
  99   4                                      // 擦掉当前
 100   4                                      LCD12864_Show_ImageTrack2(IMG_DATA_Empty, y);
 101   4                                      Set_Plot_State(Position_Zombie_2 + y, EMPTY);
 102   4      
 103   4                                      // 左移一格
 104   4                                      LCD12864_Show_ImageTrack2(IMG_DATA_Person, y-1);
 105   4                                      Set_Plot_State(Position_Zombie_2 + (y-1), ZOMBIE);
 106   4                              }
 107   3                      }
 108   2              }
 109   1      }
 110          void Detect_Zombie3_move(void)
 111          {
 112   1              u8 z;
 113   1              if( !delay_noblock(5,3000) )
 114   1              {
 115   2                      return; // 时间没到，全部不动
 116   2              }
C51 COMPILER V9.54   ZOMBIE                                                                04/13/2026 17:13:29 PAGE 3   

 117   1      
 118   1              // 时间到 → 整行所有僵尸一起走
 119   1              for(z=1; z<=7; z++)
 120   1              {
 121   2                      // 如果是僵尸
 122   2                      if(Get_Plot_State(Position_Zombie_3+z) == ZOMBIE)
 123   2                      {
 124   3                              // 前面为空才能走
 125   3                              if(Get_Plot_State(Position_Zombie_3 + (z-1)) == EMPTY)
 126   3                              {
 127   4                                      // 擦掉当前
 128   4                                      LCD12864_Show_ImageTrack3(IMG_DATA_Empty, z);
 129   4                                      Set_Plot_State(Position_Zombie_3 + z, EMPTY);
 130   4      
 131   4                                      // 左移一格
 132   4                                      LCD12864_Show_ImageTrack3(IMG_DATA_Person, z-1);
 133   4                                      Set_Plot_State(Position_Zombie_3 + (z-1), ZOMBIE);
 134   4                              }
 135   3                      }
 136   2              }
 137   1      }
 138          
 139          
 140          //主函数
 141          void Zombie_Main(void)
 142          {
 143   1              Read_zombie_wave();
 144   1              Detect_Zombie1_move();
 145   1              Detect_Zombie2_move();
 146   1              Detect_Zombie3_move();
 147   1      }


MODULE INFORMATION:   STATIC OVERLAYABLE
   CODE SIZE        =    392    ----
   CONSTANT SIZE    =     32    ----
   XDATA SIZE       =   ----    ----
   PDATA SIZE       =   ----    ----
   DATA SIZE        =      5       3
   IDATA SIZE       =      6    ----
   BIT SIZE         =   ----    ----
END OF MODULE INFORMATION.


C51 COMPILATION COMPLETE.  0 WARNING(S),  0 ERROR(S)
