C51 COMPILER V9.54   MAIN                                                                  03/28/2026 00:15:02 PAGE 1   


C51 COMPILER V9.54, COMPILATION OF MODULE MAIN
OBJECT MODULE PLACED IN .\Objects\main.obj
COMPILER INVOKED BY: C:\Keil_v5\C51\BIN\C51.EXE main.c OPTIMIZE(8,SPEED) BROWSE DEBUG OBJECTEXTEND PRINT(.\Listings\main
                    -.lst) OBJECT(.\Objects\main.obj)

line level    source

   1          #include <REGX52.H>
   2          
   3          #include <REGX52.H>
   4          #include "Delay.h"
   5          #include "Timer0.h"
   6          
   7          //่้ธฃๅจ็ซฏๅฃๅฎไน
   8          sbit Buzzer=P2^5;
   9          
  10          //ๆญๆพ้ๅบฆ๏ผๅผไธบๅๅ้ณ็ฌฆ็ๆถ้ฟ(ms)
  11          #define SPEED   190//้คไปฅ4ๅณๆฏๅ้ๅคๅฐๆ
  12          
  13          //้ณ็ฌฆไธ็ดขๅผๅฏนๅบ่กจ๏ผP๏ผไผๆญข็ฌฆ๏ผL๏ผไฝ้ณ๏ผM๏ผไธญ้ณ๏ผH๏ผ้ซ้ณ๏ผไธๅ็บฟ๏ผๅๅ้ณ็
             -ฌฆๅท#
  14          #define P0      0
  15          #define L1      1
  16          #define L1_     2
  17          #define L2      3
  18          #define L2_     4
  19          #define L3      5
  20          #define L4      6
  21          #define L4_     7
  22          #define L5      8
  23          #define L5_     9
  24          #define L6      10
  25          #define L6_     11
  26          #define L7      12
  27          #define M1      13
  28          #define M1_     14
  29          #define M2      15
  30          #define M2_     16
  31          #define M3      17
  32          #define M4      18
  33          #define M4_     19
  34          #define M5      20
  35          #define M5_     21
  36          #define M6      22
  37          #define M6_     23
  38          #define M7      24
  39          #define H1      25
  40          #define H1_     26
  41          #define H2      27
  42          #define H2_     28
  43          #define H3      29
  44          #define H4      30
  45          #define H4_     31
  46          #define H5      32
  47          #define H5_     33
  48          #define H6      34
  49          #define H6_     35
  50          #define H7      36
  51          
  52          //็ดขๅผไธ้ข็ๅฏน็ง่กจ
  53          unsigned int FreqTable[]={
C51 COMPILER V9.54   MAIN                                                                  03/28/2026 00:15:02 PAGE 2   

  54                  0,
  55                  63628,63731,63835,63928,64021,64103,64185,64260,64331,64400,64463,64528,
  56                  64580,64633,64684,64732,64777,64820,64860,64898,64934,64968,65000,65030,
  57                  65058,65085,65110,65134,65157,65178,65198,65217,65235,65252,65268,65283,
  58          };
  59          
  60          //ไน่ฐฑ
  61          unsigned int code Music[]={
  62                  //็ฌฌไธ้กต็ฌฌ1่ก
  63                  M1,1,M2,1,M3,2,H1,2,M5,2,H2,4,H3,2,H5,2+2,
  64                  H1,2,H3,2,H1,2,H4,2,H3,2,H1,4,
  65                  M1,1,M2,1,M3,2,H1,2,M5,2,H2,4,H3,2,H5,2+2,
  66                  H1,2,H3,2,H1,2,H4,2,H3,2,H1,4,
  67                  //็ฌฌไธ้กต็ฌฌ2่ก
  68                  M1,1,M2,1,M3,2,H1,2,M5,2,H2,4,H3,2,H5,2+2,
  69                  H1,2,H3,2,H1,2,H4,2,H3,2,H1,4,
  70                  H2,1,H3,1,H5,1,H3,1,H2,2,H1,2,H2,2,M5,2,H1,2,H5,2,
  71                  H5,2,P0,2,H5,2,P0,2,H5,2,P0,2,H5,2,P0,2,H5,2,P0,2,H5,2,P0,2,
  72                  //็ฌฌไธ้กต็ฌฌ3่ก
  73                  M1,1,M2,1,M3,2,H1,2,M5,2,H2,4,H3,4,
  74                  H4,4,H3,4,H5,4,H1,4,
  75                  M1,1,M2,1,M3,2,H1,2,M5,2,H2,4,H3,4,
  76                  H4,4,H3,4,H2,4,H3,4,
  77                  //็ฌฌไธ้กต็ฌฌ4่ก
  78                  M1,1,M2,1,M3,2,H1,2,M5,2,H2,4,H3,4,
  79                  H4,4,H3,4,H5,4,H1,4,
  80                  H2,1,H3,1,H5,1,H3,1,H2,2,H1,2,H2,2,M5,2,H1,2,H5,2+12,
  81                  L5,2,P0,2,
  82                  //็ฌฌไธ้กต็ฌฌ5่ก
  83                  M1,6,M2,2,M1,8,
  84                  P0,4,P0,2,L5,2,M4,3,M3,1+2,M2,2,
  85                  M1,4+4,P0,4,P0,4,
  86                  P0,4,P0,4,M1,4,M2,4,
  87                  //็ฌฌไธ้กต็ฌฌ6่ก
  88                  M3,2,M2,2,M3,2,M4,2,M3,2,M1,2,M1,2,M2,2,
  89                  M3,2,M3,2,M3,2,M4,2,M3,2,M2,4,M1,2+4,
  90                  P0,4,P0,4,P0,4,
  91                  P0,4,P0,4,P0,4,P0,4,
  92                  //็ฌฌไธ้กต็ฌฌ7่ก
  93                  M1,6,L5,2,L5,4+4,
  94                  P0,4,P0,2,L5,4,M4,3,M3,1+2,M2,2,
  95                  M1,4+4,P0,4,P0,4,
  96                  P0,4,P0,4,M1,4,M2,4,
  97                  //็ฌฌไธ้กต็ฌฌ8่ก
  98                  M3,2,M2,2,M3,2,M4,2,M3,2,M2,2,M1,2,M2,2,
  99                  M3,3,M3,1,M3,2,M4,2,M3,4,M2,2,M1,2+8,
 100                  P0,4,P0,4,
 101                  P0,4,P0,4,M1,4,M2,4,
 102                  //็ฌฌไธ้กต็ฌฌ9่ก
 103                  M3,2,M2,2,M3,2,M2,2,M3,2,M2,2,M1,2,M2,2,
 104                  M3,3,M3,1,M3,2,M4,2,M3,4,M2,2,M1,2+12,
 105                  P0,4,
 106                  P0,4,P0,4,P0,4,P0,4,
 107                  //็ฌฌไธ้กต็ฌฌ10่ก
 108                  M1,2,M2,2,M3,2,M1,2,M2,2,M3,2,M1,2,M2,2,
 109                  M3,2,M1,2,M2,2,M3,2,M1,2,M2,2,M3,2,M3,2,
 110                  M5,12,M2,2,M2,2+8,
 111                  P0,4,P0,4,
 112                  //็ฌฌไบ้กต็ฌฌ1่ก
 113                  M1,2,M2,2,M3,2,M1,2,M2,2,M3,2,M1,2,M2,2,
 114                  M3,2,M1,2,M2,2,M3,2,M1,2,M2,2,M3,2,M1,2,
 115                  M5,12,M2,2,M2,2+8,P0,4,L7,2,L6,2,
C51 COMPILER V9.54   MAIN                                                                  03/28/2026 00:15:02 PAGE 3   

 116                  //็ฌฌไบ้กต็ฌฌ2่ก
 117                  L7,4,L6,2,L7,2+2,L6,2,M1,1,M1,4+4,
 118                  L6,4,L6,2,P0,4,L5,2,M2,4,M2,2,M2,2+2,M3,2,M4,4,
 119                  M3,4,P0,4,P0,4,P0,2,L6,2,
 120                  //็ฌฌไบ้กต็ฌฌ3่ก
 121                  L7,4,L6,2,L7,2+2,L6,2,M1,4+4,
 122                  L6,4,L5,4,P0,4,
 123                  M3,12,M2,2,M2,2,
 124                  M2,14,M1,2,
 125                  M1,12+2,M2,2,
 126                  M2,8,P0,2,M1,2,M1,2,M1,2,
 127                  //็ฌฌไบ้กต็ฌฌ4่ก
 128                  M5,4,M5,4,M5,4,M3,2,M2,2,
 129                  M2,2,M2,2,P0,2,M1,2+2,M1,2,M1,2,M1,2,
 130                  M5,2,M5,2,P0,2,M5,2,M5,2,M3,2,M3,2,M2,2,
 131                  P0,4,P0,2,M1,2,M1,2,M2,2,M3,2,M2,2,
 132                  //
 133                  P0,2,M1,2,M1,2,M1,2,M1,2,M2,2,M3,2,M2,2+2,
 134                  M1,2,M1,2,L6,2,M1,2,L6,2,M1,2,P0,2,
 135                  M5,4,M3,2,M5,2+2,M3,2+2,M2,2+4,
 136                  P0,4,P0,2,M1,2,M1,2,M1,2,
 137                  //
 138                  M5,4,M5,4,M5,4,M3,2,M2,2,
 139                  M2,2,M2,2,P0,2,M1,2+2,M1,2,M1,2,M1,2,
 140                  M5,2,M5,2,M5,2,P0,2,M5,2,M5,2,M3,2,M3,2,M2,2,
 141                  P0,4,P0,2,M1,2,M1,2,M2,2,M3,2,M2,2+2,
 142                  //
 143                  M1,2,M1,2,M1,2,M1,2,M2,2,M3,2,M2,2+2,
 144                  M1,2,M1,2,L6,2,M1,2,M2,2,M3,2,M2,2+2,
 145                  M1,2,M1,4+4,P0,4,
 146                  P0,4,M1,2,L6,2,M1,4,M3,2,M2,2+2,
 147                  //
 148                  M1,2,M1,2,L6,2,M1,4,M3,2,M2,2+2,
 149                  M1,2,M1,2,L6,2,M1,2,M2,2,M3,2,M2,2+2,
 150                  M1,2,M1,12,P0,4,P0,4,P0,4,P0,4,
 151                  //ๅๅคๅๆฌก
 152                  P0,4,M5,8,M3,2,M2,2,M1,4,L5,4,P0,4,
 153                  P0,4,M2,8,M3,2,M4,2,M3,4,M1,4,L5,8,
 154                  P0,4,M5,8,M3,2,M2,2,
 155                  M1,4,L5,8,P0,4,
 156                  M2,12,M3,2,M4,2,
 157                  M3,4,M1,4,L5,8,
 158                  //ๅๅคๆฎต๏ผๅผๅคด๏ผ
 159                  P0,4,M5,8,M3,2,M2,2,
 160                  M1,4,L5,8,P0,4,
 161                  P0,4,M5,8,M3,2,M2,2,M1,4,L5,8,P0,4,
 162                  //่ฟๆธกๆฎต
 163                  M2,6,M2,2+4,M4,4+16+16,
 164                  M6_,2,P0,2,M6,2,P0,2,M6,2,P0,2,M6,2,P0,2,M6,2,P0,2,M6,2,P0,2,
 165                  P0,4,P0,4,
 166                  //ๅฐๅๅคๆฎต
 167                  M5,4,M5,4,M5,4,M3,2,M2,2,
 168                  M2,2,M2,2,P0,2,M1,2+2,M1,2,M1,2,M1,2,
 169                  M5,2,M5,2,P0,2,M5,2,M5,2,M3,2,M3,2,M2,2,
 170                  P0,4,P0,2,M1,2,M1,2,M2,2,M3,2,M2,2,
 171                  
 172                  P0,2,M1,2,M1,2,M1,2,M1,2,M2,2,M3,2,M2,2+2,
 173                  M1,2,M1,2,L6,2,M1,2,L6,2,M1,2,P0,2,
 174                  M5,4,M3,2,M5,2+2,M3,2+2,M2,2+4,
 175                  P0,4,P0,2,M1,2,M1,2,M1,2,
 176                  //
 177                  M5,4,M5,4,M5,4,M3,2,M2,2,
C51 COMPILER V9.54   MAIN                                                                  03/28/2026 00:15:02 PAGE 4   

 178                  M2,2,M2,2,P0,2,M1,2+2,M1,2,M1,2,M1,2,
 179                  M5,2,M5,2,M5,2,P0,2,M5,2,M5,2,M3,2,M3,2,M2,2,
 180                  P0,4,P0,2,M1,2,M1,2,M2,2,M3,2,M2,2+2,
 181                  //
 182                  M1,2,M1,2,M1,2,M1,2,M2,2,M3,2,M2,2+2,
 183                  M1,2,M1,2,L6,2,M1,2,M2,2,M3,2,M2,2+2,
 184                  M1,2,M1,4+4,P0,4,
 185                  
 186                  P0,4,P0,2,L5,2,M1,2,M2,2,M3,2,M2,2+2,
 187                  //ไธปๆญๆฎต
 188                  M1,2,M1,2,L5,2,M1,2,M2,2,M3,2,M2,2+2,
 189                  M1,2,M1,2,L6,2,M1,2,M2,2,M3,2,M2,2+2,
 190                  M1,2,M1,12,
 191                  P0,4,P0,4,P0,4,P0,4,
 192                  //้ดๅฅๆฎต 1
 193                  M1,1,M2,1,M3,2,H1,2,M5,2,H2,4,H3,2,H5,2+2,
 194                  H1,2,H3,2,H1,2,H4,2,H3,2,H1,4,
 195                  M1,1,M2,1,M3,2,H1,2,M5,2,H2,4,H3,4,
 196                  H4,4,H3,4,H2,4,H3,4,
 197                  //้ดๅฅๆฎต 2
 198                  M1,1,M2,1,M3,2,H1,2,M5,2,H2,4,H3,2,H5,2+2,
 199                  H1,2,H3,2,H1,2,H4,2,H3,2,H1,4,
 200                  H2,1,H3,1,H5,1,H3,1,H2,2,H1,2,H2,2,M5,2,H1,2,H5,2,H5,16,
 201                  //้ดๅฅๆฎต 3
 202                  M1,1,M2,1,M3,2,H1,2,M5,2,H2,4,H3,2,H5,2+2,
 203                  H1,2,H3,2,H1,2,H4,2,H3,2,H1,2,H1,2+16+16,
 204          
 205                  0xFF    //็ปๆญขๆ ๅฟ
 206          };
 207          
 208          unsigned int FreqSelect,MusicSelect;
 209                  
 210          void main()
 211          {
 212   1              Timer0Init();
 213   1              while(1)
 214   1              {
 215   2                      if(Music[MusicSelect]!=0xFF)    //ๅฆๆไธๆฏๅๆญขๆ ๅฟไฝ
 216   2                      {
 217   3                              FreqSelect=Music[MusicSelect];  //้ๆฉ้ณ็ฌฆๅฏนๅบ็้ข็
 218   3                              MusicSelect++;
 219   3                              Delay(SPEED/4*Music[MusicSelect]);      //้ๆฉ้ณ็ฌฆๅฏนๅบ็ๆถๅผ
 220   3                              MusicSelect++;
 221   3                              TR0=0;
 222   3                              Delay(5);       //้ณ็ฌฆ้ด็ญๆๅ้กฟ
 223   3                              TR0=1;
 224   3                      }
 225   2                      else    //ๅฆๆๆฏๅๆญขๆ ๅฟไฝ
 226   2                      {
 227   3                              TR0=0;
 228   3                              while(1);
 229   3                      }
 230   2              }
 231   1      }
 232          
 233          void Timer0_Routine() interrupt 1
 234          {
 235   1              if(FreqTable[FreqSelect])       //ๅฆๆไธๆฏไผๆญข็ฌฆ
 236   1              {
 237   2                      /*ๅๅฏนๅบ้ข็ๅผ็้่ฃ่ฝฝๅผๅฐๅฎๆถๅจ*/
 238   2                      TL0 = FreqTable[FreqSelect]%256;                //่ฎพ็ฝฎๅฎๆถๅๅผ
 239   2                      TH0 = FreqTable[FreqSelect]/256;                //่ฎพ็ฝฎๅฎๆถๅๅผ
C51 COMPILER V9.54   MAIN                                                                  03/28/2026 00:15:02 PAGE 5   

 240   2                      Buzzer=!Buzzer; //็ฟป่ฝฌ่้ธฃๅจIOๅฃ
 241   2              }
 242   1      }


MODULE INFORMATION:   STATIC OVERLAYABLE
   CODE SIZE        =    164    ----
   CONSTANT SIZE    =   2626    ----
   XDATA SIZE       =   ----    ----
   PDATA SIZE       =   ----    ----
   DATA SIZE        =     78    ----
   IDATA SIZE       =   ----    ----
   BIT SIZE         =   ----    ----
END OF MODULE INFORMATION.


C51 COMPILATION COMPLETE.  0 WARNING(S),  0 ERROR(S)
