C51 COMPILER V9.54   AT24C02                                                               04/02/2026 17:03:37 PAGE 1   


C51 COMPILER V9.54, COMPILATION OF MODULE AT24C02
OBJECT MODULE PLACED IN .\Objects\AT24C02.obj
COMPILER INVOKED BY: C:\Keil_v5\C51\BIN\C51.EXE AT24C02.c OPTIMIZE(8,SPEED) BROWSE DEBUG OBJECTEXTEND PRINT(.\Listings\A
                    -T24C02.lst) OBJECT(.\Objects\AT24C02.obj)

line level    source

   1          #include <REGX52.H>
   2          #include "I2C.h"
   3          
   4          #define AT24C02_ADDRESS   0xA0
   5          
   6          void AT24C02_WriteByte(unsigned char WordAddress,Data)
   7          {
   8   1      
   9   1              I2C_Start();
  10   1              I2C_SendByte(AT24C02_ADDRESS);
  11   1              I2C_ReceiveAck();
  12   1              I2C_SendByte(WordAddress);
  13   1              I2C_ReceiveAck();
  14   1              I2C_SendByte(Data);
  15   1              I2C_ReceiveAck();       
  16   1              I2C_Stop();
  17   1              
  18   1              
  19   1      }
  20          
  21          unsigned char AT24C02_ReadByte(unsigned char WordAddress)
  22          {
  23   1              unsigned char Data;
  24   1              I2C_Start();
  25   1              I2C_SendByte(AT24C02_ADDRESS);
  26   1              I2C_ReceiveAck();
  27   1              I2C_SendByte(WordAddress);
  28   1              I2C_ReceiveAck();       
  29   1              I2C_Start();
  30   1              I2C_SendByte(AT24C02_ADDRESS|0x01);
  31   1              I2C_ReceiveAck();
  32   1              Data=I2C_ReceiveByte();
  33   1              I2C_SendAck(1);
  34   1              I2C_Stop();
  35   1      
  36   1              return Data;
  37   1      }
  38          


MODULE INFORMATION:   STATIC OVERLAYABLE
   CODE SIZE        =     84    ----
   CONSTANT SIZE    =   ----    ----
   XDATA SIZE       =   ----    ----
   PDATA SIZE       =   ----    ----
   DATA SIZE        =   ----       5
   IDATA SIZE       =   ----    ----
   BIT SIZE         =   ----    ----
END OF MODULE INFORMATION.


C51 COMPILATION COMPLETE.  0 WARNING(S),  0 ERROR(S)
