C51 COMPILER V9.54   KEY                                                                   04/02/2026 17:03:37 PAGE 1   


C51 COMPILER V9.54, COMPILATION OF MODULE KEY
OBJECT MODULE PLACED IN .\Objects\Key.obj
COMPILER INVOKED BY: C:\Keil_v5\C51\BIN\C51.EXE Key.c OPTIMIZE(8,SPEED) BROWSE DEBUG OBJECTEXTEND PRINT(.\Listings\Key.l
                    -st) OBJECT(.\Objects\Key.obj)

line level    source

   1          #include <REGX52.H>
   2          #include "Delay.h"
   3          
   4          unsigned char Key()
   5          {
   6   1              unsigned char KeyNumber=0;
   7   1              
   8   1              if(P3_1==0){
   9   2                      Delay(20);
  10   2                      while(P3_1==0);
  11   2                      Delay(20);
  12   2                      KeyNumber=1;
  13   2                      
  14   2                      
  15   2              }
  16   1              if(P3_0==0){
  17   2                      Delay(20);
  18   2                      while(P3_0==0);
  19   2                      Delay(20);
  20   2                      KeyNumber=2;
  21   2                      
  22   2                      
  23   2              }
  24   1              if(P3_2==0){
  25   2                      Delay(20);
  26   2                      while(P3_2==0);
  27   2                      Delay(20);
  28   2                      KeyNumber=3;
  29   2                      
  30   2                      
  31   2              }
  32   1              if(P3_3==0){
  33   2                      Delay(20);
  34   2                      while(P3_3==0);
  35   2                      Delay(20);
  36   2                      KeyNumber=4;
  37   2                      
  38   2                      
  39   2              }
  40   1              return KeyNumber;
  41   1      }


MODULE INFORMATION:   STATIC OVERLAYABLE
   CODE SIZE        =     97    ----
   CONSTANT SIZE    =   ----    ----
   XDATA SIZE       =   ----    ----
   PDATA SIZE       =   ----    ----
   DATA SIZE        =   ----       1
   IDATA SIZE       =   ----    ----
   BIT SIZE         =   ----    ----
END OF MODULE INFORMATION.


C51 COMPILATION COMPLETE.  0 WARNING(S),  0 ERROR(S)
