C51 COMPILER V9.54   MAIN                                                                  04/02/2026 19:04:38 PAGE 1   


C51 COMPILER V9.54, COMPILATION OF MODULE MAIN
OBJECT MODULE PLACED IN .\Objects\main.obj
COMPILER INVOKED BY: C:\Keil_v5\C51\BIN\C51.EXE main.c OPTIMIZE(8,SPEED) BROWSE DEBUG OBJECTEXTEND PRINT(.\Listings\main
                    -.lst) OBJECT(.\Objects\main.obj)

line level    source

   1          #include <REGX52.H>
   2          #include "AT24C02.h"
   3          #include "Delay.h"
   4          #include "Key.h"
   5          #include "LCD1602.h"
   6          #include "UART.h"
   7          
   8          unsigned char Read;
   9          unsigned char KeyNum;
  10          unsigned char ReadNum;
  11          unsigned char UART_Num=0;
  12          unsigned char MaxNum;
  13          unsigned char Num[64];
  14          
  15          void main()
  16          {
  17   1              LCD_Init();
  18   1              UART_Init();
  19   1              ReadNum=AT24C02_ReadByte(65);//读取上一次写入了多少个数据
  20   1              if(j!=255)
*** ERROR C202 IN LINE 20 OF main.c: 'j': undefined identifier
  21   1              {
  22   2                      for(MaxNum=0;MaxNum<ReadNum;MaxNum++)
  23   2                      {
  24   3                              Read=AT24C02_ReadByte(MaxNum);//开机读值
  25   3                              Delay(5);
  26   3                              UART_SendByte(Read);
  27   3                      }
  28   2              }
  29   1              UART_Num=0;
  30   1              while(1)
  31   1              {
  32   2                      LCD_ShowString(1,1,"ReadNum");
  33   2                      LCD_ShowString(1,6,"UART_Num");
  34   2                      LCD_ShowString(2,1,"MaxNum:");
  35   2                      
  36   2                      LCD_ShowNum(1,3,ReadNum,2);
  37   2                      LCD_ShowNum(2,8,MaxNum,2);
  38   2                      LCD_ShowNum(1,8,UART_Num,2);
  39   2      
  40   2                      KeyNum=Key();
  41   2                      if(KeyNum)
  42   2                      {
  43   3                              if(KeyNum==3)
  44   3                              {
  45   4                                      //决定写入数据后，将存于串口数组里的数据依次写入
  46   4                                      for(MaxNum=0;MaxNum<UART_Num;MaxNum++)
  47   4                                      {
  48   5                                              AT24C02_WriteByte(MaxNum,Num[MaxNum]);//写入串口值
  49   5                                              Delay(5);
  50   5                                      }
  51   4                                      AT24C02_WriteByte(65,MaxNum);
  52   4                                      
  53   4                              }
C51 COMPILER V9.54   MAIN                                                                  04/02/2026 19:04:38 PAGE 2   

  54   3                      }
  55   2              }
  56   1      }
  57          
  58          void UART_Routine() interrupt 4
  59          {
  60   1              //产生发送
  61   1              if(RI==1)
  62   1              {               
  63   2                      Num[UART_Num]=SBUF;
  64   2                      UART_SendByte(Num[UART_Num]);//此时data值是有多个字节
  65   2                      RI=0;
  66   2              }
  67   1              UART_Num++;
  68   1              if(UART_Num>64)UART_Num=0;
  69   1      }
  70          

C51 COMPILATION COMPLETE.  0 WARNING(S),  1 ERROR(S)
