C51 COMPILER V9.54   UART                                                                  04/02/2026 17:03:38 PAGE 1   


C51 COMPILER V9.54, COMPILATION OF MODULE UART
OBJECT MODULE PLACED IN .\Objects\UART.obj
COMPILER INVOKED BY: C:\Keil_v5\C51\BIN\C51.EXE UART.c OPTIMIZE(8,SPEED) BROWSE DEBUG OBJECTEXTEND PRINT(.\Listings\UART
                    -.lst) OBJECT(.\Objects\UART.obj)

line level    source

   1          #include <REGX52.H>
   2          /**
   3            * @brief  串口初始化 4800bps@12.000MHz
   4            * @param      无
   5            * @retval     无
   6            */
   7          void UART_Init()//4800bps@12.000MHz
   8          {
   9   1              SCON=0x50;
  10   1              PCON |= 0x80;
  11   1              //串口配置寄存器一
  12   1              TMOD &= 0x0F;           //设置定时器模式
  13   1              TMOD |= 0x20;           //设置定时器模式
  14   1              TL1 = 0xF4;             //设定定时初值    单片机不同从0xF3改到0xF4
  15   1              TH1 = 0xF4;             //设置定时初值            单片机不同从0xF3改到0xF4
  16   1              ET1 = 0;                //禁止定时器1中断
  17   1              TR1 = 1;                //启动定时器1
  18   1              EA=1;
  19   1              ES=1;
  20   1      }
  21          /**
  22            * @brief 串口发送一个字节数据
  23            * @param      Byte 要发送的一个字节数据
  24            * @retval     无
  25            */
  26          
  27          void UART_SendByte(unsigned char Byte)
  28          {
  29   1              SBUF=Byte;
  30   1              while(TI==0);
  31   1              TI=0;
  32   1      }


MODULE INFORMATION:   STATIC OVERLAYABLE
   CODE SIZE        =     35    ----
   CONSTANT SIZE    =   ----    ----
   XDATA SIZE       =   ----    ----
   PDATA SIZE       =   ----    ----
   DATA SIZE        =   ----    ----
   IDATA SIZE       =   ----    ----
   BIT SIZE         =   ----    ----
END OF MODULE INFORMATION.


C51 COMPILATION COMPLETE.  0 WARNING(S),  0 ERROR(S)
