C51 COMPILER V9.54   MAIN                                                                  04/09/2026 00:55:52 PAGE 1   


C51 COMPILER V9.54, COMPILATION OF MODULE MAIN
OBJECT MODULE PLACED IN .\Objects\main.obj
COMPILER INVOKED BY: C:\Keil_v5\C51\BIN\C51.EXE main.c OPTIMIZE(8,SPEED) BROWSE DEBUG OBJECTEXTEND PRINT(.\Listings\main
                    -.lst) OBJECT(.\Objects\main.obj)

line level    source

   1          #include <REGX52.H>
   2          #include "LCD12864.h"
   3          #include "Delay.h"
   4          #include "menu.h"
   5          
   6          
   7          
   8          code unsigned char tmp[]={//128*64µăŐóÍĽĐÎĘýľÝ
   9          0X00,0X00,0X00,0X00,0X00,0X00,0X00,0X00,0X00,0X00,0X00,0X00,0X00,0X00,0X00,0X00,
  10          0X00,0X00,0X00,0X00,0X00,0X00,0X00,0X00,0X00,0X00,0X00,0X00,0X00,0X00,0X00,0X00,
  11          0X00,0X00,0X00,0X1E,0X00,0X00,0X00,0X00,0X00,0X00,0X00,0X00,0X00,0X00,0X00,0X00,
  12          0X00,0X00,0X00,0X5F,0X80,0X00,0X00,0X00,0X00,0X00,0X00,0X00,0X00,0X00,0X00,0X00,
  13          0X00,0X00,0X00,0XFF,0XC0,0X00,0X00,0X00,0X00,0X00,0X00,0X00,0X00,0X00,0X00,0X00,
  14          0X00,0X00,0X01,0XFF,0XE0,0X00,0X00,0X00,0X00,0X00,0X00,0X00,0X00,0X00,0X00,0X00,
  15          0X00,0X01,0XE1,0XFF,0XE0,0X80,0X00,0X00,0X00,0X00,0X00,0X00,0X00,0X00,0X00,0X00,
  16          0X00,0X0F,0XF9,0XFF,0XEF,0XF0,0X00,0X00,0X00,0X00,0X00,0X00,0X00,0X00,0X00,0X00,
  17          0X00,0X1F,0XFD,0XFF,0XFF,0XF8,0X00,0X00,0X18,0X00,0X87,0X00,0X18,0X00,0X00,0XC0,
  18          0X00,0X1F,0XFE,0XFF,0XFF,0XF8,0X00,0X00,0X18,0X01,0X8D,0X80,0X18,0X01,0XF7,0XC0,
  19          0X00,0X3F,0XFF,0XFF,0XFF,0XFC,0X00,0X00,0X18,0X01,0X8D,0XA0,0X18,0X00,0X03,0X80,
  20          0X00,0X3F,0XFF,0XFF,0XFF,0XFC,0X00,0X00,0X18,0X27,0XFF,0XF1,0XFF,0XC0,0X06,0X00,
  21          0X00,0X3F,0XFF,0XFF,0XFF,0XFC,0X00,0X03,0XFF,0XF1,0X9D,0X01,0X08,0XC0,0X0C,0X00,
  22          0X00,0X3F,0XFF,0XFF,0XFF,0XFC,0X00,0X00,0X18,0X01,0X7D,0X61,0X18,0XC0,0X08,0X60,
  23          0X00,0X1F,0XFF,0XFF,0XFF,0XFC,0X00,0X00,0X18,0X01,0XDF,0XE1,0XFF,0XC7,0XFF,0XF0,
  24          0X00,0X1F,0XFF,0XFF,0XFF,0XFC,0X00,0X00,0X1C,0X03,0XED,0X01,0X18,0XC0,0X08,0X00,
  25          0X00,0X1F,0XFF,0X01,0XFF,0XF8,0X00,0X00,0X16,0X02,0X8D,0X61,0X18,0XC0,0X08,0X00,
  26          0X00,0X0F,0XFE,0X00,0XFF,0XF8,0X00,0X00,0X32,0X02,0XAD,0X81,0XFF,0XC0,0X08,0X00,
  27          0X00,0X07,0XF8,0X00,0X3F,0XD0,0X00,0X00,0X23,0X07,0X3D,0X01,0X18,0X20,0X08,0X00,
  28          0X00,0XFD,0XF8,0X00,0X3F,0XE0,0X00,0X00,0X61,0X85,0XFD,0X20,0X18,0X20,0X08,0X00,
  29          0X01,0XFF,0XF0,0X00,0X1F,0X40,0X00,0X00,0X80,0XF0,0X0F,0XE0,0X18,0X20,0X78,0X00,
  30          0X03,0XFF,0XF0,0X00,0X0F,0X80,0X00,0X03,0X00,0X60,0X0C,0X00,0X0F,0XE0,0X18,0X00,
  31          0X03,0XFF,0XE0,0X00,0X0F,0XF0,0X00,0X00,0X00,0X00,0X00,0X00,0X00,0X00,0X00,0X00,
  32          0X07,0XFF,0XE0,0X00,0X0F,0XF4,0X00,0X00,0X00,0X00,0X00,0X00,0X00,0X00,0X00,0X00,
  33          0X07,0XFF,0XE0,0X00,0X0F,0XFE,0X00,0X00,0X00,0X00,0X00,0X00,0X00,0X00,0X00,0X00,
  34          0X07,0XFF,0XE0,0X00,0X0F,0XFF,0X00,0X00,0X00,0X00,0X00,0X00,0X00,0X00,0X00,0X00,
  35          0X03,0XFF,0XE0,0X00,0X0F,0XFF,0X80,0X00,0X00,0X00,0X00,0X00,0X00,0X00,0X00,0X00,
  36          0X03,0XFF,0XE0,0X00,0X1F,0XFF,0XC0,0X00,0X00,0X00,0X00,0X00,0X00,0X00,0X00,0X00,
  37          0X03,0XFF,0XF0,0X00,0X1F,0XFF,0XC0,0X00,0X00,0X00,0X00,0X00,0X00,0X00,0X00,0X00,
  38          0X01,0XFF,0XF0,0X00,0X3F,0XFF,0XC0,0X00,0X00,0X00,0X00,0X00,0X00,0X00,0X00,0X00,
  39          0X01,0XFF,0XF8,0X00,0X7F,0XFF,0XC0,0X00,0X00,0X00,0X00,0X00,0X00,0X00,0X00,0X00,
  40          0X00,0XFF,0XFC,0X00,0XFF,0XFF,0X80,0X00,0X00,0X00,0X00,0X00,0X00,0X00,0X00,0X00,
  41          0X00,0X3F,0XFF,0X87,0XFF,0XFF,0X80,0X00,0X00,0X00,0X00,0X00,0X00,0X00,0X00,0X00,
  42          0X00,0X03,0XFF,0XFF,0XFF,0XFF,0X00,0X00,0X00,0X00,0X00,0X00,0X00,0X00,0X00,0X00,
  43          0X00,0X03,0XFF,0XFF,0XFF,0XFE,0X00,0X00,0X00,0X00,0X00,0X00,0X00,0X00,0X00,0X00,
  44          0X00,0X03,0XFF,0XFF,0XFF,0XFC,0X00,0X00,0X00,0X00,0X00,0X00,0X00,0X00,0X00,0X00,
  45          0X00,0X03,0XFF,0XFF,0XFF,0X00,0X00,0X00,0X00,0X00,0X00,0X00,0X00,0X00,0X00,0X00,
  46          0X00,0X03,0XFF,0XFF,0XFF,0X00,0X00,0X00,0X00,0X00,0X00,0X00,0X00,0X00,0X00,0X00,
  47          0X00,0X03,0XFF,0XFF,0XFF,0X00,0X00,0X00,0X00,0X00,0X00,0X00,0X00,0X00,0X00,0X00,
  48          0X00,0X03,0XFF,0XFF,0XFE,0X00,0X00,0X00,0X00,0X00,0X00,0X00,0X00,0X00,0X00,0X00,
  49          0X00,0X03,0XFF,0XFF,0XFE,0X00,0X00,0X00,0X00,0X00,0X00,0X00,0X00,0X00,0X00,0X00,
  50          0X00,0X03,0XFF,0XFF,0XFC,0X00,0X00,0X00,0X00,0X00,0X00,0X00,0X00,0X00,0X00,0X00,
  51          0X00,0X01,0XFF,0XFF,0XF8,0X00,0X00,0X00,0X00,0X00,0X00,0X00,0X00,0X00,0X00,0X00,
  52          0X00,0X00,0XFE,0X77,0XE0,0X00,0X00,0X00,0X00,0X00,0X00,0X00,0X00,0X00,0X00,0X00,
  53          0X00,0X00,0X00,0X70,0X01,0XF0,0X00,0X00,0X00,0X00,0X00,0X00,0X00,0X00,0X00,0X00,
  54          0X00,0X00,0X00,0X70,0X0F,0XFC,0X00,0X00,0X00,0X00,0X00,0X00,0X00,0X00,0X00,0X00,
C51 COMPILER V9.54   MAIN                                                                  04/09/2026 00:55:52 PAGE 2   

  55          0X00,0X00,0X00,0X70,0X3F,0XFE,0X00,0X00,0X00,0X00,0X00,0X00,0X00,0X00,0X00,0X00,
  56          0X00,0X00,0X00,0X78,0XFF,0XFE,0X00,0X00,0X00,0X00,0X00,0X00,0X00,0X00,0X00,0X00,
  57          0X00,0X1F,0XFC,0X79,0XFF,0XFE,0X00,0X00,0X00,0X00,0X00,0X00,0X00,0X00,0X00,0X00,
  58          0X00,0X7F,0XFF,0X39,0XFF,0XFE,0X00,0X00,0X00,0X00,0X00,0X00,0X00,0X00,0X00,0X00,
  59          0X00,0XFF,0XFF,0XFD,0XFF,0XFC,0X00,0X00,0X00,0X00,0X00,0X00,0X00,0X00,0X00,0X00,
  60          0X00,0XFF,0XFF,0XFF,0XFF,0XF8,0X00,0X00,0X00,0X00,0X00,0X00,0X00,0X00,0X00,0X00,
  61          0X00,0XFF,0XFF,0XFF,0XFF,0XF0,0X00,0X00,0X00,0X00,0X00,0X00,0X00,0X00,0X00,0X00,
  62          0X00,0X7F,0XFF,0XFE,0XFF,0XE0,0X00,0X00,0X00,0X00,0X00,0X00,0X00,0X00,0X00,0X00,
  63          0X00,0X3F,0XFF,0XEF,0X7E,0X00,0X00,0X00,0X00,0X00,0X00,0X00,0X00,0X00,0X00,0X00,
  64          0X00,0X0F,0XFF,0XEF,0X00,0X00,0X00,0X00,0X00,0X00,0X00,0X00,0X00,0X00,0X00,0X00,
  65          0X00,0X07,0XFF,0XC7,0X80,0X00,0X00,0X00,0X00,0X00,0X00,0X00,0X00,0X00,0X00,0X00,
  66          0X00,0X01,0XFF,0X83,0XC0,0X00,0X00,0X00,0X00,0X00,0X00,0X00,0X00,0X00,0X00,0X00,
  67          0X00,0X00,0X1E,0X01,0XE0,0X00,0X00,0X00,0X00,0X00,0X00,0X00,0X00,0X00,0X00,0X00,
  68          0X00,0X00,0X00,0X01,0XF0,0X00,0X00,0X00,0X00,0X00,0X00,0X00,0X00,0X00,0X00,0X00,
  69          0X00,0X00,0X00,0X00,0X60,0X00,0X00,0X00,0X00,0X00,0X00,0X00,0X00,0X00,0X00,0X00,
  70          0X00,0X00,0X00,0X00,0X00,0X00,0X00,0X00,0X00,0X00,0X00,0X00,0X00,0X00,0X00,0X00,
  71          0X00,0X00,0X00,0X00,0X00,0X00,0X00,0X00,0X00,0X00,0X00,0X00,0X00,0X00,0X00,0X00,
  72          0X00,0X00,0X00,0X00,0X00,0X00,0X00,0X00,0X00,0X00,0X00,0X00,0X00,0X00,0X00,0X00,
  73          };
  74          
  75          
  76          code unsigned char IMG_DATA2_Plant[32] = 
  77          {
  78              0x00,0x00,0x18,0x00,0x39,0xE0,0x70,0xF2,0x30,0xCE,0x30,0x0E,0x30,0x0E,0x0C,0x3E,
  79              0x07,0xC0,0x02,0x00,0x00,0x00,0x00,0x00,0x0F,0x80,0x0F,0xE0,0x1F,0xE0,0x0C,0x00,
  80          };
  81          
  82          code unsigned char IMG_DATA_map[1024] = {
  83              0xFF,0xFF,0xFF,0xFF,0xFF,0xFF,0xFF,0xFF,0xFF,0xFF,0xFF,0xFF,0xFF,0xFF,0xFF,0xFF,
  84              0x80,0x00,0x00,0x00,0x00,0x00,0x00,0x00,0x00,0x00,0x00,0x00,0x00,0x00,0x00,0x01,
  85              0x80,0x00,0x00,0x00,0x00,0x00,0x00,0x00,0x00,0x00,0x00,0x00,0x00,0x00,0x00,0x01,
  86              0x80,0x00,0x00,0x00,0x00,0x00,0x00,0x00,0x00,0x00,0x00,0x00,0x00,0x00,0x00,0x01,
  87              0x80,0x00,0x00,0x00,0x00,0x00,0x00,0x00,0x00,0x00,0x00,0x00,0x00,0x00,0x00,0x01,
  88              0x80,0x00,0x00,0x00,0x00,0x00,0x00,0x00,0x00,0x00,0x00,0x00,0x00,0x00,0x00,0x01,
  89              0x80,0x00,0x00,0x00,0x00,0x00,0x00,0x00,0x00,0x00,0x00,0x00,0x00,0x00,0x00,0x01,
  90              0x80,0x00,0x00,0x00,0x00,0x00,0x00,0x00,0x00,0x00,0x00,0x00,0x00,0x00,0x00,0x01,
  91              0x80,0x00,0x00,0x00,0x00,0x00,0x00,0x00,0x00,0x00,0x00,0x00,0x00,0x00,0x00,0x01,
  92              0x80,0x00,0x00,0x00,0x00,0x00,0x00,0x00,0x00,0x00,0x00,0x00,0x00,0x00,0x00,0x01,
  93              0x80,0x00,0x00,0x00,0x00,0x00,0x00,0x00,0x00,0x00,0x00,0x00,0x00,0x00,0x00,0x01,
  94              0x80,0x00,0x00,0x00,0x00,0x00,0x00,0x00,0x00,0x00,0x00,0x00,0x00,0x00,0x00,0x01,
  95              0xFF,0xFF,0xFF,0xFF,0xFF,0xFF,0xFF,0xFF,0xFF,0xFF,0xFF,0xFF,0xFF,0xFF,0xFF,0xFF,
  96              0x80,0x00,0x00,0x00,0x00,0x00,0x00,0x00,0x00,0x00,0x00,0x00,0x00,0x00,0x00,0x01,
  97              0x80,0x00,0x00,0x00,0x00,0x00,0x00,0x00,0x00,0x00,0x00,0x00,0x00,0x00,0x00,0x01,
  98              0x80,0x00,0x00,0x00,0x00,0x00,0x00,0x00,0x00,0x00,0x00,0x00,0x00,0x00,0x00,0x01,
  99              0x80,0x00,0x00,0x00,0x00,0x00,0x00,0x00,0x00,0x00,0x00,0x00,0x00,0x00,0x00,0x01,
 100              0x80,0x00,0x00,0x00,0x00,0x00,0x00,0x00,0x00,0x00,0x00,0x00,0x00,0x00,0x00,0x01,
 101              0x80,0x00,0x00,0x00,0x00,0x00,0x00,0x00,0x00,0x00,0x00,0x00,0x00,0x00,0x00,0x01,
 102              0x80,0x00,0x00,0x00,0x00,0x00,0x00,0x00,0x00,0x00,0x00,0x00,0x00,0x00,0x00,0x01,
 103              0x80,0x00,0x00,0x00,0x00,0x00,0x00,0x00,0x00,0x00,0x00,0x00,0x00,0x00,0x00,0x01,
 104              0x80,0x00,0x00,0x00,0x00,0x00,0x00,0x00,0x00,0x00,0x00,0x00,0x00,0x00,0x00,0x01,
 105              0x80,0x00,0x00,0x00,0x00,0x00,0x00,0x00,0x00,0x00,0x00,0x00,0x00,0x00,0x00,0x01,
 106              0x80,0x00,0x00,0x00,0x00,0x00,0x00,0x00,0x00,0x00,0x00,0x00,0x00,0x00,0x00,0x01,
 107              0x80,0x00,0x00,0x00,0x00,0x00,0x00,0x00,0x00,0x00,0x00,0x00,0x00,0x00,0x00,0x01,
 108              0x80,0x00,0x00,0x00,0x00,0x00,0x00,0x00,0x00,0x00,0x00,0x00,0x00,0x00,0x00,0x01,
 109              0x80,0x00,0x00,0x00,0x00,0x00,0x00,0x00,0x00,0x00,0x00,0x00,0x00,0x00,0x00,0x01,
 110              0x80,0x00,0x00,0x00,0x00,0x00,0x00,0x00,0x00,0x00,0x00,0x00,0x00,0x00,0x00,0x01,
 111              0x80,0x00,0x00,0x00,0x00,0x00,0x00,0x00,0x00,0x00,0x00,0x00,0x00,0x00,0x00,0x01,
 112              0xFF,0xFF,0xFF,0xFF,0xFF,0xFF,0xFF,0xFF,0xFF,0xFF,0xFF,0xFF,0xFF,0xFF,0xFF,0xFF,
 113              0x80,0x00,0x00,0x00,0x00,0x00,0x00,0x00,0x00,0x00,0x00,0x00,0x00,0x00,0x00,0x01,
 114              0x80,0x00,0x00,0x00,0x00,0x00,0x00,0x00,0x00,0x00,0x00,0x00,0x00,0x00,0x00,0x01,
 115              0x80,0x00,0x00,0x00,0x00,0x00,0x00,0x00,0x00,0x00,0x00,0x00,0x00,0x00,0x00,0x01,
 116              0x80,0x00,0x00,0x00,0x00,0x00,0x00,0x00,0x00,0x00,0x00,0x00,0x00,0x00,0x00,0x01,
C51 COMPILER V9.54   MAIN                                                                  04/09/2026 00:55:52 PAGE 3   

 117              0x80,0x00,0x00,0x00,0x00,0x00,0x00,0x00,0x00,0x00,0x00,0x00,0x00,0x00,0x00,0x01,
 118              0x80,0x00,0x00,0x00,0x00,0x00,0x00,0x00,0x00,0x00,0x00,0x00,0x00,0x00,0x00,0x01,
 119              0x80,0x00,0x00,0x00,0x00,0x00,0x00,0x00,0x00,0x00,0x00,0x00,0x00,0x00,0x00,0x01,
 120              0x80,0x00,0x00,0x00,0x00,0x00,0x00,0x00,0x00,0x00,0x00,0x00,0x00,0x00,0x00,0x01,
 121              0x80,0x00,0x00,0x00,0x00,0x00,0x00,0x00,0x00,0x00,0x00,0x00,0x00,0x00,0x00,0x01,
 122              0x80,0x00,0x00,0x00,0x00,0x00,0x00,0x00,0x00,0x00,0x00,0x00,0x00,0x00,0x00,0x01,
 123              0x80,0x00,0x00,0x00,0x00,0x00,0x00,0x00,0x00,0x00,0x00,0x00,0x00,0x00,0x00,0x01,
 124              0x80,0x00,0x00,0x00,0x00,0x00,0x00,0x00,0x00,0x00,0x00,0x00,0x00,0x00,0x00,0x01,
 125              0x80,0x00,0x00,0x00,0x00,0x00,0x00,0x00,0x00,0x00,0x00,0x00,0x00,0x00,0x00,0x01,
 126              0x80,0x00,0x00,0x00,0x00,0x00,0x00,0x00,0x00,0x00,0x00,0x00,0x00,0x00,0x00,0x01,
 127              0x80,0x00,0x00,0x00,0x00,0x00,0x00,0x00,0x00,0x00,0x00,0x00,0x00,0x00,0x00,0x01,
 128              0x80,0x00,0x00,0x00,0x00,0x00,0x00,0x00,0x00,0x00,0x00,0x00,0x00,0x00,0x00,0x01,
 129              0xFF,0xFF,0xFF,0xFF,0xFF,0xFF,0xFF,0xFF,0xFF,0xFF,0xFF,0xFF,0xFF,0xFF,0xFF,0xFF,
 130              0x80,0x00,0x00,0x00,0x00,0x00,0x00,0x00,0x00,0x00,0x00,0x00,0x00,0x00,0x00,0x01,
 131              0x80,0x00,0x00,0x00,0x00,0x00,0x00,0x00,0x00,0x00,0x00,0x00,0x00,0x00,0x00,0x01,
 132              0x80,0x00,0x00,0x00,0x00,0x00,0x00,0x00,0x00,0x00,0x00,0x00,0x00,0x00,0x00,0x01,
 133              0x80,0x00,0x00,0x00,0x00,0x00,0x00,0x00,0x00,0x00,0x00,0x00,0x00,0x00,0x00,0x01,
 134              0x80,0x00,0x00,0x00,0x00,0x00,0x00,0x00,0x00,0x00,0x00,0x00,0x00,0x00,0x00,0x01,
 135              0x80,0x00,0x00,0x00,0x00,0x00,0x00,0x00,0x00,0x00,0x00,0x00,0x00,0x00,0x00,0x01,
 136              0x80,0x00,0x00,0x00,0x00,0x00,0x00,0x00,0x00,0x00,0x00,0x00,0x00,0x00,0x00,0x01,
 137              0x80,0x00,0x00,0x00,0x00,0x00,0x00,0x00,0x00,0x00,0x00,0x00,0x00,0x00,0x00,0x01,
 138              0x80,0x00,0x00,0x00,0x00,0x00,0x00,0x00,0x00,0x00,0x00,0x00,0x00,0x00,0x00,0x01,
 139              0x80,0x00,0x00,0x00,0x00,0x00,0x00,0x00,0x00,0x00,0x00,0x00,0x00,0x00,0x00,0x01,
 140              0x80,0x00,0x00,0x00,0x00,0x00,0x00,0x00,0x00,0x00,0x00,0x00,0x00,0x00,0x00,0x01,
 141              0x80,0x00,0x00,0x00,0x00,0x00,0x00,0x00,0x00,0x00,0x00,0x00,0x00,0x00,0x00,0x01,
 142              0x80,0x00,0x00,0x00,0x00,0x00,0x00,0x00,0x00,0x00,0x00,0x00,0x00,0x00,0x00,0x01,
 143              0x80,0x00,0x00,0x00,0x00,0x00,0x00,0x00,0x00,0x00,0x00,0x00,0x00,0x00,0x00,0x01,
 144              0x80,0x00,0x00,0x00,0x00,0x00,0x00,0x00,0x00,0x00,0x00,0x00,0x00,0x00,0x00,0x01,
 145              0x80,0x00,0x00,0x00,0x00,0x00,0x00,0x00,0x00,0x00,0x00,0x00,0x00,0x00,0x00,0x01,
 146              0xFF,0xFF,0xFF,0xFF,0xFF,0xFF,0xFF,0xFF,0xFF,0xFF,0xFF,0xFF,0xFF,0xFF,0xFF,0xFF,
 147          };
 148          
 149          
 150          
 151          
 152          
 153          
 154          
 155          
 156          
 157          
 158          
 159          
 160          
 161          
 162          
 163          
 164          
 165          
 166          
 167          
 168          code unsigned char IMG_DATA_Person[32] = 
 169          {
 170              0x01,0xC0,0x06,0x38,0x30,0x0C,0x60,0x04,0x46,0x67,0x40,0xB2,0x71,0x0A,0x49,0x6A,
 171              0x4B,0x10,0x70,0xE6,0x3E,0x01,0x0F,0x88,0x0D,0xD0,0x18,0x34,0x09,0xD4,0x01,0x14,
 172          };
 173          
 174          code unsigned char IMG_DATA_Pototas[32] = 
 175          {
 176              0x07,0xC0,0x1C,0x30,0x28,0x08,0x08,0x04,0x53,0x1E,0x54,0xA2,0x94,0x97,0x82,0x89,
 177              0xA0,0x01,0xA0,0x01,0xA0,0x01,0x80,0x01,0x50,0x02,0x30,0x06,0x18,0x0C,0x07,0xF0,
 178          };
C51 COMPILER V9.54   MAIN                                                                  04/09/2026 00:55:52 PAGE 4   

 179          void main()
 180          {
 181   1              LCD12864_Init();
 182   1              Delay_ms(400);
 183   1              LCD12864_Clear();
 184   1              LCD12864_Show_Image(IMG_DATA_map);
 185   1              Delay_ms(400);
 186   1              LCD12864_Show_ImageTry1(IMG_DATA2_Plant);
 187   1              LCD12864_Show_ImageTry2(IMG_DATA2_Plant);
 188   1              LCD12864_Show_ImageTry3(IMG_DATA2_Plant);
 189   1              LCD12864_Show_ImageTry11(IMG_DATA2_Plant);
 190   1              LCD12864_Show_ImageTry22(IMG_DATA_Pototas);
 191   1              LCD12864_Show_ImageTry33(IMG_DATA_Person);
 192   1              while(1)
 193   1              {
 194   2      //              LCD12864_Show_String(1,0,"Ö˛Îď´óŐ˝˝©Ę¬");
 195   2      //              LCD12864_Show_String(2,1,"˛ËµĄ");
 196   2      //              LCD12864_Show_String(1,2,"ÓÎĎ·Ľ°ÖĆ×÷˝éÉÜ");
 197   2                      //void menu();
 198   2                      //LCD12864_Show_Image(IMG_DATA_map);
 199   2      //              
 200   2      //              LCD12864_Clear();
 201   2      //              Delay_ms(400);
 202   2      //              //LCD12864_Show_Image(IMG_DATA);
 203   2      
 204   2                      
 205   2      //              Delay_ms(400);
 206   2      //              Delay_ms(400);
 207   2      //              Delay_ms(400);
 208   2      //              LCD12864_Clear();
 209   2      //              LCD12864_Show_String(0,0,"Ĺ·ąđĂúNB");
 210   2      //              LCD12864_Show_Onechar(0,1,0x41);
 211   2      //              Delay_ms(400);
 212   2      //              Delay_ms(400);
 213   2      //              LCD_Flash();
 214   2                      
 215   2              }
 216   1      }
 217          
 218          


MODULE INFORMATION:   STATIC OVERLAYABLE
   CODE SIZE        =     71    ----
   CONSTANT SIZE    =   2144    ----
   XDATA SIZE       =   ----    ----
   PDATA SIZE       =   ----    ----
   DATA SIZE        =   ----    ----
   IDATA SIZE       =   ----    ----
   BIT SIZE         =   ----    ----
END OF MODULE INFORMATION.


C51 COMPILATION COMPLETE.  0 WARNING(S),  0 ERROR(S)
