C51 COMPILER V9.54   MENU                                                                  04/08/2026 19:48:54 PAGE 1   


C51 COMPILER V9.54, COMPILATION OF MODULE MENU
OBJECT MODULE PLACED IN .\Objects\menu.obj
COMPILER INVOKED BY: C:\Keil_v5\C51\BIN\C51.EXE menu.c OPTIMIZE(8,SPEED) BROWSE DEBUG OBJECTEXTEND PRINT(.\Listings\menu
                    -.lst) OBJECT(.\Objects\menu.obj)

line level    source

   1          #include <REGX52.H>
   2          #include "LCD12864.h"
   3          
   4          void menu()
   5          {
   6   1              LCD12864_Init();
   7   1              LCD12864_Clear();
   8   1              LCD12864_Show_String(1,1,"眵昜湮桵蔗坌");
   9   1      }


MODULE INFORMATION:   STATIC OVERLAYABLE
   CODE SIZE        =     19    ----
   CONSTANT SIZE    =     13    ----
   XDATA SIZE       =   ----    ----
   PDATA SIZE       =   ----    ----
   DATA SIZE        =   ----    ----
   IDATA SIZE       =   ----    ----
   BIT SIZE         =   ----    ----
END OF MODULE INFORMATION.


C51 COMPILATION COMPLETE.  0 WARNING(S),  0 ERROR(S)
