C51 COMPILER V9.59.0.0   24C02                                                             02/07/2021 11:24:21 PAGE 1   


C51 COMPILER V9.59.0.0, COMPILATION OF MODULE 24C02
OBJECT MODULE PLACED IN .\Objects\24c02.obj
COMPILER INVOKED BY: C:\Keil_v5\C51\BIN\C51.EXE 24c02.c OPTIMIZE(8,SPEED) BROWSE DEBUG OBJECTEXTEND PRINT(.\Listings\24c
                    -02.lst) OBJECT(.\Objects\24c02.obj)

line level    source

   1          /*
   2                                                  *** 24c02_c文件 ***
   3          | 适配硬件:| HL-1开发板
   4          ===========================================================*/
   5          
   6          #include "public.h"
   7          
   8          /***********************************************************|
   9          | 名称  :| 延时10ms
  10          | 参数  :| 无
  11          | 返回值        :| 无
  12          /***********************************************************/
  13          void delay10ms()                //@11.0592MHz
  14          {
  15   1              unsigned char i, j;
  16   1      
  17   1              i = 18;
  18   1              j = 235;
  19   1              do
  20   1              {
  21   2                      while (--j);
  22   2              } while (--i);
  23   1      }
  24          
  25          
  26          /***********************************************************|
  27          | 描述  :| 字节写操作向24c02写入一个字节数据
  28          | 参数1 :| u8 addr1     -24C02器件地址
  29          | 参数2 :| u8 addr2     -24C02内部存储单元地址
  30          | 参数3 :| u8 dat       -要往24C02存储的一个字节数据
  31          | 返回值        :| 无
  32          /***********************************************************/
  33          void iic_Write_dat(u8 addr1, u8 addr2, u8 dat)
  34          {
  35   1              bit ack = 0;
  36   1              
  37   1              iic_start();                                                            //产生起始信号
  38   1              
  39   1              ack = iic_write_byte(addr1);                            //寻址24c02
  40   1              if (ack)                                                                        //如果24C02未应答
  41   1                      goto lable;                                                             //就跳转
  42   1              
  43   1              ack = iic_write_byte(addr2);                            //访问24C02内部存储单元
  44   1              if (ack)                                                                        //如果24C02未应答
  45   1                      goto lable;                                                             //就跳转
  46   1              
  47   1              ack = iic_write_byte(dat);                                      //向24C02内部单元写入数据
  48   1              if (ack)                                                                        //如果24C02未应答
  49   1                      goto lable;                                                             //就跳转
  50   1              
  51   1              lable:                                                                          //跳转标签
  52   1              iic_stop();                                                                     //发送停止信号
  53   1              if (ack)                                                                        //如果24C02未应答
  54   1              {
C51 COMPILER V9.59.0.0   24C02                                                             02/07/2021 11:24:21 PAGE 2   

  55   2                      lcd12864_show_str(0,0, "写");                   //在Lcd12864屏幕第3行输出提示信息
  56   2                      lcd12864_show_str(7,0, "!!");                   //在Lcd12864屏幕第4行输出提示信息
  57   2              }
  58   1              delay10ms();                                                            //延时10ms
  59   1      }  
  60          
  61          
  62          /***********************************************************|
  63          | 描述  :| 字节读操作从24c02读取一个字节数据
  64          | 参数1 :| u8 addr1     -24C02器件地址
  65          | 参数2 :| u8 addr2     -24C02内部存储单元地址
  66          | 返回值        :| u8 dat       -由24C02读取到的一个字节数据
  67          /***********************************************************/ 
  68          //u8 iic_read_dat(u8 addr1, u8 addr2)
  69          //{
  70          //      bit ack = 0;
  71          //      u8 dat;
  72          //      
  73          //      iic_start();                                                            //产生起始信号
  74          //      
  75          //      ack = iic_write_byte(addr1);                            //寻址24c02
  76          //      if (ack)                                                                        //如果24C02未应答
  77          //              goto lable;                                                             //就跳转
  78          //      
  79          //      ack = iic_write_byte(addr2);                            //访问24C02内部存储单元
  80          //      if (ack)                                                                        //如果24C02未应答
  81          //              goto lable;                                                             //就跳转
  82          //      
  83          //      iic_start();                                                            //再次产生起始信号
  84          //      
  85          //      ack = iic_write_byte(addr1 | 0x01);                     //寻址器件设置读取
  86          //      if (ack)                                                                        //如果24C02未应答
  87          //              goto lable;                                                             //就跳转
  88          //      
  89          //      dat = iic_read_byte();                                          //读取24C02内部单元一个字节的数据
  90          //      
  91          //      iic_master_ackOrNack(0);                                        //向24C02发送非应答信号
  92          //      
  93          //      lable:                                                                          //跳转标签
  94          //      iic_stop();                                                                     //产生停止信号  
  95          //      if (ack)                                                                        //如果24C02未应答
  96          //      {
  97          //              lcd12864_show_str(0,0, "读");                   //在Lcd12864屏幕第3行输出提示信息
  98          //              lcd12864_show_str(7,0, "!!");                   //在Lcd12864屏幕第4行输出提示信息
  99          //              return 0;                                                               //结束本函数，返回0
 100          //      }
 101          //      
 102          //      return dat;                                                                     //成功读取后返回读取到的一个字节数据
 103          //}
 104          
 105          
 106          /***********************************************************|
 107          | 描述  :| 页写操作往24c02连续写入n个字节数据(可跨页,n可大于8)
 108          | 参数1 :| u8 addr1     -24C02器件地址
 109          | 参数2 :| u8 addr2     -24C02内部存储单元的起始地址
 110          | 参数3 :| u8 *pdat     -待写数据的指针
 111          | 参数4 :| u8 len       -待写数据字节的数量
 112          | 返回值        :| 无
 113          /***********************************************************/ 
 114          //void iic_write_page(u8 addr1, u8 addr2, u8 *pdat, u8 len)
 115          //{
 116          //      bit ack = 0;
C51 COMPILER V9.59.0.0   24C02                                                             02/07/2021 11:24:21 PAGE 3   

 117          //      
 118          //      while (len > 0)
 119          //      {
 120          //              iic_start();                                                    //产生起始信号
 121          //              ack = iic_write_byte(addr1);                    //寻址24c02
 122          //              if (ack)                                                                //如果24C02未应答
 123          //                      goto lable;                                                     //就跳至lable处
 124          //              
 125          //              ack = iic_write_byte(addr2);                    //访问24C02内部存储单元起始地址
 126          //              if (ack)                                                                //如果24C02未应答
 127          //                      goto lable;                                                     //就跳至lable处
 128          //              
 129          //              while (len > 0)
 130          //              {
 131          //                      ack = iic_write_byte(*pdat++);          //向24C02内部单元连续写入n个字节的数据
 132          //                      if (ack)                                                        //如果24C02未应答
 133          //                              goto lable;                                             //就跳至lable处
 134          //                      
 135          //                      len--;
 136          //                      addr2++;                                                        //每次写入一个字节，内存地址+1
 137          //                      if ((addr2 & 0x07) == 0)                        //如果地址到达边界(判断新地址后三位是否为0)
 138          //                      {
 139          //                              break;                                                  //就跳出循环    
 140          //                      }                               
 141          //              }
 142          //              
 143          //              lable:
 144          //              iic_stop();                                                             //发送停止信号
 145          //              if (ack)                                                                //如果24C02未应答
 146          //              {
 147          //                      lcd12864_show_str(0,0, "写");           //在Lcd12864屏幕第3行输出提示信息
 148          //                      lcd12864_show_str(7,0, "!!");           //在Lcd12864屏幕第4行输出提示信息
 149          //                      len = 0;                                                        //让len为0，可以结束内外循环
 150          //              }
 151          //              else
 152          //              {
 153          //                      delay10ms();                                            //延时10ms
 154          //              }               
 155          //      }       
 156          //}
 157          
 158          
 159          /***********************************************************|
 160          | 描述  :| 页读操作从24c02连续读取n个字节数据(n可大于8)
 161          | 参数1 :| u8 addr1     -24C02器件地址
 162          | 参数2 :| u8 addr2     -24C02内部存储单元的起始地址
 163          | 参数3 :| u8 *pdat     -存储读取数据数组的指针
 164          | 参数4 :| u8 len       -待读到数据字节的数量
 165          | 返回值        :| 无
 166          /***********************************************************/
 167          //void iic_read_page(u8 addr1, u8 addr2, u8 *pdat, u8 len)
 168          //{
 169          //      bit ack = 0;
 170          //      
 171          //      iic_start();                                                    //产生起始信号
 172          //      ack = iic_write_byte(addr1);                    //寻址24c02
 173          //      if (ack)                                                                //如果24C02未应答
 174          //              goto lable;                                                     //就跳至lable处
 175          //      
 176          //      ack = iic_write_byte(addr2);                    //访问24C02内部存储单元起始地址
 177          //      if (ack)                                                                //如果24C02未应答
 178          //              goto lable;                                                     //就跳至lable处
C51 COMPILER V9.59.0.0   24C02                                                             02/07/2021 11:24:21 PAGE 4   

 179          //      
 180          //      iic_start();                                                    //再次产生起始信号
 181          //      
 182          //      ack = iic_write_byte(addr1 | 0x01);             //寻址器件设置读取
 183          //      if (ack)                                                                //如果24C02未应答
 184          //              goto lable;                                                     //就跳转
 185          //      
 186          //      while (len > 0)
 187          //      {
 188          //              *pdat++ = iic_read_byte();                      //连续读取24C02内部单元len个字节的数据
 189          //              if (len > 1)
 190          //                      iic_master_ackOrNack(1);                //主机应答24c02
 191          //              else
 192          //                      iic_master_ackOrNack(0);                //主机对24c02发送非应答,结束读取
 193          //              len--;                                                          //读取数据字节数量-1
 194          //      }
 195          //      
 196          //      lable:
 197          //      iic_stop();                                                             //发送停止信号
 198          //      if (ack)                                                                //如果24C02未应答
 199          //      {
 200          //              lcd12864_show_str(0,0, "读");           //在Lcd12864屏幕第3行输出提示信息
 201          //              lcd12864_show_str(7,0, "!!");           //在Lcd12864屏幕第4行输出提示信息
 202          //      }
 203          //}
 204          
 205          
 206          ///**********************************************/
 207          //// 名称                       : IIC多字节写入(可跨页)
 208          //// 参数u8 addr1       : 寻址从机的地址
 209          //// 参数u8 addr2       : 从机内部存放数据地址
 210          //// 参数u8 *p          : 指向要存放数据的指针
 211          //// 参数u8 len : 存放的数据长度
 212          //// 返回值             : 无
 213          ///**********************************************/
 214          //void iic_write_page(u8 addr1, u8 addr2, u8 *p, u8 len)
 215          //{
 216          //      bit ack;
 217          //      
 218          //      while (len > 0)
 219          //      {
 220          //              iic_start();                                    //向IIC总线产生起始信号
 221          //              ack = iic_write_byte(addr1);                    //寻址器件
 222          //              if (ack)                                                //处理从机器应答
 223          //              {
 224          //                      goto lable;                                     //非应答，就跳转
 225          //              }
 226          //              
 227          //              ack = iic_write_byte(addr2);                    //写入从机内部存放数据地址
 228          //              if (ack)                                                //处理从机器应答
 229          //              {
 230          //                      goto lable;                                     //非应答，就跳转
 231          //              }
 232          //              
 233          //              while (len > 0)                                 //如果还有没写好的字节数
 234          //              {
 235          //                      ack = iic_write_byte(*p++);             //每写入一个字节
 236          //                      if (ack)                                        //处理从机器应答
 237          //                      {
 238          //                              goto lable;                             //非应答，就跳转
 239          //                      }
 240          //                      len--;                                          //写入字节数-1
C51 COMPILER V9.59.0.0   24C02                                                             02/07/2021 11:24:21 PAGE 5   

 241          //                      addr2++;                                        //写入字节地址+1
 242          //                      if ((addr2 & 0x07) == 0)        //如果地址到达边界(判断新地址后三位是否为0)
 243          //                      {                       
 244          //                              break;                                  //跳出当前循环
 245          //                      }                                       
 246          //              }
 247          //              
 248          //              lable:
 249          //              iic_stop();                                             //写完一页发送停止位
 250          //              if (ack)
 251          //              {
 252          //                      lcd12864_show_str(0,0, "写");           //在Lcd12864屏幕第3行输出提示信息
 253          //                      lcd12864_show_str(7,0, "!!");           //在Lcd12864屏幕第4行输出提示信息
 254          //                      len = 0;
 255          //              }
 256          //              else
 257          //              {
 258          //                      delay10ms();                            //延时10ms，等待从机从缓存将一页数据送入掉电保存区
 259          //              }
 260          //      }
 261          //}
 262          
 263          
 264          ///**********************************************/
 265          //// 名称                       : IIC多字节读取(可跨页)
 266          //// 参数u8 addr1       : 从机本机地址
 267          //// 参数u8 addr2       : 从机内部存放要读取数据的地址
 268          //// 参数u8 *p          : 保存读取数据内存空间的指针
 269          //// 参数u8 len : 读取的数据长度
 270          //// 返回值             : 无
 271          ///**********************************************/
 272          //void iic_read_page(u8 addr1, u8 addr2, u8 *p, u8 len)
 273          //{
 274          //      bit ack;
 275          //      
 276          //      iic_start();                                            //IIC总线产生起始信号
 277          //      ack = iic_write_byte(addr1);                            //寻址从机
 278          //      if (ack)                                                        //处理从机器应答
 279          //      {
 280          //              goto lable;                                             //非应答，就跳转
 281          //      }
 282          //      
 283          //      ack = iic_write_byte(addr2);                            //写入从机内部存放数据地址
 284          //      if (ack)                                                        //处理从机器应答
 285          //      {
 286          //              goto lable;                                             //非应答，就跳转
 287          //      }
 288          //      
 289          //      iic_start();                                            //IIC总线再次产生起始信号
 290          //      ack = iic_write_byte(addr1 | 0x01);             //寻址从机并对从机设置读取
 291          //      if (ack)                                                        //处理从机器应答
 292          //      {
 293          //              goto lable;                                             //非应答，就跳转
 294          //      }
 295          //      
 296          //      while (len > 0)
 297          //      {
 298          //              *p++ = iic_read_byte();                 //读取一个字节
 299          //              if (len > 1)                                    //如果读取的不是最后一个字节
 300          //              {
 301          //                      iic_master_ackOrNack(1);        //主机发送应答
 302          //              }
C51 COMPILER V9.59.0.0   24C02                                                             02/07/2021 11:24:21 PAGE 6   

 303          //              else                                                    //如果读取的是最后一个字节
 304          //              {
 305          //                      iic_master_ackOrNack(0);        //主机发送非应答
 306          //              }
 307          //              len--;                                                  //读取字节数-1                                  
 308          //      }
 309          //                      
 310          //      lable:
 311          //      iic_stop();                                                     //发送停止位
 312          //      if (ack)
 313          //      {
 314          //              lcd12864_show_str(0,0, "读");           //在Lcd12864屏幕第3行输出提示信息
 315          //              lcd12864_show_str(7,0, "!!");           //在Lcd12864屏幕第4行输出提示信息
 316          //      }
 317          //}


MODULE INFORMATION:   STATIC OVERLAYABLE
   CODE SIZE        =     81    ----
   CONSTANT SIZE    =      6    ----
   XDATA SIZE       =   ----    ----
   PDATA SIZE       =   ----    ----
   DATA SIZE        =   ----       3
   IDATA SIZE       =   ----    ----
   BIT SIZE         =   ----       1
END OF MODULE INFORMATION.


C51 COMPILATION COMPLETE.  0 WARNING(S),  0 ERROR(S)
