C51 COMPILER V9.59.0.0   IIC                                                               02/07/2021 10:51:44 PAGE 1   


C51 COMPILER V9.59.0.0, COMPILATION OF MODULE IIC
OBJECT MODULE PLACED IN .\Objects\iic.obj
COMPILER INVOKED BY: C:\Keil_v5\C51\BIN\C51.EXE iic.c OPTIMIZE(8,SPEED) BROWSE DEBUG OBJECTEXTEND PRINT(.\Listings\iic.l
                    -st) OBJECT(.\Objects\iic.obj)

line level    source

   1          /*
   2                                                  *** iic_c文件 ***
   3          | 适配硬件:| HL-1开发板
   4          ===========================================================*/
   5          
   6          #include "public.h"
   7          
   8          /***** 变量声明或定义 *****/
   9          
  10          /***********************************************************|
  11          | 名称  :| 向IIC总线发送起始信号
  12          | 参数  :| 无
  13          | 返回值        :| 无
  14          /***********************************************************/
  15          void iic_start()
  16          {
  17   1              SDA = 1;                                //拉高数据总线
  18   1              SCL = 1;                                //拉高时钟总线
  19   1              iic_delay5us();                 //延时
  20   1              SDA = 0;                                //拉低数据总线，产生起始信号
  21   1              iic_delay5us();                 //延时
  22   1              SCL = 0;                                //拉低时钟总线
  23   1      }
  24          
  25          
  26          /***********************************************************|
  27          | 名称  :| 向IIC总线发送停止信号
  28          | 参数  :| 无
  29          | 返回值        :| 无
  30          /***********************************************************/
  31          void iic_stop()
  32          {
  33   1              SDA = 0;                                //拉低数据总线
  34   1              SCL = 1;                                //拉高时钟总线
  35   1              iic_delay5us();                 //延时
  36   1              SDA = 1;                                //拉高数据总线，产生停止信号
  37   1              iic_delay5us();                 //延时  
  38   1      }
  39          
  40          
  41          /***********************************************************|
  42          | 名称  :| 向IIC总线发送一个字节的数据等待并处理从机应答
  43          | 参数  :| u8 dat       -待发送的一个字节数据
  44          | 返回值        :| bit 0/1      -0从机应签 ，1从机未应答
  45          /***********************************************************/
  46          bit iic_write_byte(u8 dat)
  47          {
  48   1              u8 cnt = 100;                           //应答等待最大时间计数
  49   1              u8 mark;
  50   1      
  51   1              //发送一个字节数据------------------------      
  52   1              SCL = 0;                                                                //拉低时钟总线，准备数据        
  53   1              for (mark=0x80; mark!=0; mark>>=1)
  54   1              {
C51 COMPILER V9.59.0.0   IIC                                                               02/07/2021 10:51:44 PAGE 2   

  55   2                      if ((dat & mark) != 0)
  56   2                      {
  57   3                              SDA = 1;
  58   3                      }
  59   2                      else
  60   2                      {
  61   3                              SDA = 0;
  62   3                      }
  63   2                      SCL = 1;                                                        //拉高时钟总线
  64   2                      iic_delay5us();                                         //延时
  65   2                      SCL = 0;                                                        //拉低时钟总线，结束一个周期
  66   2              }
  67   1              
  68   1              //等待并处理从机应答----------------------
  69   1              SDA = 1;                                                                //释放数据总线，以便从机应答    
  70   1              do {
  71   2                              iic_delay5us();                                 //延时
  72   2                              SCL = 1;                                                //拉高时钟总线，开始应答周期
  73   2                              iic_delay5us();                                 //延时
  74   2                              if (SDA == 0)                                   //如果收到从机应答
  75   2                              {
  76   3                                      SCL = 0;                                        //结束应答周期
  77   3                                      return 0;                                       //返回0
  78   3                              }
  79   2                              SCL = 0;                                                //如果未收到从机应答，也结束应答周期
  80   2                      } while (cnt--);                                        //循环检测从机应答，直到等待最大时间到达，退出
  81   1                      
  82   1                      return 1;                                                       //等待应答最大时间过后，依然未收到应答，返回1   
  83   1      }
  84          
  85          
  86          /***********************************************************|
  87          | 名称  :| 从IIC总线读取一个字节的数据
  88          | 参数  :| 无
  89          | 返回值        :| u8 dat       -由从机读到到的一个字节数据
  90          /***********************************************************/
  91          u8 iic_read_byte()
  92          {
  93   1              u8 dat = 0;                                                             //经实测，这里必须赋初值0，否则数据会错误
  94   1              u8 mark;
  95   1              
  96   1              SDA = 1;                                                                //先释放数据总线，以便从机往总线放入数据
  97   1              for (mark=0x80; mark!=0; mark>>=1)
  98   1              {
  99   2                      iic_delay5us();                                         //延时          
 100   2                      SCL = 1;                                                        //拉高时钟总线，准备读取数据
 101   2                      iic_delay5us();                                         //延时
 102   2                      if (SDA)                                                        //如果此时数据总线是1
 103   2                      {
 104   3                              dat |= mark;                                    //将dat对应mark的高电平位置1
 105   3                      }
 106   2                      SCL = 0;                                                        //最后拉低时钟总线，结束一个字节数据的读取              
 107   2              }
 108   1              
 109   1              
 110   1              return dat;                                                             //返回读取的一个字节数据
 111   1      }
 112          
 113          
 114          /***********************************************************|
 115          | 描述  :| 主机发送应答或非应答信号
 116          | 参数  :| bit ack      -1应答，0非应答
C51 COMPILER V9.59.0.0   IIC                                                               02/07/2021 10:51:44 PAGE 3   

 117          | 返回值        :| 无
 118          /***********************************************************/
 119          void iic_master_ackOrNack(bit ack)
 120          {
 121   1              SCL = 0;                                        //拉低时钟总线
 122   1              SDA = ~ack;                                     //发送应答或非应答信号
 123   1              SCL = 1;                                        //拉高时钟总线
 124   1              iic_delay5us();                         //延时
 125   1              SCL = 0;                                        //拉低时钟总线，结束产生应答周期
 126   1      }


MODULE INFORMATION:   STATIC OVERLAYABLE
   CODE SIZE        =    142    ----
   CONSTANT SIZE    =   ----    ----
   XDATA SIZE       =   ----    ----
   PDATA SIZE       =   ----    ----
   DATA SIZE        =   ----    ----
   IDATA SIZE       =   ----    ----
   BIT SIZE         =   ----       1
END OF MODULE INFORMATION.


C51 COMPILATION COMPLETE.  0 WARNING(S),  0 ERROR(S)
