C51 COMPILER V9.59.0.0   LCD12864                                                          02/10/2021 18:05:44 PAGE 1   


C51 COMPILER V9.59.0.0, COMPILATION OF MODULE LCD12864
OBJECT MODULE PLACED IN .\Objects\lcd12864.obj
COMPILER INVOKED BY: C:\Keil_v5\C51\BIN\C51.EXE lcd12864.c OPTIMIZE(8,SPEED) BROWSE DEBUG OBJECTEXTEND PRINT(.\Listings\
                    -lcd12864.lst) OBJECT(.\Objects\lcd12864.obj)

line level    source

   1          /*
   2                                  *** lcd12864中文液晶_c文件 ***
   3          | 适配硬件:| HL-1开发板
   4          ===========================================================*/
   5          
   6          #include "public.h"
   7          
   8          /***********************************************************|
   9          | 名称  :| 检测液晶是否忙，等待液晶准备好
  10          | 参数  :| 无
  11          | 返回值        :| 无
  12          /***********************************************************/
  13          void lcd12864_wait_ready()
  14          {
  15   1              u8 sta;                                         //液晶数据口状态
  16   1              
  17   1              DB = 0xFF;                                      //这句一定要记住不能少啊，否则液晶不显示内容
  18   1              RS = 0;                                         //选择指令
  19   1              RW = 1;                                         //选择读取
  20   1              do {
  21   2                      E = 1;                                  //打开液晶使能端
  22   2                      sta = DB;                               //读取液晶数据并保存
  23   2                      E = 0;                                  //关闭液晶使能端
  24   2              } while (sta & 0x80);           //判断读取的液晶数据bit7位是否为1(忙)，循环检测直到为0(不忙)为止
  25   1      }
  26          
  27          
  28          /***********************************************************|
  29          | 名称  :| 往液晶写入一个字节的指令
  30          | 参数  :| u8 cmd       -待写指令
  31          | 返回值        :| 无
  32          /***********************************************************/
  33          void lcd12864_write_cmd(u8 cmd)
  34          {
  35   1              lcd12864_wait_ready();                  //等待液晶准备好
  36   1              RS = 0;                                                 //选择指令
  37   1              RW = 0;                                                 //选择写入
  38   1              E  = 1;                                                 //打开液晶使能端
  39   1              DB = cmd;                                               //将待写指令送到液晶数据口，等待写入
  40   1              E  = 0;                                                 //关闭液晶使能端，指令在下降沿时写入液晶
  41   1              delay100us();                                   //延时
  42   1      }
  43          
  44          
  45          /***********************************************************|
  46          | 名称  :| 往液晶写入一个字节的数据
  47          | 参数  :| u8 cmd       -待写数据
  48          | 返回值        :| 无
  49          /***********************************************************/
  50          void lcd12864_write_dat(u8 dat)
  51          {
  52   1              lcd12864_wait_ready();                  //等待液晶准备好
  53   1              RS = 1;                                                 //选择数据
  54   1              RW = 0;                                                 //选择写入
C51 COMPILER V9.59.0.0   LCD12864                                                          02/10/2021 18:05:44 PAGE 2   

  55   1              E  = 1;                                                 //打开液晶使能端
  56   1              DB = dat;                                               //将待写数据送到液晶数据口，等待写入
  57   1              E  = 0;                                                 //关闭液晶使能端，数据在下降沿时写入液晶
  58   1              delay100us();                                   //延时
  59   1      }
  60          
  61          
  62          /***********************************************************|
  63          | 名称  :| 设置光标在液晶屏幕的位置
  64          | 参数1 :| u8 x -光标在屏幕横向位置(以16个像素点为一个单位)
  65          | 参数2 :| u8 y -光标在屏幕纵向位置(以16个像素点为一个单位)
  66          | 返回值        :| 无
  67          /***********************************************************/
  68          void lcd12864_set_cursor(u8 x, u8 y)
  69          {
  70   1              u8 addr;                                                                //光标RAM地址
  71   1              
  72   1              switch (y)
  73   1              {
  74   2                      case 0: addr = 0x80 + x; break;         //设置光标在屏幕第一行x位置汉字位
  75   2                      case 1: addr = 0x90 + x; break;         //设置光标在屏幕第二行x位置汉字位
  76   2                      case 2: addr = 0x88 + x; break;         //设置光标在屏幕第三行x位置汉字位
  77   2                      case 3: addr = 0x98 + x; break;         //设置光标在屏幕第四行x位置汉字位
  78   2                      default: break;
  79   2              }
  80   1              lcd12864_write_cmd(addr);                               //将光标RAM地址作为指令写入液晶 
  81   1              delay100us();                                                   //延时
  82   1      }
  83          
  84          
  85          /***********************************************************|
  86          | 名称  :| 在屏幕指定位置显示字符串
  87          | 参数1 :| u8 x         - 光标在屏幕横向位置(以16个像素点为一个单位)
  88          | 参数2 :| u8 y         - 光标在屏幕纵向位置(以16个像素点为一个单位)
  89          | 参数3 :| u8 *str      - 字符串内存单元的指针
  90          | 返回值        :| 无
  91          /***********************************************************/
  92          void lcd12864_show_str(u8 x, u8 y, u8 *str)
  93          {
  94   1              //由起始DDRAM地址连续写入字符串
  95   1              lcd12864_write_cmd(0x30);                               //启动DDRAM操作
  96   1              lcd12864_set_cursor(x, y);                              //指定显示字符串的屏幕位置      
  97   1              while (*str != '\0')                                    //检测到写入的字符是结束符\0时，结束写入
  98   1              {
  99   2                      lcd12864_write_dat(*str++);                     //连续往液晶写入字符
 100   2              }
 101   1      }
 102          
 103          
 104          /***********************************************************|
 105          | 描述  :| 在屏幕指定位置清除字符串
 106          | 参数1 :| u8 x         - 光标在屏幕横向位置(以16个像素点为一个单位)
 107          | 参数2 :| u8 y         - 光标在屏幕纵向位置(以16个像素点为一个单位)
 108          | 参数3 :| u8 n         - 要清除的字符个数
 109          | 返回值        :| 无
 110          /***********************************************************/
 111          void lcd12864_clear_str(u8 x, u8 y, u8 n)
 112          {
 113   1              u8 i;
 114   1              
 115   1              //由起始DDRAM地址连续写入字符串
 116   1              lcd12864_write_cmd(0x30);                               //启动DDRAM操作
C51 COMPILER V9.59.0.0   LCD12864                                                          02/10/2021 18:05:44 PAGE 3   

 117   1              lcd12864_set_cursor(x, y);                              //指定显示字符串的屏幕位置      
 118   1              i = n * 2;
 119   1              while (i--)                                                             //检测到清除的字符个数为0时，结束清除
 120   1              {
 121   2                      lcd12864_write_dat(' ');                        //连续往液晶写入2个英文字符空格的空格
 122   2              }
 123   1      }
 124          
 125          
 126          /***********************************************************|
 127          | 名称  :| 在屏幕指定位置显示字符串
 128          | 参数1 :| u8 x         - 屏幕区域横向坐标(以像素为单位)
 129          | 参数2 :| u8 y         - 屏幕区域纵向坐标(以像素为单位)
 130          | 参数3 :| u8 *str      - 待显示字符串的指针
 131          | 返回值        :| 无
 132          | 备  注        :| x,y必须是16的整数倍,因DDRAM的地址以全角字符(16*16pixel)为单位
 133          /***********************************************************/
 134          //void lcd12864_show_str(u8 x, u8 y, u8 *str)
 135          //{
 136          //      u8 addr;                                                                //地DDRAM址变量
 137          //      
 138          //      //由输入的显示坐标计算DDRAM地址
 139          //      x >>= 4;                                                                //横向地址为2个字节16点傃素递值减，所以这里要将像素/16
 140          //      y >>= 4;                                                                //纵向地址为2个字节16点傃素递值减，所以这里要将像素/16
 141          //      if (y >= 2)                                                             //纵向地址汉显第一、三行相同，第二、四行相同，所以遇到
 142          //      {                                                                               //三、四行依然取第一、二行的80和90地址
 143          //              y -= 2;                                                         //y=2时减2就是0，就是第一行的超始地址
 144          //              x += 8;                                                         //这里+8就是第三行的开始，第三行实际是接着第一行后面的，
 145          //      }                                                                               //第一行是8个16像素，这里就+8
 146          //      addr = y*16 + x;                                                //计算出光标DDARM地址
 147          //      
 148          //      //由起始DDRAM地址连续写入字符串
 149          //      lcd12864_write_cmd(0x30);                               //启动DDRAM操作
 150          //      lcd12864_write_cmd(0x80 | addr);                //写入光标DDRAM地址
 151          //      while (*str != '\0')
 152          //      {
 153          //              lcd12864_write_dat(*str++);                     //连续往液晶写入字符
 154          //      }
 155          //}
 156          
 157          
 158          /***********************************************************|
 159          | 名称  :| 在屏幕指定位置显示一幅图像
 160          | 参数1 :| u8 x         - 屏幕区域横向坐标(以16个像素点为一个单位)
 161          | 参数2 :| u8 y         - 屏幕区域纵向坐标(以16个像素点为一个单位)
 162          | 参数3 :| u8 w         - 图像宽度(以1个像素点为一个单位)
 163          | 参数4 :| u8 h         - 图像高度(以1个像素点为一个单位)
 164          | 参数5 :| u8 *img      - 待显示图像的指针 
 165          | 返回值        :| 无
 166          | 备  注        :| x与w必须是16的整数倍,因CGRAM最小寻址单位为2字节,y与h可为0-63的任意值。
 167          /***********************************************************/
 168          void lcd12864_show_img(u8 x, u8 y, u8 w, u8 h, u8 *img)
 169          {
 170   1              u16 i = 0;                                                              //图像数据字节个数索引
 171   1              u8 xi;                                                                  //图像数据横向循环索引变量
 172   1              u8 yi;                                                                  //图像像素纵向循环索引变量
 173   1              u8 xt;                                                                  //图像GDRAM水平位址(0-F)
 174   1              u8 yt;                                                                  //图像GDRAM垂直位址(0-31)
 175   1              
 176   1              w >>= 3;                                                                //图像宽度/8,就是图像横向数据个数
 177   1              lcd12864_write_cmd(0x36);                               //启动GDRAM操作 
 178   1              for (yi=0; yi<h; yi++)                                  //循环图像垂直位址(每次一个像素)
C51 COMPILER V9.59.0.0   LCD12864                                                          02/10/2021 18:05:44 PAGE 4   

 179   1              {
 180   2                      yt = y*16 + yi;                                         //计算图像垂直位址(绘图模式垂直位址以位为单位)
 181   2                      xt = x;                                                         //计算图像水平位址(绘图模式水平位址以字节为单位)
 182   2                      if (yt >= 32)                                           //当图像垂直位址大于31时，应该到下半屏了
 183   2                      {
 184   3                              yt -= 32;                                               //图像垂直位址减掉32(绘图模式垂直位址范围0-31)
 185   3                              xt += 8;                                                //图像水平位址+8(绘图模式水平位址0-F，其中8-F是下半屏)
 186   3                      }
 187   2                      lcd12864_write_cmd(0x80 | yt);          //往液晶写入待写图像垂直位址(这个要先写，否则显示错乱)
 188   2                      lcd12864_write_cmd(0x80 | xt);          //往液晶写入待写图像水平位址
 189   2                      for (xi=0; xi<w; xi++)
 190   2                      {
 191   3                              lcd12864_write_dat(img[i++]);   //连续写入一个字节的图像数据
 192   3                      }
 193   2              }
 194   1      }
 195          
 196          
 197          /***********************************************************|
 198          | 名称  :| 清除屏幕上的一块图形显示区域
 199          | 参数1 :| u8 x         - 屏幕区域横向坐标(以16个像素点为一个单位)
 200          | 参数2 :| u8 y         - 屏幕区域纵向坐标(以16个像素点为一个单位)
 201          | 参数3 :| u8 w         - 图像宽度(以1个像素点为一个单位)
 202          | 参数4 :| u8 h         - 图像高度(以1个像素点为一个单位)
 203          | 参数5 :| bit wb       - 图像反白标记，1反白显示，0正常显示
 204          | 返回值        :| 无
 205          | 备  注        :| x与w必须是16的整数倍,因CGRAM最小寻址单位为2字节,y与h可为0-63的任意值。
 206          /***********************************************************/
 207          void lcd12864_clear_area(u8 x, u8 y, u8 w, u8 h, bit wb)
 208          {
 209   1              u8 xi;                                                                  //图像数据横向循环索引变量
 210   1              u8 yi;                                                                  //图像像素纵向循环索引变量
 211   1              u8 xt;                                                                  //图像GDRAM水平位址(0-F)
 212   1              u8 yt;                                                                  //图像GDRAM垂直位址(0-31)
 213   1              
 214   1              w >>= 3;                                                                //图像宽度/8,就是图像横向数据个数
 215   1              lcd12864_write_cmd(0x36);                               //启动GDRAM操作
 216   1              for (yi=0; yi<h; yi++)                                  //循环图像垂直位址(每次一个像素)
 217   1              {
 218   2                      yt = y*16 + yi;                                         //计算图像垂直位址(绘图模式垂直位址以位为单位)
 219   2                      xt = x;                                                         //计算图像水平位址(绘图模式水平位址以字节为单位)
 220   2                      if (yt >= 32)                                           //当图像垂直位址大于31时，应该到下半屏了
 221   2                      {
 222   3                              yt -= 32;                                               //图像垂直位址减掉32(绘图模式垂直位址范围0-31)
 223   3                              xt += 8;                                                //图像水平位址+8(绘图模式水平位址0-F，其中8-F是下半屏)
 224   3                      }
 225   2                      lcd12864_write_cmd(0x80 | yt);          //往液晶写入待写图像垂直位址(这个要先写，否则显示错乱)
 226   2                      lcd12864_write_cmd(0x80 | xt);          //往液晶写入待写图像水平位址
 227   2                      for (xi=0; xi<w; xi++)
 228   2                      {
 229   3                              if (wb)
 230   3                              {
 231   4                                      lcd12864_write_dat(0xFF);       //向屏幕区域写入反白清屏数据
 232   4                              }
 233   3                              else
 234   3                              {
 235   4                                      lcd12864_write_dat(0x00);       //向屏幕区域写入正常清屏数据
 236   4                              }
 237   3                      }
 238   2              }
 239   1      }
 240          
C51 COMPILER V9.59.0.0   LCD12864                                                          02/10/2021 18:05:44 PAGE 5   

 241          
 242          /***********************************************************|
 243          | 描述  :| 反白屏幕指定位置的半个字符位(不能清除文字)
 244          | 参数1 :| u8 x         - 屏幕区域横向坐标(以16个像素点为一个单位)
 245          | 参数2 :| u8 y         - 屏幕区域纵向坐标(以16个像素点为一个单位)
 246          | 参数5 :| bit lr       - 左/右半角字符位标志，0左半角，1右半角
 247          | 返回值        :| 无
 248          /***********************************************************/
 249          //void lcd12864_clear_char(u8 x, u8 y, bit lr)
 250          //{
 251          //      u8 xi;                                                                  //图像数据横向循环索引变量
 252          //      u8 yi;                                                                  //图像像素纵向循环索引变量
 253          //      u8 xt;                                                                  //图像GDRAM水平位址(0-F)
 254          //      u8 yt;                                                                  //图像GDRAM垂直位址(0-31)
 255          //      
 256          //      lcd12864_write_cmd(0x36);                               //启动CGRAM操作
 257          //      for (yi=0; yi<16; yi++)                                 //循环图像垂直位址(每次一个像素)
 258          //      {
 259          //              yt = y*16 + yi;                                         //计算图像垂直位址(绘图模式垂直位址以位为单位)
 260          //              xt = x;
 261          //              if (yt >= 32)                                           //当图像垂直位址大于31时，应该到下半屏了
 262          //              {
 263          //                      yt -= 32;                                               //图像垂直位址减掉32(绘图模式垂直位址范围0-31)
 264          //                      xt += 8;                                                //图像水平位址+8(绘图模式水平位址0-F，其中8-F是下半屏)
 265          //              }
 266          //              lcd12864_write_cmd(0x80 | yt);          //往液晶写入待写图像垂直位址(这个要先写，否则显示错乱)
 267          //              lcd12864_write_cmd(0x80 | xt);          //往液晶写入待写图像水平位址
 268          //              for (xi=0; xi<2; xi++)
 269          //              {
 270          //                      if (((xi==0) &&  lr) || ((xi==1) && (lr==0)))
 271          //                      {
 272          //                              lcd12864_write_dat(0x00);                                                       //向屏幕区域写入正常清屏数据
 273          //                      }
 274          //                      else if (((xi==1) && lr) || ((xi==0) && (lr==0)))
 275          //                      {
 276          //                              lcd12864_write_dat(0xFF);                                                       //向屏幕区域写入反白清屏数据
 277          //                      }
 278          //              }
 279          //      }
 280          //}
 281          
 282          
 283          /***********************************************************|
 284          | 名称  :| lcd12864液晶初始化
 285          | 参数  :| 无
 286          | 返回值        :| 无
 287          /***********************************************************/
 288          void lcd12864_init()
 289          {
 290   1              u8 x, y;
 291   1              
 292   1              //字符模式实始化
 293   1              lcd12864_write_cmd(0x30);                               //基本指令集
 294   1              delay5ms();
 295   1              lcd12864_write_cmd(0x01);                               //清零字符显示
 296   1              delay5ms();
 297   1              lcd12864_write_cmd(0x02);                               //地址归位
 298   1              lcd12864_write_cmd(0x0C);                               //显示开，光标不显示
 299   1              
 300   1              //图形模式初始化
 301   1              lcd12864_write_cmd(0x34);                               //启动扩展指令，关闭图形显示
 302   1              for (y=0; y<32; y++)                                    //清零图形显示缓冲区
C51 COMPILER V9.59.0.0   LCD12864                                                          02/10/2021 18:05:44 PAGE 6   

 303   1              {
 304   2                      lcd12864_write_cmd(0x80 | y);
 305   2                      lcd12864_write_cmd(0x80 | 0);
 306   2                      for (x=0; x<32; x++)
 307   2                      {
 308   3                              lcd12864_write_dat(0x00);
 309   3                      }
 310   2              }
 311   1      //      lcd12864_write_cmd(0x36);                               //开启图形显示(可以省略，因为绘图时会启动GDRAM操作)
 312   1      }
 313          
 314          
 315          /***********************************************************|
 316          | 名称  :| 将一个字节的数据在液晶指定位置以十进制显示
 317          | 参数1 :| u8 x         -光标在屏幕横向位置(0-7共8个汉字位置)
 318          | 参数2 :| u8 y         -光标在屏幕纵向位置(0-3共4个汉字位置)
 319          | 参数3 :| u8 byte      -要显示的一个字节数据
 320          | 返回值        :| 无
 321          /***********************************************************/
 322          void showDec_byte(u8 x, u8 y, u8 dat)
 323          {
 324   1              u8 buf[3];
 325   1              
 326   1              buf[0] = dat / 10 + '0';                //将数据对10取模+字符0放入数组第一个元素
 327   1              buf[1] = dat % 10 + '0';                //将数据对10取余+字符0存入数组第二个元素
 328   1              buf[2] = '\0';                                  //添加结束符
 329   1              lcd12864_show_str(x, y, buf);   //在屏幕x,y位置显示该十进制数
 330   1      }
 331          
 332          
 333          /***********************************************************|
 334          | 名称  :| 将一个长整型数转字符串在屏幕指定位置显示
 335          | 参数1 :| u8 x         -光标在屏幕横向位置(0-7共8个汉字位置)
 336          | 参数2 :| u8 y         -光标在屏幕纵向位置(0-3共4个汉字位置)
 337          | 参数3 :| signed long *pNum    -要显示的长整型数
 338          | 返回值        :| 无
 339          /***********************************************************/
 340          //void long_str(u8 x, u8 y, signed long *pNum)
 341          //{
 342          //      u8 i = 0;                                               //用于数组缓冲区的下标
 343          //      u8 j, k;                                                //用于数组互换位置的循环变量
 344          //      u8 buf[12];                                             //转换字符串缓冲区
 345          //      signed long tmp;                                //保存长整型数的临时变量
 346          //      
 347          //      tmp = *pNum;                                    //将待转长整型放入缓冲区
 348          //      if (tmp < 0)                                    //如果长整型数为负数
 349          //      {
 350          //              tmp = -tmp;                                     //取其绝对值
 351          //              buf[i++] = '-';                         //添加负号
 352          //      }
 353          //      
 354          //      do {
 355          //              buf[i++] = tmp % 10 + '0';
 356          //              tmp /= 10;
 357          //      } while (tmp > 0);                              //将长整型数分解为字符存入缓冲区
 358          //      
 359          //      if (buf[0] == '-')                              //如果数组第一个元素是负号
 360          //              j = 1;                                          //让j=1,即在数组元素互换位置时，第一个负号元素不互换
 361          //      else                                                    //如果第一个元素不是负号
 362          //              j = 0;                                          //让j=0，从第一个元素开始互换位置
 363          
 364          //      k = i - 1;                                              //元素下标的最大数为元素个数-1
C51 COMPILER V9.59.0.0   LCD12864                                                          02/10/2021 18:05:44 PAGE 7   

 365          //      while (j < k)                                   //该循环实现数组内元素首尾互换位置
 366          //      {
 367          //              tmp = buf[j];
 368          //              buf[j] = buf[k];
 369          //              buf[k] = tmp;
 370          //              j++;
 371          //              k--;
 372          //      }
 373          //      buf[i] = '\0';                                  //最后添加结束符
 374          //      
 375          //      lcd12864_show_str(x, y, buf);   //在屏幕横向x，纵向y位置处显示该长整型数        
 376          //}


MODULE INFORMATION:   STATIC OVERLAYABLE
   CODE SIZE        =    540    ----
   CONSTANT SIZE    =   ----    ----
   XDATA SIZE       =   ----    ----
   PDATA SIZE       =   ----    ----
   DATA SIZE        =   ----      34
   IDATA SIZE       =   ----    ----
   BIT SIZE         =   ----       1
END OF MODULE INFORMATION.


C51 COMPILATION COMPLETE.  0 WARNING(S),  0 ERROR(S)
