C51 COMPILER V9.59.0.0   MENU2                                                             02/10/2021 18:05:45 PAGE 1   


C51 COMPILER V9.59.0.0, COMPILATION OF MODULE MENU2
OBJECT MODULE PLACED IN .\Objects\menu2.obj
COMPILER INVOKED BY: C:\Keil_v5\C51\BIN\C51.EXE menu2.c OPTIMIZE(8,SPEED) BROWSE DEBUG OBJECTEXTEND PRINT(.\Listings\men
                    -u2.lst) OBJECT(.\Objects\menu2.obj)

line level    source

   1          /*
   2                                                  *** 二级菜单_c文件 ***
   3          | 适配硬件:| HL-1开发板
   4          ===========================================================*/
   5          
   6          #include "public.h"
   7          
   8          /***** 变量声明或定义 *****/
   9          u8 arrowPos11 = 1;                                      //一级菜单项目1下的二级菜单箭头位置索引
  10          u8 arrowPos12 = 1;                                      //一级菜单项目2下的二级菜单箭头位置索引
  11          u8 arrowPos13 = 1;                                      //一级菜单项目3下的二级菜单箭头位置索引
  12          u8 arrowPos14 = 1;                                      //一级菜单项目4下的二级菜单箭头位置索引
  13          u8 arrowPos15 = 1;                                      //一级菜单项目5下的二级菜单箭头位置索引
  14          u8 arrowPos16 = 1;                                      //一级菜单项目6下的二级菜单箭头位置索引
  15          u8 arrowPos17 = 1;                                      //一级菜单项目7下的二级菜单箭头位置索引
  16          u8 arrowPos18 = 1;                                      //一级菜单项目8下的二级菜单箭头位置索引
  17          
  18          /***********************************************************|
  19          | 名称  :| 清除显示屏上面三行字符
  20          | 参数  :| 无
  21          | 返回值        :| 无
  22          /***********************************************************/
  23          void clear_areaStr()
  24          {
  25   1              lcd12864_clear_str(0, 1, 8);                            //清除第二行字符
  26   1              lcd12864_clear_str(0, 2, 8);                            //清除第三行字符
  27   1              lcd12864_clear_str(0, 3, 8);                            //清除第四行字符
  28   1      }
  29          
  30          
  31          /***********************************************************|
  32          | 名称  :| 一级菜单项目1下的二级菜单页显示
  33          | 参数  :| 无
  34          | 返回值        :| 无
  35          /***********************************************************/
  36          void menu11()
  37          {
  38   1              if (page != 0)                          //如果在本页设置状态
  39   1              {
  40   2                      switch (page)
  41   2                      {
  42   3                              case 1:                                                                         //第一页
  43   3                                      clear_areaStr();                                                        //清除屏幕2-4行字符
  44   3                                      lcd12864_show_str(1, 1, "1.设置时间");          //显示第二行内容
  45   3                                      lcd12864_show_str(1, 2, "2.设置日期");          //显示第三行内容
  46   3                                      lcd12864_show_str(1, 3, "3.设置星期");                  //显示第四行内容
  47   3                                      break;
  48   3                              case 2:                                                                         //第二页
  49   3                                      clear_areaStr();                                                        //清除屏幕2-4行字符
  50   3                                      lcd12864_show_str(1, 1, "4.项目AD");                    //显示第二行内容
  51   3                                      lcd12864_show_str(1, 2, "5.项目AE");                    //显示第三行内容
  52   3                                      lcd12864_show_str(1, 3, "6.项目AF");                    //显示第四行内容
  53   3                                      break;
  54   3                              case 3:                                                                         //第三页
C51 COMPILER V9.59.0.0   MENU2                                                             02/10/2021 18:05:45 PAGE 2   

  55   3                                      clear_areaStr();                                                        //清除屏幕2-4行字符
  56   3                                      lcd12864_show_str(1, 1, "7.项目AG");                    //显示第二行内容
  57   3                                      lcd12864_show_str(1, 2, "8.项目AH");                    //显示第三行内容
  58   3                                      lcd12864_clear_str(1, 3, 6);                            //清除上页该行的6个汉字字符位
  59   3                                      break;
  60   3                              default:
  61   3                                      break;
  62   3                      }
  63   2              }
  64   1      }
  65          
  66          
  67          /***********************************************************|
  68          | 名称  :| 一级菜单项目2下的二级菜单页显示
  69          | 参数  :| 无
  70          | 返回值        :| 无
  71          /***********************************************************/
  72          void menu12()
  73          {
  74   1              if (page != 0)                          //如果在本页设置状态
  75   1              {
  76   2                      switch (page)
  77   2                      {
  78   3                              case 1:                                                                         //第一页
  79   3                                      clear_areaStr();                                                        //清除屏幕2-4行字符
  80   3                                      lcd12864_show_str(1, 1, "1.项目BA");                    //显示第二行内容
  81   3                                      lcd12864_show_str(1, 2, "2.项目BB");                    //显示第三行内容
  82   3                                      lcd12864_show_str(1, 3, "3.项目BC");                    //显示第四行内容
  83   3                                      break;
  84   3                              case 2:                                                                         //第二页
  85   3                                      clear_areaStr();                                                        //清除屏幕2-4行字符
  86   3                                      lcd12864_show_str(1, 1, "4.项目BD");                    //显示第二行内容
  87   3                                      lcd12864_show_str(1, 2, "5.项目BE");                    //显示第三行内容
  88   3                                      lcd12864_show_str(1, 3, "6.项目BF");                    //显示第四行内容
  89   3                                      break;
  90   3                              case 3:                                                                         //第三页
  91   3                                      clear_areaStr();                                                        //清除屏幕2-4行字符
  92   3                                      lcd12864_show_str(1, 1, "7.项目BG");                    //显示第二行内容
  93   3                                      lcd12864_show_str(1, 2, "8.项目BH");                    //显示第三行内容
  94   3                                      lcd12864_clear_str(1, 3, 6);                            //清除上页该行的6个汉字字符位
  95   3                                      break;
  96   3                              default:
  97   3                                      break;
  98   3                      }
  99   2              }
 100   1      }
 101          
 102          
 103          /***********************************************************|
 104          | 名称  :| 一级菜单项目3下的二级菜单页显示
 105          | 参数  :| 无
 106          | 返回值        :| 无
 107          /***********************************************************/
 108          void menu13()
 109          {
 110   1              if (page != 0)                          //如果在本页设置状态
 111   1              {
 112   2                      switch (page)
 113   2                      {
 114   3                              case 1:                                                                         //第一页
 115   3                                      clear_areaStr();                                                        //清除屏幕2-4行字符
 116   3                                      lcd12864_show_str(1, 1, "1.项目CA");                    //显示第二行内容
C51 COMPILER V9.59.0.0   MENU2                                                             02/10/2021 18:05:45 PAGE 3   

 117   3                                      lcd12864_show_str(1, 2, "2.项目CB");                    //显示第三行内容
 118   3                                      lcd12864_show_str(1, 3, "3.项目CC");                    //显示第四行内容
 119   3                                      break;
 120   3                              case 2:                                                                         //第二页
 121   3                                      clear_areaStr();                                                        //清除屏幕2-4行字符
 122   3                                      lcd12864_show_str(1, 1, "4.项目CD");                    //显示第二行内容
 123   3                                      lcd12864_show_str(1, 2, "5.项目CE");                    //显示第三行内容
 124   3                                      lcd12864_show_str(1, 3, "6.项目CF");                    //显示第四行内容
 125   3                                      break;
 126   3                              case 3:                                                                         //第三页
 127   3                                      clear_areaStr();                                                        //清除屏幕2-4行字符
 128   3                                      lcd12864_show_str(1, 1, "7.项目CG");                    //显示第二行内容
 129   3                                      lcd12864_show_str(1, 2, "8.项目CH");                    //显示第三行内容
 130   3                                      lcd12864_clear_str(1, 3, 6);                            //清除上页该行的6个汉字字符位
 131   3                                      break;
 132   3                              default:
 133   3                                      break;
 134   3                      }
 135   2              }
 136   1      }
 137          
 138          
 139          /***********************************************************|
 140          | 名称  :| 一级菜单项目4下的二级菜单页显示
 141          | 参数  :| 无
 142          | 返回值        :| 无
 143          /***********************************************************/
 144          void menu14()
 145          {
 146   1              if (page != 0)                          //如果在本页设置状态
 147   1              {
 148   2                      switch (page)
 149   2                      {
 150   3                              case 1:                                                                         //第一页
 151   3                                      clear_areaStr();                                                        //清除屏幕2-4行字符
 152   3                                      lcd12864_show_str(1, 1, "1.项目DA");                    //显示第二行内容
 153   3                                      lcd12864_show_str(1, 2, "2.项目DB");                    //显示第三行内容
 154   3                                      lcd12864_show_str(1, 3, "3.项目DC");                    //显示第四行内容
 155   3                                      break;
 156   3                              case 2:                                                                         //第二页
 157   3                                      clear_areaStr();                                                        //清除屏幕2-4行字符
 158   3                                      lcd12864_show_str(1, 1, "4.项目DD");                    //显示第二行内容
 159   3                                      lcd12864_show_str(1, 2, "5.项目DE");                    //显示第三行内容
 160   3                                      lcd12864_show_str(1, 3, "6.项目DF");                    //显示第四行内容
 161   3                                      break;
 162   3                              case 3:                                                                         //第三页
 163   3                                      clear_areaStr();                                                        //清除屏幕2-4行字符
 164   3                                      lcd12864_show_str(1, 1, "7.项目DG");                    //显示第二行内容
 165   3                                      lcd12864_show_str(1, 2, "8.项目DH");                    //显示第三行内容
 166   3                                      lcd12864_clear_str(1, 3, 6);                            //清除上页该行的6个汉字字符位
 167   3                                      break;
 168   3                              default:
 169   3                                      break;
 170   3                      }
 171   2              }
 172   1      }
 173          
 174          
 175          /***********************************************************|
 176          | 名称  :| 一级菜单项目5下的二级菜单页显示
 177          | 参数  :| 无
 178          | 返回值        :| 无
C51 COMPILER V9.59.0.0   MENU2                                                             02/10/2021 18:05:45 PAGE 4   

 179          /***********************************************************/
 180          void menu15()
 181          {
 182   1              if (page != 0)                          //如果在本页设置状态
 183   1              {
 184   2                      switch (page)
 185   2                      {
 186   3                              case 1:                                                                         //第一页
 187   3                                      clear_areaStr();                                                        //清除屏幕2-4行字符
 188   3                                      lcd12864_show_str(1, 1, "1.项目EA");                    //显示第二行内容
 189   3                                      lcd12864_show_str(1, 2, "2.项目EB");                    //显示第三行内容
 190   3                                      lcd12864_show_str(1, 3, "3.项目EC");                    //显示第四行内容
 191   3                                      break;
 192   3                              case 2:                                                                         //第二页
 193   3                                      clear_areaStr();                                                        //清除屏幕2-4行字符
 194   3                                      lcd12864_show_str(1, 1, "4.项目ED");                    //显示第二行内容
 195   3                                      lcd12864_show_str(1, 2, "5.项目EE");                    //显示第三行内容
 196   3                                      lcd12864_show_str(1, 3, "6.项目EF");                    //显示第四行内容
 197   3                                      break;
 198   3                              case 3:                                                                         //第三页
 199   3                                      clear_areaStr();                                                        //清除屏幕2-4行字符
 200   3                                      lcd12864_show_str(1, 1, "7.项目EG");                    //显示第二行内容
 201   3                                      lcd12864_show_str(1, 2, "8.项目EH");                    //显示第三行内容
 202   3                                      lcd12864_clear_str(1, 3, 6);                            //清除上页该行的6个汉字字符位
 203   3                                      break;
 204   3                              default:
 205   3                                      break;
 206   3                      }
 207   2              }
 208   1      }
 209          
 210          
 211          /***********************************************************|
 212          | 名称  :| 一级菜单项目6下的二级菜单页显示
 213          | 参数  :| 无
 214          | 返回值        :| 无
 215          /***********************************************************/
 216          void menu16()
 217          {
 218   1              if (page != 0)                          //如果在本页设置状态
 219   1              {
 220   2                      switch (page)
 221   2                      {
 222   3                              case 1:                                                                         //第一页
 223   3                                      clear_areaStr();                                                        //清除屏幕2-4行字符
 224   3                                      lcd12864_show_str(1, 1, "1.项目FA");                    //显示第二行内容
 225   3                                      lcd12864_show_str(1, 2, "2.项目FB");                    //显示第三行内容
 226   3                                      lcd12864_show_str(1, 3, "3.项目DC");                    //显示第四行内容
 227   3                                      break;
 228   3                              case 2:                                                                         //第二页
 229   3                                      clear_areaStr();                                                        //清除屏幕2-4行字符
 230   3                                      lcd12864_show_str(1, 1, "4.项目FD");                    //显示第二行内容
 231   3                                      lcd12864_show_str(1, 2, "5.项目FE");                    //显示第三行内容
 232   3                                      lcd12864_show_str(1, 3, "6.项目FF");                    //显示第四行内容
 233   3                                      break;
 234   3                              case 3:                                                                         //第三页
 235   3                                      clear_areaStr();                                                        //清除屏幕2-4行字符
 236   3                                      lcd12864_show_str(1, 1, "7.项目FG");                    //显示第二行内容
 237   3                                      lcd12864_show_str(1, 2, "8.项目FH");                    //显示第三行内容
 238   3                                      lcd12864_clear_str(1, 3, 6);                            //清除上页该行的6个汉字字符位
 239   3                                      break;
 240   3                              default:
C51 COMPILER V9.59.0.0   MENU2                                                             02/10/2021 18:05:45 PAGE 5   

 241   3                                      break;
 242   3                      }
 243   2              }
 244   1      }
 245          
 246          
 247          /***********************************************************|
 248          | 名称  :| 一级菜单项目7下的二级菜单页显示
 249          | 参数  :| 无
 250          | 返回值        :| 无
 251          /***********************************************************/
 252          void menu17()
 253          {
 254   1              if (page != 0)                          //如果在本页设置状态
 255   1              {
 256   2                      switch (page)
 257   2                      {
 258   3                              case 1:                                                                         //第一页
 259   3                                      clear_areaStr();                                                        //清除屏幕2-4行字符
 260   3                                      lcd12864_show_str(1, 1, "1.项目GA");                    //显示第二行内容
 261   3                                      lcd12864_show_str(1, 2, "2.项目GB");                    //显示第三行内容
 262   3                                      lcd12864_show_str(1, 3, "3.项目DC");                    //显示第四行内容
 263   3                                      break;
 264   3                              case 2:                                                                         //第二页
 265   3                                      clear_areaStr();                                                        //清除屏幕2-4行字符
 266   3                                      lcd12864_show_str(1, 1, "4.项目GD");                    //显示第二行内容
 267   3                                      lcd12864_show_str(1, 2, "5.项目GE");                    //显示第三行内容
 268   3                                      lcd12864_show_str(1, 3, "6.项目GF");                    //显示第四行内容
 269   3                                      break;
 270   3                              case 3:                                                                         //第三页
 271   3                                      clear_areaStr();                                                        //清除屏幕2-4行字符
 272   3                                      lcd12864_show_str(1, 1, "7.项目GG");                    //显示第二行内容
 273   3                                      lcd12864_show_str(1, 2, "8.项目GH");                    //显示第三行内容
 274   3                                      lcd12864_clear_str(1, 3, 6);                            //清除上页该行的6个汉字字符位
 275   3                                      break;
 276   3                              default:
 277   3                                      break;
 278   3                      }
 279   2              }
 280   1      }
 281          
 282          
 283          /***********************************************************|
 284          | 名称  :| 一级菜单项目8下的二级菜单页显示
 285          | 参数  :| 无
 286          | 返回值        :| 无
 287          /***********************************************************/
 288          void menu18()
 289          {
 290   1              if (page != 0)                          //如果在本页设置状态
 291   1              {
 292   2                      switch (page)
 293   2                      {
 294   3                              case 1:                                                                         //第一页
 295   3                                      clear_areaStr();                                                        //清除屏幕2-4行字符
 296   3                                      lcd12864_show_str(1, 1, "1.项目HA");                    //显示第二行内容
 297   3                                      lcd12864_show_str(1, 2, "2.项目HB");                    //显示第三行内容
 298   3                                      lcd12864_show_str(1, 3, "3.项目HC");                    //显示第四行内容
 299   3                                      break;
 300   3                              case 2:                                                                         //第二页
 301   3                                      clear_areaStr();                                                        //清除屏幕2-4行字符
 302   3                                      lcd12864_show_str(1, 1, "4.项目HD");                    //显示第二行内容
C51 COMPILER V9.59.0.0   MENU2                                                             02/10/2021 18:05:45 PAGE 6   

 303   3                                      lcd12864_show_str(1, 2, "5.项目HE");                    //显示第三行内容
 304   3                                      lcd12864_show_str(1, 3, "6.项目HF");                    //显示第四行内容
 305   3                                      break;
 306   3                              case 3:                                                                         //第三页
 307   3                                      clear_areaStr();                                                        //清除屏幕2-4行字符
 308   3                                      lcd12864_show_str(1, 1, "7.项目HG");                    //显示第二行内容
 309   3                                      lcd12864_show_str(1, 2, "8.项目HH");                    //显示第三行内容
 310   3                                      lcd12864_clear_str(1, 3, 6);                            //清除上页该行的6个汉字字符位
 311   3                                      break;
 312   3                              default:
 313   3                                      break;
 314   3                      }
 315   2              }
 316   1      }
 317          
 318          
 319          /***********************************************************|
 320          | 名称  :| 二级菜单
 321          | 参数  :| 无
 322          | 返回值        :| 无
 323          /***********************************************************/
 324          void menu2()
 325          {
 326   1              switch (arrowPos1)
 327   1              {
 328   2                      case 1:
 329   2                              if (mLayer == 1)                                        //仅当从一级菜单进入二级菜单时
 330   2                              {
 331   3                                      page = 1;                                                               //置一级菜单项目1下的二级菜单页码为1
 332   3                                      arrowPos11 = 1;                                                 //设置当前界面指向箭头在第二行
 333   3                              }
 334   2                              menu11();                                                       //显示一级菜单项目1下的二级菜单第一页
 335   2                              arrow_position(arrowPos11);                     //调用箭头显示函数，在第二行显示箭头
 336   2                              break;
 337   2                      case 2:
 338   2                              if (mLayer == 1)                                        //仅当从一级菜单进入二级菜单时
 339   2                              {
 340   3                                      page = 1;                                                       //置一级菜单项目2下的二级菜单页码为1
 341   3                                      arrowPos12 = 1;                                         //设置当前界面指向箭头在第二行
 342   3                              }
 343   2                              menu12();                                                       //显示一级菜单项目2下的二级菜单第一页
 344   2                              arrow_position(arrowPos12);                     //调用箭头显示函数，在第二行显示箭头
 345   2                              break;
 346   2                      case 3:
 347   2                              if (mLayer == 1)                                        //仅当从一级菜单进入二级菜单时
 348   2                              {
 349   3                                      page = 1;                                                       //置一级菜单项目3下的二级菜单页码为1
 350   3                                      arrowPos13 = 1;                                         //设置当前界面指向箭头在第二行
 351   3                              }
 352   2                              menu13();                                                       //显示一级菜单项目3下的二级菜单第一页
 353   2                              arrow_position(arrowPos13);                     //调用箭头显示函数，在第二行显示箭头
 354   2                              break;
 355   2                      case 4:
 356   2                              if (mLayer == 1)                                        //仅当从一级菜单进入二级菜单时
 357   2                              {
 358   3                                      page = 1;                                                       //置一级菜单项目4下的二级菜单页码为1
 359   3                                      arrowPos14 = 1;                                         //设置当前界面指向箭头在第二行
 360   3                              }
 361   2                              menu14();                                                       //显示一级菜单项目4下的二级菜单第一页
 362   2                              arrow_position(arrowPos14);                     //调用箭头显示函数，在第二行显示箭头                    
 363   2                              break;
 364   2                      case 5:
C51 COMPILER V9.59.0.0   MENU2                                                             02/10/2021 18:05:45 PAGE 7   

 365   2                              if (mLayer == 1)                                        //仅当从一级菜单进入二级菜单时
 366   2                              {
 367   3                                      page = 1;                                                       //置一级菜单项目5下的二级菜单页码为1
 368   3                                      arrowPos15 = 1;                                         //设置当前界面指向箭头在第二行
 369   3                              }
 370   2                              menu15();                                                       //显示一级菜单项目5下的二级菜单第一页
 371   2                              arrow_position(arrowPos15);                     //调用箭头显示函数，在第二行显示箭头                    
 372   2                              break;
 373   2                      case 6:
 374   2                              if (mLayer == 1)                                        //仅当从一级菜单进入二级菜单时
 375   2                              {
 376   3                                      page = 1;                                                       //置一级菜单项目6下的二级菜单页码为1
 377   3                                      arrowPos16 = 1;                                         //设置当前界面指向箭头在第二行
 378   3                              }
 379   2                              menu16();                                                       //显示一级菜单项目6下的二级菜单第一页
 380   2                              arrow_position(arrowPos16);                     //调用箭头显示函数，在第二行显示箭头
 381   2                              break;
 382   2                      case 7:
 383   2                              if (mLayer == 1)                                        //仅当从一级菜单进入二级菜单时
 384   2                              {
 385   3                                      page = 1;                                                       //置一级菜单项目7下的二级菜单页码为1
 386   3                                      arrowPos17 = 1;                                         //设置当前界面指向箭头在第二行
 387   3                              }
 388   2                              menu17();                                                       //显示一级菜单项目7下的二级菜单第一页
 389   2                              arrow_position(arrowPos17);                     //调用箭头显示函数，在第二行显示箭头
 390   2                              break;
 391   2                      case 8:
 392   2                              if (mLayer == 1)                                        //仅当从一级菜单进入二级菜单时
 393   2                              {
 394   3                                      page = 1;                                                       //置一级菜单项目8下的二级菜单页码为1
 395   3                                      arrowPos18 = 1;                                         //设置当前界面指向箭头在第二行
 396   3                              }
 397   2                              menu18();                                                       //显示一级菜单项目8下的二级菜单第一页
 398   2                              arrow_position(arrowPos18);                     //调用箭头显示函数，在第二行显示箭头
 399   2                              break;
 400   2                      default:
 401   2                              break;
 402   2              }
 403   1              mLayer = 2;                                                                     //将菜单层索引改为2
 404   1              lcd12864_show_str(1, 0, "- 二级菜单 -");                //显示第一行内容
 405   1      }
 406          
 407          
 408          /***********************************************************|
 409          | 名称  :| ENTER键单击程序
 410          | 参数  :| 无
 411          | 返回值        :| 无
 412          /***********************************************************/
 413          void enter_menu2()
 414          { 
 415   1              if (mLayer == 1)                                        //如果当前在一级菜单界面
 416   1              {
 417   2                      clear_arrow();                                  //先清除一级菜单显示的箭头，否则后面会残留显示
 418   2                       menu2();                                               //进入二级菜单
 419   2              }
 420   1              else if (mLayer == 2)                           //如果当前在二级菜单界面
 421   1              {
 422   2                      clear_arrow();                                  //先清除一级菜单显示的箭头，否则后面会残留显示
 423   2                      enter_setItem();                                //进入设置项选择
 424   2              }
 425   1              else if (mLayer == 3)                           //如果当前在设置数据界面
 426   1              {
C51 COMPILER V9.59.0.0   MENU2                                                             02/10/2021 18:05:45 PAGE 8   

 427   2                      save_dat();                                             //保存设置的数据
 428   2              }               
 429   1      }


MODULE INFORMATION:   STATIC OVERLAYABLE
   CODE SIZE        =   1368    ----
   CONSTANT SIZE    =    577    ----
   XDATA SIZE       =   ----    ----
   PDATA SIZE       =   ----    ----
   DATA SIZE        =      8    ----
   IDATA SIZE       =   ----    ----
   BIT SIZE         =   ----    ----
END OF MODULE INFORMATION.


C51 COMPILATION COMPLETE.  0 WARNING(S),  0 ERROR(S)
