C51 COMPILER V9.59.0.0   MENU                                                              02/10/2021 18:05:44 PAGE 1   


C51 COMPILER V9.59.0.0, COMPILATION OF MODULE MENU
OBJECT MODULE PLACED IN .\Objects\menu.obj
COMPILER INVOKED BY: C:\Keil_v5\C51\BIN\C51.EXE menu.c OPTIMIZE(8,SPEED) BROWSE DEBUG OBJECTEXTEND PRINT(.\Listings\menu
                    -.lst) OBJECT(.\Objects\menu.obj)

line level    source

   1          /*
   2                                                  *** ВЫЕЅЩшжУ_cЮФМў ***
   3          | ЪЪХфгВМў:| HL-1ПЊЗЂАх
   4          ===========================================================*/
   5          
   6          #include "public.h"
   7          
   8          /***** БфСПЩљУїЛђЖЈвх *****/
   9          bit flag_keyAc = 0;                     //АДМќЖЏзїБъжОЮЛЃЌжЛвЊгаАДМќЖЏзїЃЌИУБъжОЮЛжУ1ЃЌБЃДцВЂЭЫГіВЫЕЅЪБЧх0
  10          u8 page = 1;
  11          u8 mLayer = 0;
  12          u8 arrowPos1 = 1;
  13          
  14          extern void StartScreen();
  15          
  16          /***********************************************************|
  17          | УћГЦ  :| вЛМЖВЫЕЅвГЯдЪО
  18          | ВЮЪ§  :| Юо
  19          | ЗЕЛижЕ        :| Юо
  20          /***********************************************************/
  21          void menu1()
  22          {
  23   1              switch (page)
  24   1              {
  25   2                      case 1:
  26   2                              lcd12864_show_str(1, 1, "1.ЯюФПA");                             //ЯдЪОЕкЖўааФкШн
  27   2                              lcd12864_show_str(1, 2, "2.ЯюФПB");                             //ЯдЪОЕкШ§ааФкШн
  28   2                              lcd12864_show_str(1, 3, "3.ЯюФПC");                             //ЯдЪОЕкЫФааФкШн
  29   2                              break;
  30   2                      case 2:
  31   2                              lcd12864_show_str(1, 1, "4.ЯюФПD");                             //ЯдЪОЕкЖўааФкШн
  32   2                              lcd12864_show_str(1, 2, "5.ЯюФПE");                             //ЯдЪОЕкШ§ааФкШн
  33   2                              lcd12864_show_str(1, 3, "6.ЯюФПF");                             //ЯдЪОЕкЫФааФкШн
  34   2                              break;
  35   2                      case 3:
  36   2                              lcd12864_show_str(1, 1, "7.ЯюФПG");                             //ЯдЪОЕкЖўааФкШн
  37   2                              lcd12864_show_str(1, 2, "8.ЯюФПH");                             //ЯдЪОЕкШ§ааФкШн
  38   2                              lcd12864_clear_str(1, 3, 6);                                    //ЧхГ§ЩЯвГИУааЕФ6ИіККзжзжЗћЮЛ
  39   2                              break;
  40   2                      default:
  41   2                              break;
  42   2              }
  43   1      }
  44          
  45          
  46          /***********************************************************|
  47          | УћГЦ  :| ЯдЪОМ§ЭЗЮЛжУ
  48          | ВЮЪ§  :| u8 arrowPos  -вЊЯдЪОвГУцжИЯђМ§ЭЗЮЛжУ
  49          | ЗЕЛижЕ        :| Юо
  50          /***********************************************************/
  51          void arrow_position(u8 arrowPos)
  52          {                       
  53   1              if ((arrowPos == 1) || (arrowPos == 4) || (arrowPos == 7))                      //ЕБВЫЕЅБъЬт1ЁЂ4ЁЂ7ЖМЪЧдкЦСФЛЕкЖўааЯдЪОЪБ
  54   1              {
C51 COMPILER V9.59.0.0   MENU                                                              02/10/2021 18:05:44 PAGE 2   

  55   2                      lcd12864_set_cursor(0, 1);                                                                              //ЩшжУЕижЗдкЕкЖўааЕквЛИізжЗћДІ
  56   2              }
  57   1              else if ((arrowPos == 2) || (arrowPos == 5) || (arrowPos == 8))         //ЕБВЫЕЅБъЬт2ЁЂ5ЁЂ8ЖМЪЧдкЦСФЛЕкШ§ааЯдЪОЪ
             -Б
  58   1              {
  59   2                      lcd12864_set_cursor(0, 2);                                                                              //ЩшжУЕижЗдкЕкШ§ааЕквЛИізжЗћДІ
  60   2              }
  61   1              else if ((arrowPos == 3) || (arrowPos == 6))                                            //ЕБВЫЕЅБъЬт3ЁЂ6ЖМЪЧдкЦСФЛЕкЫФааЯдЪОЪБ
  62   1              {
  63   2                      lcd12864_set_cursor(0, 3);                                                                              //ЩшжУЕижЗдкЕкЫФааЕквЛИізжЗћДІ
  64   2              }
  65   1              lcd12864_write_dat(' ');                                                                                        //зѓАыНЧгЂЮФзжЗћЮЛЯдЪОПеИё
  66   1              lcd12864_write_dat(0x10);                                                                                       //гвАыНЧгЂЮФзжЗћЮЛЯдЪОзѓМ§ЭЗ
  67   1      }
  68          
  69          
  70          /***********************************************************|
  71          | УшЪі  :| ВЫЕЅЯдЪО
  72          | ВЮЪ§  :| Юо
  73          | ЗЕЛижЕ        :| Юо
  74          /***********************************************************/
  75          void show_menu()
  76          {
  77   1              if (mLayer == 1)                                                                //ЕБВЫЕЅВуБфСПЮЊ1ЪБ
  78   1              {
  79   2                      menu1();                                                                        //ЫЂаТЯдЪОвЛМЖВЫЕЅ
  80   2              }
  81   1              else if (mLayer == 2)                                                   //ЕБВЫЕЅВуБфСПЮЊ2ЪБ
  82   1              {
  83   2                      switch (arrowPos1)                                                      //ИљОнМ§ЭЗжИЯђЮЛжУЃЌЫЂаТЯдЪОВЛЭЌЕФЖўМЖВЫЕЅ
  84   2                      {                       
  85   3                              case 1: menu11(); break;                                //ЫЂаТЯдЪОвЛМЖВЫЕЅЯюФП1ЯТЕФЖўМЖВЫЕЅ
  86   3                              case 2: menu12(); break;                                //ЫЂаТЯдЪОвЛМЖВЫЕЅЯюФП2ЯТЕФЖўМЖВЫЕЅ
  87   3                              case 3: menu13(); break;                                //ЫЂаТЯдЪОвЛМЖВЫЕЅЯюФП3ЯТЕФЖўМЖВЫЕЅ
  88   3                              case 4: menu14(); break;                                //ЫЂаТЯдЪОвЛМЖВЫЕЅЯюФП4ЯТЕФЖўМЖВЫЕЅ
  89   3                              case 5: menu15(); break;                                //ЫЂаТЯдЪОвЛМЖВЫЕЅЯюФП5ЯТЕФЖўМЖВЫЕЅ
  90   3                              case 6: menu16(); break;                                //ЫЂаТЯдЪОвЛМЖВЫЕЅЯюФП6ЯТЕФЖўМЖВЫЕЅ
  91   3                              case 7: menu17(); break;                                //ЫЂаТЯдЪОвЛМЖВЫЕЅЯюФП7ЯТЕФЖўМЖВЫЕЅ
  92   3                              case 8: menu18(); break;                                //ЫЂаТЯдЪОвЛМЖВЫЕЅЯюФП8ЯТЕФЖўМЖВЫЕЅ
  93   3                              default: break;
  94   3                      }       
  95   2              }
  96   1      }
  97          
  98          
  99          /***********************************************************|
 100          | УшЪі  :| ИФБфВЫЕЅвГТы
 101          | ВЮЪ§1 :| u8 arrowPos  -жИЯђМ§ЭЗЮЛжУ
 102          | ВЮЪ§2 :| Юо
 103          | ЗЕЛижЕ        :| Юо
 104          /***********************************************************/
 105          void menu_page(u8 arrowPos)
 106          {
 107   1              if ((arrowPos >= 1) && (arrowPos <= 3) )                        //ЕБМ§ЭЗЮЛжУЮЊ1-3ЪБ
 108   1              {
 109   2                      page = 1;                                                                               //ВЫЕЅВуЪ§жУЮЊ2
 110   2              }
 111   1              else if ((arrowPos >= 4) && (arrowPos <= 6) )           //ЕБМ§ЭЗЮЛжУЮЊ4-6ЪБ
 112   1              {
 113   2                      page = 2;                                                                               //ВЫЕЅВуЪ§жУЮЊ2
 114   2              }
 115   1              else if ((arrowPos >= 7) && (arrowPos <= 8) )           //ЕБМ§ЭЗЮЛжУЮЊ7-8ЪБ
C51 COMPILER V9.59.0.0   MENU                                                              02/10/2021 18:05:44 PAGE 3   

 116   1              {
 117   2                      page = 3;                                                                               //ВЫЕЅВуЪ§жУЮЊ3
 118   2              }
 119   1      }
 120          
 121          
 122          /***********************************************************|
 123          | УшЪі  :| ЫЂаТВЫЕЅЩЯЗ­вГЯдЪО
 124          | ВЮЪ§1 :| u8 arrowPos  -жИЯђМ§ЭЗЮЛжУ
 125          | ВЮЪ§2 :| u8 posMax    -М§ЭЗЮЛжУзюДѓжЕ
 126          | ЗЕЛижЕ        :| Юо
 127          /***********************************************************/
 128          void refresh_menuUp(u8 arrowPos, u8 posMax)
 129          {
 130   1              if ((arrowPos == 3) || (arrowPos == 6) ||  (arrowPos == posMax))        //ЕБМ§ЭЗЮЛжУЮЊ3/6/зюДѓжЕЪБ
 131   1              {
 132   2                      show_menu();            //ЯдЪОВЫЕЅ              
 133   2              }
 134   1      }
 135          
 136          
 137          /***********************************************************|
 138          | УшЪі  :| ЫЂаТВЫЕЅЯТЗ­вГЯдЪО
 139          | ВЮЪ§1 :| u8 arrowPos  -жИЯђМ§ЭЗЮЛжУ
 140          | ВЮЪ§2 :| u8 posMax    -М§ЭЗЮЛжУзюДѓжЕ
 141          | ЗЕЛижЕ        :| Юо
 142          /***********************************************************/
 143          void refresh_menuDown(u8 arrowPos)
 144          {
 145   1              if ((arrowPos == 1) || (arrowPos == 4) ||  (arrowPos == 7))             //ЕБМ§ЭЗЮЛжУЮЊ1/4/7ЪБ
 146   1              {
 147   2                      show_menu();            //ЯдЪОВЫЕЅ              
 148   2              }
 149   1      }
 150          
 151          
 152          /***********************************************************|
 153          | УћГЦ  :| ЧхГ§М§ЭЗЯдЪО
 154          | ВЮЪ§  :| Юо
 155          | ЗЕЛижЕ        :| Юо
 156          /***********************************************************/
 157          void clear_arrow()
 158          {
 159   1              lcd12864_show_str(0, 1, "  ");                                  //ЧхГ§ЦСФЛЕкЖўаазюзѓБпМ§ЭЗЯдЪОЧјгђ
 160   1              lcd12864_show_str(0, 2, "  ");                                  //ЧхГ§ЦСФЛЕкШ§аазюзѓБпМ§ЭЗЯдЪОЧјгђ
 161   1              lcd12864_show_str(0, 3, "  ");                                  //ЧхГ§ЦСФЛЕкЫФаазюзѓБпМ§ЭЗЯдЪОЧјгђ
 162   1      }
 163          
 164          
 165          /***********************************************************|
 166          | УћГЦ  :| жИЯђМ§ЭЗЩЯвЦЯдЪО
 167          | ВЮЪ§1 :| u8 arrowPos  -ЕБУцНчУцМ§ЭЗЮЛжУЫїв§
 168          | ВЮЪ§2 :| u8 posMax    -М§ЭЗЮЛжУЫїв§зюДѓжЕ
 169          | ЗЕЛижЕ        :| Юо
 170          /***********************************************************/
 171          void arrow_moveUp(u8 *paPos, u8 posMax)
 172          {
 173   1              if (*paPos != 0)
 174   1              {
 175   2                      if (*paPos > 1)                                         //ШчЙћМ§ЭЗЮЛжУДѓгк1
 176   2                      {
 177   3                              (*paPos)--;                                             //М§ЭЗЮЛжУ-1
C51 COMPILER V9.59.0.0   MENU                                                              02/10/2021 18:05:44 PAGE 4   

 178   3                      }
 179   2                      else                                                            //ЕБМ§ЭЗЮЛжУ-ЕНаЁгк1ЪБ
 180   2                      {
 181   3                              *paPos = posMax;                                //НЋМ§ЭЗЮЛжУжЕжУЮЊзюДѓжЕ
 182   3                      }
 183   2                                      
 184   2                      menu_page(*paPos);                                      //ИФБфВЫЕЅвГТы(етСНОфБиаыдкЯТСНОфЧАУцЃЌЗёдђЗ­вГКѓМ§ЭЗВЛЯдЪО)
 185   2                      refresh_menuUp(*paPos, posMax);         //ЫЂаТВЫЕЅЩЯЗ­вГЯдЪО    
 186   2                      
 187   2                      clear_arrow();                                          //ЧхГ§АДМќЩЯДЮЖЏзїЯдЪОЕФМ§ЭЗ            
 188   2                      arrow_position(*paPos);                         //ЕїгУМ§ЭЗЮЛжУЃЌЫЂаТЯдЪОМ§ЭЗ
 189   2              }
 190   1      }
 191          
 192          
 193          /***********************************************************|
 194          | УћГЦ  :| жИЯђМ§ЭЗЯТвЦЯдЪО
 195          | ВЮЪ§1 :| u8 arrowPos  -ЕБУцНчУцМ§ЭЗЮЛжУЫїв§
 196          | ВЮЪ§2 :| u8 posMax    -М§ЭЗЮЛжУЫїв§зюДѓжЕ
 197          | ЗЕЛижЕ        :| Юо
 198          /***********************************************************/
 199          void arrow_moveDown(u8 *paPos, u8 posMax)
 200          {
 201   1              if (*paPos != 0)
 202   1              {
 203   2                      if (*paPos < posMax)                    //ШчЙћМ§ЭЗЮЛжУаЁгкзюДѓжЕ
 204   2                      {
 205   3                              (*paPos)++;                                     //М§ЭЗЮЛжУ+1
 206   3                      }
 207   2                      else                                                    //ЕБМ§ЭЗЮЛжУ-ЕНаЁгк1ЪБ
 208   2                      {
 209   3                              *paPos = 1;                                     //НЋМ§ЭЗЮЛжУжЕжУЮЊ1
 210   3                      }
 211   2                                      
 212   2                      menu_page(*paPos);                              //ИФБфВЫЕЅвГТы(етСНОфБиаыдкЯТСНОфЧАУцЃЌЗёдђЗ­вГКѓМ§ЭЗВЛЯдЪО)
 213   2                      refresh_menuDown(*paPos);               //ЫЂаТВЫЕЅЯТЗ­вГЯдЪО
 214   2      
 215   2                      clear_arrow();                                  //ЧхГ§АДМќЩЯДЮЖЏзїЯдЪОЕФМ§ЭЗ            
 216   2                      arrow_position(*paPos);                 //ЫЂаТЯдЪОМ§ЭЗ
 217   2              }
 218   1      }
 219          
 220          
 221          /***********************************************************|
 222          | УћГЦ  :| ЩЯАДМќЕЅЛїГЬађ
 223          | ВЮЪ§  :| Юо
 224          | ЗЕЛижЕ        :| Юо
 225          /***********************************************************/
 226          void up_key()
 227          {
 228   1              if (mLayer != 0)                                                //ВЫЕЅВуВЛЮЊ0ЃЌМДдкЩшжУзДЬЌ
 229   1              {
 230   2                      if (mLayer == 1)                                                        //ШчЙћВЫЕЅВуЮЊ1ЪБ
 231   2                      {
 232   3                              arrow_moveUp(&arrowPos1, 8);                    //жДаавЛМЖВЫЕЅЕФЕФМ§ЭЗЩЯвЦбЁдё
 233   3                      }
 234   2                      else if (mLayer == 2)                                           //ШчЙћВЫЕЅВуЮЊ2ЪБ
 235   2                      {
 236   3                              switch (arrowPos1)                                              //ИљОнвЛМЖВЫЕЅЕФМ§ЭЗЮЛжУЃЌбЁдёЯТУцЖдгІЕФЖўМЖВЫЕЅЩЯвЦ
 237   3                              {
 238   4                                      case 1: arrow_moveUp(&arrowPos11, 8); break;            //згЯю1ЯТвЦбЁдё
 239   4                                      case 2: arrow_moveUp(&arrowPos12, 8); break;            //згЯю2ЯТвЦбЁдё
C51 COMPILER V9.59.0.0   MENU                                                              02/10/2021 18:05:44 PAGE 5   

 240   4                                      case 3: arrow_moveUp(&arrowPos13, 8); break;            //згЯю3ЯТвЦбЁдё
 241   4                                      case 4: arrow_moveUp(&arrowPos14, 8); break;            //згЯю4ЯТвЦбЁдё
 242   4                                      case 5: arrow_moveUp(&arrowPos15, 8); break;            //згЯю5ЯТвЦбЁдё
 243   4                                      case 6: arrow_moveUp(&arrowPos16, 8); break;            //згЯю6ЯТвЦбЁдё
 244   4                                      case 7: arrow_moveUp(&arrowPos17, 8); break;            //згЯю7ЯТвЦбЁдё
 245   4                                      case 8: arrow_moveUp(&arrowPos18, 8); break;            //згЯю8ЯТвЦбЁдё
 246   4                                      default: break;
 247   4                              }
 248   3                      }
 249   2                      else if (mLayer == 3)
 250   2                      {
 251   3                              add_dat();                                                              //ВЫЕЅВуЮЊ3ЪБЃЌОЭдкЩшжУЯюРяЕндіЪ§Он
 252   3                      }
 253   2              }
 254   1      }
 255          
 256          
 257          /***********************************************************|
 258          | УћГЦ  :| ЩЯАДМќГжајАДЯТГЬађ
 259          | ВЮЪ§  :| Юо
 260          | ЗЕЛижЕ        :| Юо
 261          /***********************************************************/
 262          void up_keyHold()
 263          {
 264   1              if (mLayer == 3)
 265   1              {
 266   2                      add_dat();
 267   2              }
 268   1      }
 269          
 270          
 271          /***********************************************************|
 272          | УћГЦ  :| ЯТАДМќЕЅЛїГЬађ
 273          | ВЮЪ§  :| Юо
 274          | ЗЕЛижЕ        :| Юо
 275          /***********************************************************/
 276          void down_key()
 277          {
 278   1              if (mLayer != 0)                                                //ВЫЕЅВуВЛЮЊ0ЃЌМДдкЩшжУзДЬЌ
 279   1              {
 280   2                      if (mLayer == 1)                                                        //ШчЙћВЫЕЅВуЮЊ1ЪБ
 281   2                      {
 282   3                              arrow_moveDown(&arrowPos1, 8);                  //жДаавЛМЖВЫЕЅЕФЕФМ§ЭЗЯТвЦбЁдё
 283   3                      }
 284   2                      else if (mLayer == 2)                                           //ШчЙћВЫЕЅВуЮЊ2ЪБ
 285   2                      {
 286   3                              switch (arrowPos1)                                                              //ИљОнвЛМЖВЫЕЅЕФМ§ЭЗЮЛжУЃЌбЁдёЯТУцЖдгІЕФЖўМЖВЫЕЅЯТвЦ
 287   3                              {
 288   4                                      case 1: arrow_moveDown(&arrowPos11, 8); break;          //згЯю1ЯТвЦбЁдё
 289   4                                      case 2: arrow_moveDown(&arrowPos12, 8); break;          //згЯю2ЯТвЦбЁдё
 290   4                                      case 3: arrow_moveDown(&arrowPos13, 8); break;          //згЯю3ЯТвЦбЁдё
 291   4                                      case 4: arrow_moveDown(&arrowPos14, 8); break;          //згЯю4ЯТвЦбЁдё
 292   4                                      case 5: arrow_moveDown(&arrowPos15, 8); break;          //згЯю5ЯТвЦбЁдё
 293   4                                      case 6: arrow_moveDown(&arrowPos16, 8); break;          //згЯю6ЯТвЦбЁдё
 294   4                                      case 7: arrow_moveDown(&arrowPos17, 8); break;          //згЯю7ЯТвЦбЁдё
 295   4                                      case 8: arrow_moveDown(&arrowPos18, 8); break;          //згЯю8ЯТвЦбЁдё
 296   4                                      default: break;
 297   4                              }
 298   3                      }
 299   2                      else if (mLayer == 3)
 300   2                      {
 301   3                              sub_dat();
C51 COMPILER V9.59.0.0   MENU                                                              02/10/2021 18:05:44 PAGE 6   

 302   3                      }
 303   2              }
 304   1      }
 305          
 306          
 307          /***********************************************************|
 308          | УћГЦ  :| ЯТАДМќГжајАДЯТГЬађ
 309          | ВЮЪ§  :| Юо
 310          | ЗЕЛижЕ        :| Юо
 311          /***********************************************************/
 312          void down_keyHold()
 313          {
 314   1              if (mLayer == 3)
 315   1              {
 316   2                      sub_dat();
 317   2              }
 318   1      }
 319          
 320          
 321          /***********************************************************|
 322          | УћГЦ  :| НјШывЛМЖВЫЕЅ
 323          | ВЮЪ§  :| Юо
 324          | ЗЕЛижЕ        :| Юо
 325          /***********************************************************/
 326          void enter_menu1()
 327          {       
 328   1              lcd12864_clear_str(0, 1, 8);                            //ЧхГ§ЕкЖўаазжЗћ
 329   1              lcd12864_clear_str(0, 2, 8);                            //ЧхГ§ЕкШ§аазжЗћ
 330   1              lcd12864_clear_str(0, 3, 8);                            //ЧхГ§ЕкЫФаазжЗћ
 331   1              lcd12864_clear_area(0, 0, 128, 16, 1);          //ЗДАзЕквЛааЯдЪОЧјгђ
 332   1              lcd12864_show_str(1, 0, "- вЛМЖВЫЕЅ -");                //ЯдЪОЕквЛааФкШн
 333   1              
 334   1              if (mLayer == 1)                                                        //ШчЙћжЎЧАЪЧдквЛМЖВЫЕЅВу
 335   1              {               
 336   2                      page = 1;                                                               //дђЩшжУвЛМЖВЫЕЅвГТы1
 337   2              }       
 338   1              menu1();                                                                        //ЯдЪОвЛМЖВЫЕЅ
 339   1      }
 340          
 341          
 342          /***********************************************************|
 343          | УћГЦ  :| ENTERМќГЄАДНјШыЩшжУ
 344          | ВЮЪ§  :| Юо
 345          | ЗЕЛижЕ        :| Юо
 346          /***********************************************************/
 347          void enter_set()
 348          {
 349   1              if (mLayer == 0)
 350   1              {
 351   2                      lcd12864_clear_area(1, 0, 96, 32, 0);           //ЧхГ§ЦСФЛЩЯАыЦСЕФ96*32ЭМаЮЧјгђ
 352   2                      mLayer = 1;                                                                     //жУвЛМЖВЫЕЅВу
 353   2                      enter_menu1();                                                          //НјШывЛМЖВЫЕЅНчУц
 354   2                      arrowPos1 = 1;                                                          //ЩшжУвЛМЖВЫЕЅМ§ЭЗЮЛжУЮЊЦСФЛЕкЖўаа
 355   2                      arrow_position(arrowPos1);                                      //дкЦСФЛЕкЖўаазѓБпЯдЪОМ§ЭЗ
 356   2              }
 357   1              else
 358   1              {
 359   2                      mLayer = 0;
 360   2                      lcd12864_write_cmd(0x0C);                                       //ЙиБеЙтБъЯдЪО
 361   2                      lcd12864_write_cmd(0x01);                                       //ЧхСузжЗћЯдЪО
 362   2                      lcd12864_clear_area(6, 2, 32, 16, 0);           //ЧхГ§2ИіККзжЗДАзЧјгђ
 363   2                      lcd12864_clear_area(6, 3, 32, 16, 0);           //ЧхГ§2ИіККзжЗДАзЧјгђ
C51 COMPILER V9.59.0.0   MENU                                                              02/10/2021 18:05:44 PAGE 7   

 364   2                      lcd12864_clear_area(0, 0, 128, 16, 0);          //ЧхГ§ЕквЛааЗДАзЯдЪОЧјгђЮЊе§ГЃЯдЪО
 365   2                      StartScreen();
 366   2                      flag_keyAc = 0;                                                         //ШЮвтАДМќЖЏзїБъжОЮЛЧхСу
 367   2                      //етРявдКѓЛЙгавЛааБЃДцЩшжУЕФгяОф
 368   2              }
 369   1                              
 370   1      }
 371          
 372          
 373          /***********************************************************|
 374          | УћГЦ  :| ESCМќГЄАДЭЫГіЩшжУ
 375          | ВЮЪ§  :| Юо
 376          | ЗЕЛижЕ        :| Юо
 377          /***********************************************************/
 378          void exit_set()
 379          {
 380   1              mLayer = 0;                                                                     //ЭЫГіВЫЕЅ
 381   1              lcd12864_write_cmd(0x0C);                                       //ЙиБеЙтБъЯдЪО
 382   1              lcd12864_write_cmd(0x01);                                       //ЧхСузжЗћЯдЪО
 383   1              lcd12864_clear_area(0, 0, 128, 16, 0);          //ЧхГ§ЕквЛааЗДАзЯдЪОЧјгђЮЊе§ГЃЯдЪО
 384   1              lcd12864_clear_area(6, 2, 32, 16, 0);           //ЧхГ§2ИіККзжЗДАзЧјгђ
 385   1              lcd12864_clear_area(6, 3, 32, 16, 0);           //ЧхГ§2ИіККзжЗДАзЧјгђ
 386   1              StartScreen();
 387   1              flag_keyAc = 0;                                                         //ШЮвтАДМќЖЏзїБъжОЮЛЧхСу
 388   1      }
 389          
 390          
 391          /***********************************************************|
 392          | УћГЦ  :| ESCМќЕЅЛїЗЕЛиЩЯМЖВЫЕЅ
 393          | ВЮЪ§  :| Юо
 394          | ЗЕЛижЕ        :| Юо
 395          /***********************************************************/
 396          void return_menu()
 397          {
 398   1              if (mLayer == 2)
 399   1              {
 400   2                      menu_page(arrowPos1);
 401   2                      enter_menu1();                                                          //гыНјШывЛМЖВЫЕЅвЛбљДІРэ
 402   2                      arrow_position(arrowPos1);                                      //дкЦСФЛЕкЖўаазѓБпЯдЪОМ§ЭЗ
 403   2                      mLayer = 1;                                                                     //жУвЛМЖВЫЕЅВу
 404   2              }
 405   1              else if (mLayer == 3)
 406   1              {
 407   2                      lcd12864_write_cmd(0x0C);                                       //ЙиБеЙтБъЯдЪО
 408   2                      lcd12864_clear_area(6, 2, 32, 16, 0);           //ЧхГ§2ИіККзжЗДАзЧјгђ
 409   2                      lcd12864_clear_area(6, 3, 32, 16, 0);           //ЧхГ§2ИіККзжЗДАзЧјгђ
 410   2                      clear_areaStr();                                                        //ЧхГ§ЦСФЛ2-4аазжЗћ
 411   2                      menu2();
 412   2              }
 413   1      }


MODULE INFORMATION:   STATIC OVERLAYABLE
   CODE SIZE        =   1190    ----
   CONSTANT SIZE    =     80    ----
   XDATA SIZE       =   ----    ----
   PDATA SIZE       =   ----    ----
   DATA SIZE        =      3       8
   IDATA SIZE       =   ----    ----
   BIT SIZE         =      1    ----
END OF MODULE INFORMATION.


C51 COMPILATION COMPLETE.  0 WARNING(S),  0 ERROR(S)
