C51 COMPILER V9.59.0.0   PUBLIC                                                            02/10/2021 18:05:43 PAGE 1   


C51 COMPILER V9.59.0.0, COMPILATION OF MODULE PUBLIC
OBJECT MODULE PLACED IN .\Objects\public.obj
COMPILER INVOKED BY: C:\Keil_v5\C51\BIN\C51.EXE public.c OPTIMIZE(8,SPEED) BROWSE DEBUG OBJECTEXTEND PRINT(.\Listings\pu
                    -blic.lst) OBJECT(.\Objects\public.obj)

line level    source

   1          /*
   2                                          *** ЙЋЙВВПЗж_cЮФМў ***
   3          | ЪЪХфгВМў:| HL-1ПЊЗЂАх
   4          ===========================================================*/
   5          
   6          #include "public.h"
   7          
   8          /***********************************************************|
   9          | УћГЦ  :| бгЪБ100us
  10          | ОЇеё  :| 11.0592MHz
  11          | ВЮЪ§  :| Юо
  12          | ЗЕЛижЕ        :| Юо
  13          /***********************************************************/
  14          void delay100us()               //@11.0592MHz
  15          {
  16   1              u8 i;
  17   1      
  18   1              _nop_();
  19   1              i = 43;
  20   1              while (--i);
  21   1      }
  22          
  23          
  24          /***********************************************************|
  25          | УћГЦ  :| бгЪБ5ms
  26          | ОЇеё  :| 11.0592MHz
  27          | ВЮЪ§  :| Юо
  28          | ЗЕЛижЕ        :| Юо
  29          /***********************************************************/
  30          void delay5ms()         //@11.0592MHz
  31          {
  32   1              u8 i, j;
  33   1      
  34   1              i = 9;
  35   1              j = 244;
  36   1              do
  37   1              {
  38   2                      while (--j);
  39   2              } while (--i);
  40   1      }


MODULE INFORMATION:   STATIC OVERLAYABLE
   CODE SIZE        =     15    ----
   CONSTANT SIZE    =   ----    ----
   XDATA SIZE       =   ----    ----
   PDATA SIZE       =   ----    ----
   DATA SIZE        =   ----    ----
   IDATA SIZE       =   ----    ----
   BIT SIZE         =   ----    ----
END OF MODULE INFORMATION.


C51 COMPILATION COMPLETE.  0 WARNING(S),  0 ERROR(S)
