C51 COMPILER V9.54   MENU                                                                  04/10/2026 09:42:07 PAGE 1   


C51 COMPILER V9.54, COMPILATION OF MODULE MENU
OBJECT MODULE PLACED IN .\Objects\menu.obj
COMPILER INVOKED BY: C:\Keil_v5\C51\BIN\C51.EXE menu.c OPTIMIZE(8,SPEED) BROWSE DEBUG OBJECTEXTEND PRINT(.\Listings\menu
                    -.lst) OBJECT(.\Objects\menu.obj)

line level    source

   1          #include "public.h"
   2          
   3          
   4          unsigned char mLayer = 1;
   5          unsigned char option = 1;
   6          unsigned char i;
   7          
   8          void show_menu();
   9          void menu1();
  10          void arrow_position(unsigned char arrowPos);
  11          unsigned char pagenum();
  12          void clear_arrow();
  13          
  14          /**********************************************************|
  15          | 描述  :| 菜单显示
  16          | 参数  :| 无
  17          | 返回值        :| 无
  18          /***********************************************************/
  19          void show_menu()
  20          {
  21   1              if (mLayer == 1)                                                                //当菜单层变量为1时
  22   1              {
  23   2                      menu1();                        //刷新显示一级菜单
  24   2                      
  25   2              }
  26   1      }       
  27          
  28          
  29          void menu1()
  30          {
  31   1      
  32   1              LCD12864_Show_String(1,0,"植物大战僵尸");
  33   1              LCD12864_Show_String(2,2, "游戏简介");                          //显示第二行内容
  34   1              LCD12864_Show_String(2,3, "开始游戏");                          //显示第三行内容
  35   1              arrow_position(1);
  36   1      }
  37          
  38          /***********************************************************|
  39          | 名称  :| 显示箭头位置
  40          | 参数  :| u8 arrowPos  -要显示页面指向箭头位置
  41          | 返回值        :| 无
  42          /***********************************************************/
  43          void arrow_position(unsigned char arrowPos)
  44          {                       
  45   1              if (arrowPos==1)        
  46   1              {
  47   2                      clear_arrow();
  48   2                      LCD12864_Set_Location(1, 2);                                                                            //设置地址在第二行第一个字符处
  49   2              }
  50   1              else if (arrowPos==2)   
  51   1              {
  52   2                      clear_arrow();
  53   2                      LCD12864_Set_Location(1, 3);                                                                            //设置地址在第三行第一个字符处
  54   2              }
C51 COMPILER V9.54   MENU                                                                  04/10/2026 09:42:07 PAGE 2   

  55   1              LCD12864_Write_Data(' ');                                                                                       //左半角英文字符位显示空格
  56   1              LCD12864_Write_Data(0x10);                                                                                      //右半角英文字符位显示左箭头
  57   1      }
  58          
  59          /***********************************************************|
  60          | 名称  :| 清除箭头显示
  61          | 参数  :| 无
  62          | 返回值        :| 无
  63          /***********************************************************/
  64          void clear_arrow()
  65          {
  66   1              LCD12864_Show_String(1, 2, "  ");                                       //清除屏幕第二行最左边箭头显示区域
  67   1              LCD12864_Show_String(1, 3, "  ");                                       //清除屏幕第三行最左边箭头显示区域
  68   1      }
  69          
  70          


MODULE INFORMATION:   STATIC OVERLAYABLE
   CODE SIZE        =    118    ----
   CONSTANT SIZE    =     34    ----
   XDATA SIZE       =   ----    ----
   PDATA SIZE       =   ----    ----
   DATA SIZE        =      3       1
   IDATA SIZE       =   ----    ----
   BIT SIZE         =   ----    ----
END OF MODULE INFORMATION.


C51 COMPILATION COMPLETE.  0 WARNING(S),  0 ERROR(S)
